2023-06-04 16:36:34,600 [INFO] Activator:176 - 


2023-06-04 16:36:34,615 [INFO] Activator:177 - !SESSION log4j initialized
2023-06-04 16:36:39,178 [INFO] LogOutputStream:77 - [STDOUT_REDIRECT] 
2023-06-04 16:37:02,363 [ERROR] LogOutputStream:75 - [STDERR_REDIRECT] SLF4J: Failed to load class "org.slf4j.impl.StaticLoggerBinder".
2023-06-04 16:37:02,363 [ERROR] LogOutputStream:75 - [STDERR_REDIRECT] SLF4J: Defaulting to no-operation (NOP) logger implementation
2023-06-04 16:37:02,363 [ERROR] LogOutputStream:75 - [STDERR_REDIRECT] SLF4J: See http://www.slf4j.org/codes.html#StaticLoggerBinder for further details.
2023-06-04 19:26:38,199 [INFO] ApplicationProperties:184 - Using Application install path: C:\ST\STM32CubeIDE_1.12.1\STM32CubeIDE\plugins\com.st.stm32cube.common.mx_6.8.1.202304191431
2023-06-04 19:26:38,217 [INFO] DbMcusXml:78 - Set database path to: C:\ST\STM32CubeIDE_1.12.1\STM32CubeIDE\plugins\com.st.stm32cube.common.mx_6.8.1.202304191431\\db\/mcu/
2023-06-04 19:26:38,217 [INFO] ApiDb:274 - Set plugin database path to: C:\ST\STM32CubeIDE_1.12.1\STM32CubeIDE\plugins\com.st.stm32cube.common.mx_6.8.1.202304191431\\db\/plugins/boardmanager/
2023-06-04 19:26:38,219 [WARN] ApiDb:259 - Overriding images path with different value:  => C:\ST\STM32CubeIDE_1.12.1\STM32CubeIDE\plugins\com.st.stm32cube.common.mx_6.8.1.202304191431\\db\/plugins/mcufinder/images/
2023-06-04 19:26:38,231 [INFO] ApiDb:250 - Set database path to: C:\Users\tanda\.stmcufinder\plugins\mcufinder//mcu/
2023-06-04 19:26:38,232 [INFO] DbMcusAds:125 - Set database path to: C:\Users\tanda\.stmcufinder\plugins\mcufinder//mcu/
2023-06-04 19:26:39,083 [INFO] CrossReferenceDbSqlite:203 - Set database path to: C:\Users\tanda\.stmcufinder\plugins\mcufinder//mcu/cs/
2023-06-04 19:26:39,171 [INFO] RulesReader:64 - Compatibility file has been processed (293 Rules)
2023-06-04 19:26:39,228 [INFO] DbMcusXml:78 - Set database path to: C:\ST\STM32CubeIDE_1.12.1\STM32CubeIDE\plugins\com.st.stm32cube.common.mx_6.8.1.202304191431\\db\/mcu/
2023-06-04 19:26:39,228 [INFO] ApiDb:274 - Set plugin database path to: C:\ST\STM32CubeIDE_1.12.1\STM32CubeIDE\plugins\com.st.stm32cube.common.mx_6.8.1.202304191431\\db\/plugins/boardmanager/
2023-06-04 19:26:39,228 [INFO] ApiDb:261 - Set plugin images path to: C:\ST\STM32CubeIDE_1.12.1\STM32CubeIDE\plugins\com.st.stm32cube.common.mx_6.8.1.202304191431\\db\/plugins/mcufinder/images/
2023-06-04 19:26:39,228 [WARN] DbFile:41 - Overriding database path with different value: C:\Users\tanda\.stmcufinder\plugins\mcufinder/ => C:\Users\tanda\.stmcufinder\plugins\mcufinder
2023-06-04 19:26:39,228 [INFO] ApiDb:250 - Set database path to: C:\Users\tanda\.stmcufinder\plugins\mcufinder//mcu/
2023-06-04 19:26:39,228 [WARN] DbFile:41 - Overriding database path with different value: C:\Users\tanda\.stmcufinder\plugins\mcufinder/ => C:\Users\tanda\.stmcufinder\plugins\mcufinder
2023-06-04 19:26:39,228 [INFO] DbMcusAds:125 - Set database path to: C:\Users\tanda\.stmcufinder\plugins\mcufinder//mcu/
2023-06-04 19:26:39,228 [WARN] DbFile:41 - Overriding database path with different value: C:\Users\tanda\.stmcufinder\plugins\mcufinder/ => C:\Users\tanda\.stmcufinder\plugins\mcufinder
2023-06-04 19:26:39,228 [WARN] DbFile:41 - Overriding database path with different value: C:\Users\tanda\.stmcufinder\plugins\mcufinder/ => C:\Users\tanda\.stmcufinder\plugins\mcufinder
2023-06-04 19:26:40,086 [INFO] CrossReferenceDbSqlite:203 - Set database path to: C:\Users\tanda\.stmcufinder\plugins\mcufinder//mcu/cs/
2023-06-04 19:26:40,142 [INFO] MainPanel:253 - HeapMemory: 485490688
2023-06-04 19:26:40,224 [INFO] DbMcusXml:78 - Set database path to: C:\ST\STM32CubeIDE_1.12.1\STM32CubeIDE\plugins\com.st.stm32cube.common.mx_6.8.1.202304191431\\db\/mcu/
2023-06-04 19:26:40,224 [INFO] ApiDb:274 - Set plugin database path to: C:\ST\STM32CubeIDE_1.12.1\STM32CubeIDE\plugins\com.st.stm32cube.common.mx_6.8.1.202304191431\\db\/plugins/boardmanager/
2023-06-04 19:26:40,224 [INFO] ApiDb:261 - Set plugin images path to: C:\ST\STM32CubeIDE_1.12.1\STM32CubeIDE\plugins\com.st.stm32cube.common.mx_6.8.1.202304191431\\db\/plugins/mcufinder/images/
2023-06-04 19:26:40,225 [WARN] DbFile:41 - Overriding database path with different value: C:\Users\tanda\.stmcufinder\plugins\mcufinder/ => C:\Users\tanda\.stmcufinder\plugins\mcufinder
2023-06-04 19:26:40,225 [INFO] ApiDb:250 - Set database path to: C:\Users\tanda\.stmcufinder\plugins\mcufinder//mcu/
2023-06-04 19:26:40,225 [WARN] DbFile:41 - Overriding database path with different value: C:\Users\tanda\.stmcufinder\plugins\mcufinder/ => C:\Users\tanda\.stmcufinder\plugins\mcufinder
2023-06-04 19:26:40,225 [INFO] DbMcusAds:125 - Set database path to: C:\Users\tanda\.stmcufinder\plugins\mcufinder//mcu/
2023-06-04 19:26:40,225 [WARN] DbFile:41 - Overriding database path with different value: C:\Users\tanda\.stmcufinder\plugins\mcufinder/ => C:\Users\tanda\.stmcufinder\plugins\mcufinder
2023-06-04 19:26:40,225 [WARN] DbFile:41 - Overriding database path with different value: C:\Users\tanda\.stmcufinder\plugins\mcufinder/ => C:\Users\tanda\.stmcufinder\plugins\mcufinder
2023-06-04 19:26:41,086 [INFO] CrossReferenceDbSqlite:203 - Set database path to: C:\Users\tanda\.stmcufinder\plugins\mcufinder//mcu/cs/
2023-06-04 19:26:41,105 [INFO] ApplicationProperties:184 - Using Application install path: C:\ST\STM32CubeIDE_1.12.1\STM32CubeIDE\plugins\com.st.stm32cube.common.mx_6.8.1.202304191431
2023-06-04 19:26:41,106 [INFO] PluginManage:196 - Search for loadable plugins [exclusion list=, ]
2023-06-04 19:26:41,108 [INFO] PluginManage:310 - Check plugin analytics
2023-06-04 19:26:42,132 [INFO] AnalyticsPlugin:253 - Accepted Software Licenses: STM32CubeMX.6.8.1
2023-06-04 19:26:42,132 [INFO] AnalyticsPlugin:255 - Accepted CMSIS Pack Licenses: 
2023-06-04 19:26:42,132 [INFO] AnalyticsPlugin:257 - Accepted Firmware Licenses: FW.F4.1.27.0
2023-06-04 19:26:42,135 [INFO] PluginManage:359 - Loaded plugin analytics (category:tool,tabindex:-1)
2023-06-04 19:26:42,135 [INFO] PluginManage:310 - Check plugin cadmodel
2023-06-04 19:26:42,145 [INFO] CADModel:105 - Init CAD model plugin
2023-06-04 19:26:42,146 [INFO] PluginManage:359 - Loaded plugin cadmodel (category:power,tabindex:5)
2023-06-04 19:26:42,146 [INFO] PluginManage:310 - Check plugin clock
2023-06-04 19:26:42,160 [INFO] PluginManage:359 - Loaded plugin clock (category:base,tabindex:2)
2023-06-04 19:26:42,161 [INFO] PluginManage:310 - Check plugin ddr
2023-06-04 19:26:42,163 [INFO] PluginManage:359 - Loaded plugin ddr (category:tool,tabindex:6)
2023-06-04 19:26:42,163 [INFO] PluginManage:310 - Check plugin filemanager
2023-06-04 19:26:42,262 [INFO] PluginManage:359 - Loaded plugin filemanager (category:base,tabindex:10)
2023-06-04 19:26:42,262 [INFO] PluginManage:310 - Check plugin ipmanager
2023-06-04 19:26:42,267 [INFO] PluginManage:359 - Loaded plugin ipmanager (category:base,tabindex:5)
2023-06-04 19:26:42,267 [INFO] PluginManage:310 - Check plugin lpbam
2023-06-04 19:26:42,279 [INFO] PluginManage:359 - Loaded plugin lpbam (category:base,tabindex:0)
2023-06-04 19:26:42,279 [INFO] PluginManage:310 - Check plugin pinoutandconfiguration
2023-06-04 19:26:42,291 [INFO] PluginManage:359 - Loaded plugin pinoutandconfiguration (category:base,tabindex:1)
2023-06-04 19:26:42,291 [INFO] PluginManage:310 - Check plugin pinoutconfig
2023-06-04 19:26:42,370 [WARN] SupportedApi:132 - Cannot load RTOS API schema: s4s-elt-must-match.1: The content of 'definitions' must match (annotation?, (simpleType | complexType)?, (unique | key | keyref)*)). A problem was found starting at: attribute.
2023-06-04 19:26:42,490 [INFO] PluginManage:359 - Loaded plugin pinoutconfig (category:base,tabindex:0)
2023-06-04 19:26:42,490 [INFO] PluginManage:310 - Check plugin power
2023-06-04 19:26:42,504 [INFO] PluginManage:359 - Loaded plugin power (category:power,tabindex:4)
2023-06-04 19:26:42,504 [INFO] PluginManage:310 - Check plugin projectmanager
2023-06-04 19:26:42,516 [INFO] PluginManage:359 - Loaded plugin projectmanager (category:projectmanager,tabindex:3)
2023-06-04 19:26:42,516 [INFO] PluginManage:310 - Check plugin thirdparty
2023-06-04 19:26:42,665 [INFO] PluginManage:359 - Loaded plugin thirdparty (category:base,tabindex:-1)
2023-06-04 19:26:42,665 [WARN] IntegrityCheckThread:84 - waiting for thirdparty lock release [integrity check]
2023-06-04 19:26:42,665 [INFO] PluginManage:310 - Check plugin tools
2023-06-04 19:26:42,665 [INFO] IntegrityCheckThread:86 - entering critical section [integrity check]
2023-06-04 19:26:42,666 [INFO] ThirdPartyUpdaterWithRetryManager:70 - Updater plugin not ready yet. [1/15]
2023-06-04 19:26:42,683 [INFO] PluginManage:359 - Loaded plugin tools (category:base,tabindex:7)
2023-06-04 19:26:42,683 [INFO] PluginManage:310 - Check plugin tutovideos
2023-06-04 19:26:42,851 [INFO] PluginManage:359 - Loaded plugin tutovideos (category:base,tabindex:-1)
2023-06-04 19:26:42,851 [INFO] PluginManage:310 - Check plugin updater
2023-06-04 19:26:42,863 [INFO] PluginManage:359 - Loaded plugin updater (category:base,tabindex:12)
2023-06-04 19:26:42,863 [INFO] PluginManage:283 - PluginManage : Loaded plugins [15]
2023-06-04 19:26:43,055 [INFO] PinOutPanel:1499 - setPackage(No Configuration,No Configuration)
2023-06-04 19:26:43,102 [INFO] CADModel:165 - CPN selected for project level
2023-06-04 19:26:43,102 [INFO] CADModel:114 - Register for checkConnection events
2023-06-04 19:26:43,123 [INFO] IPUIPlugin:80 - create IPUIPlugin
2023-06-04 19:26:43,124 [INFO] PluginManager:220 - loadIPPluginJar : add adc
2023-06-04 19:26:43,144 [INFO] IPUIPlugin:80 - create IPUIPlugin
2023-06-04 19:26:43,144 [INFO] PluginManager:220 - loadIPPluginJar : add aes
2023-06-04 19:26:43,168 [INFO] IPUIPlugin:80 - create IPUIPlugin
2023-06-04 19:26:43,168 [INFO] PluginManager:220 - loadIPPluginJar : add can
2023-06-04 19:26:43,183 [INFO] IPUIPlugin:80 - create IPUIPlugin
2023-06-04 19:26:43,183 [INFO] PluginManager:220 - loadIPPluginJar : add comp
2023-06-04 19:26:43,205 [INFO] IPUIPlugin:80 - create IPUIPlugin
2023-06-04 19:26:43,205 [INFO] PluginManager:220 - loadIPPluginJar : add cryp
2023-06-04 19:26:43,222 [INFO] IPUIPlugin:80 - create IPUIPlugin
2023-06-04 19:26:43,223 [INFO] PluginManager:220 - loadIPPluginJar : add dfsdm
2023-06-04 19:26:43,234 [INFO] IPUIPlugin:80 - create IPUIPlugin
2023-06-04 19:26:43,234 [INFO] PluginManager:220 - loadIPPluginJar : add dma
2023-06-04 19:26:43,260 [INFO] IPUIPlugin:80 - create IPUIPlugin
2023-06-04 19:26:43,260 [INFO] PluginManager:220 - loadIPPluginJar : add dma3
2023-06-04 19:26:43,272 [INFO] IPUIPlugin:80 - create IPUIPlugin
2023-06-04 19:26:43,272 [INFO] PluginManager:220 - loadIPPluginJar : add fatfs
2023-06-04 19:26:43,302 [INFO] IPUIPlugin:80 - create IPUIPlugin
2023-06-04 19:26:43,302 [INFO] PluginManager:220 - loadIPPluginJar : add fmc
2023-06-04 19:26:43,314 [INFO] IPUIPlugin:80 - create IPUIPlugin
2023-06-04 19:26:43,314 [INFO] PluginManager:220 - loadIPPluginJar : add freertos
2023-06-04 19:26:43,327 [INFO] IPUIPlugin:80 - create IPUIPlugin
2023-06-04 19:26:43,327 [INFO] PluginManager:220 - loadIPPluginJar : add genericplugin
2023-06-04 19:26:43,379 [INFO] IPUIPlugin:80 - create IPUIPlugin
2023-06-04 19:26:43,379 [INFO] PluginManager:220 - loadIPPluginJar : add gfxmmu
2023-06-04 19:26:43,449 [INFO] IPUIPlugin:80 - create IPUIPlugin
2023-06-04 19:26:43,449 [INFO] PluginManager:220 - loadIPPluginJar : add gic
2023-06-04 19:26:43,458 [INFO] IPUIPlugin:80 - create IPUIPlugin
2023-06-04 19:26:43,458 [INFO] PluginManager:220 - loadIPPluginJar : add gpio
2023-06-04 19:26:43,508 [INFO] IPUIPlugin:80 - create IPUIPlugin
2023-06-04 19:26:43,509 [INFO] PluginManager:220 - loadIPPluginJar : add gtzc
2023-06-04 19:26:43,527 [INFO] IPUIPlugin:80 - create IPUIPlugin
2023-06-04 19:26:43,527 [INFO] PluginManager:220 - loadIPPluginJar : add hash
2023-06-04 19:26:43,554 [INFO] IPUIPlugin:80 - create IPUIPlugin
2023-06-04 19:26:43,554 [INFO] PluginManager:220 - loadIPPluginJar : add i2c
2023-06-04 19:26:43,576 [INFO] IPUIPlugin:80 - create IPUIPlugin
2023-06-04 19:26:43,576 [INFO] PluginManager:220 - loadIPPluginJar : add i2s
2023-06-04 19:26:43,599 [INFO] IPUIPlugin:80 - create IPUIPlugin
2023-06-04 19:26:43,599 [INFO] PluginManager:220 - loadIPPluginJar : add i3c
2023-06-04 19:26:43,660 [INFO] IPUIPlugin:80 - create IPUIPlugin
2023-06-04 19:26:43,660 [INFO] PluginManager:220 - loadIPPluginJar : add ipddr
2023-06-04 19:26:43,717 [INFO] IPUIPlugin:80 - create IPUIPlugin
2023-06-04 19:26:43,717 [INFO] PluginManager:220 - loadIPPluginJar : add linkedlist
2023-06-04 19:26:43,737 [INFO] IPUIPlugin:80 - create IPUIPlugin
2023-06-04 19:26:43,737 [INFO] PluginManager:220 - loadIPPluginJar : add lorawan
2023-06-04 19:26:43,758 [INFO] IPUIPlugin:80 - create IPUIPlugin
2023-06-04 19:26:43,758 [INFO] PluginManager:220 - loadIPPluginJar : add ltdc
2023-06-04 19:26:43,768 [INFO] IPUIPlugin:80 - create IPUIPlugin
2023-06-04 19:26:43,768 [INFO] PluginManager:220 - loadIPPluginJar : add mdma
2023-06-04 19:26:43,777 [INFO] IPUIPlugin:80 - create IPUIPlugin
2023-06-04 19:26:43,777 [INFO] PluginManager:220 - loadIPPluginJar : add nvic
2023-06-04 19:26:43,798 [INFO] IPUIPlugin:80 - create IPUIPlugin
2023-06-04 19:26:43,798 [INFO] PluginManager:220 - loadIPPluginJar : add opamp
2023-06-04 19:26:43,830 [INFO] IPUIPlugin:80 - create IPUIPlugin
2023-06-04 19:26:43,831 [INFO] PluginManager:220 - loadIPPluginJar : add openamp
2023-06-04 19:26:43,854 [INFO] IPUIPlugin:80 - create IPUIPlugin
2023-06-04 19:26:43,854 [INFO] PluginManager:220 - loadIPPluginJar : add pdm2pcm
2023-06-04 19:26:43,865 [INFO] IPUIPlugin:80 - create IPUIPlugin
2023-06-04 19:26:43,867 [INFO] PluginManager:220 - loadIPPluginJar : add plateformsettings
2023-06-04 19:26:43,880 [INFO] IPUIPlugin:80 - create IPUIPlugin
2023-06-04 19:26:43,880 [INFO] PluginManager:220 - loadIPPluginJar : add quadspi
2023-06-04 19:26:43,889 [INFO] IPUIPlugin:80 - create IPUIPlugin
2023-06-04 19:26:43,889 [INFO] PluginManager:220 - loadIPPluginJar : add resmgrutility
2023-06-04 19:26:43,917 [INFO] IPUIPlugin:80 - create IPUIPlugin
2023-06-04 19:26:43,918 [INFO] PluginManager:220 - loadIPPluginJar : add sai
2023-06-04 19:26:43,938 [INFO] IPUIPlugin:80 - create IPUIPlugin
2023-06-04 19:26:43,938 [INFO] PluginManager:220 - loadIPPluginJar : add spi
2023-06-04 19:26:43,972 [INFO] IPUIPlugin:80 - create IPUIPlugin
2023-06-04 19:26:43,972 [INFO] PluginManager:220 - loadIPPluginJar : add stm32_wpan
2023-06-04 19:26:43,985 [INFO] IPUIPlugin:80 - create IPUIPlugin
2023-06-04 19:26:43,985 [INFO] PluginManager:220 - loadIPPluginJar : add tim
2023-06-04 19:26:44,017 [INFO] IPUIPlugin:80 - create IPUIPlugin
2023-06-04 19:26:44,017 [INFO] PluginManager:220 - loadIPPluginJar : add touchsensing
2023-06-04 19:26:44,030 [INFO] IPUIPlugin:80 - create IPUIPlugin
2023-06-04 19:26:44,030 [INFO] PluginManager:220 - loadIPPluginJar : add tracer_emb
2023-06-04 19:26:44,044 [INFO] IPUIPlugin:80 - create IPUIPlugin
2023-06-04 19:26:44,044 [INFO] PluginManager:220 - loadIPPluginJar : add ts
2023-06-04 19:26:44,057 [INFO] IPUIPlugin:80 - create IPUIPlugin
2023-06-04 19:26:44,057 [INFO] PluginManager:220 - loadIPPluginJar : add tsc
2023-06-04 19:26:44,070 [INFO] IPUIPlugin:80 - create IPUIPlugin
2023-06-04 19:26:44,070 [INFO] PluginManager:220 - loadIPPluginJar : add ucpd
2023-06-04 19:26:44,095 [INFO] IPUIPlugin:80 - create IPUIPlugin
2023-06-04 19:26:44,095 [INFO] PluginManager:220 - loadIPPluginJar : add usart
2023-06-04 19:26:44,119 [INFO] IPUIPlugin:80 - create IPUIPlugin
2023-06-04 19:26:44,119 [INFO] PluginManager:220 - loadIPPluginJar : add usbx
2023-06-04 19:26:44,230 [INFO] CADModel:165 - CPN selected for project level
2023-06-04 19:26:44,230 [INFO] CADModel:114 - Register for checkConnection events
2023-06-04 19:26:44,230 [FATAL] Updater:308 - Updater called before beeing initialized
2023-06-04 19:26:44,230 [ERROR] CADModel:125 - Updater not yet initialized, retry later 
2023-06-04 19:26:44,355 [INFO] CADModel:165 - CPN selected for project level
2023-06-04 19:26:44,355 [INFO] CADModel:114 - Register for checkConnection events
2023-06-04 19:26:44,355 [FATAL] Updater:308 - Updater called before beeing initialized
2023-06-04 19:26:44,355 [ERROR] CADModel:125 - Updater not yet initialized, retry later 
2023-06-04 19:26:44,358 [FATAL] Updater:308 - Updater called before beeing initialized
2023-06-04 19:26:44,464 [FATAL] Updater:308 - Updater called before beeing initialized
2023-06-04 19:26:44,473 [INFO] DbMcusAds:53 - JSON generation date=Tue Mar 07 15:50:55 ICT 2023 (1678179055335)
2023-06-04 19:26:44,473 [FATAL] Updater:308 - Updater called before beeing initialized
2023-06-04 19:26:44,511 [WARN] DetailPanel:346 - Failed to get advertising image, set to default
2023-06-04 19:26:44,589 [FATAL] Updater:308 - Updater called before beeing initialized
2023-06-04 19:26:44,591 [FATAL] Updater:308 - Updater called before beeing initialized
2023-06-04 19:26:44,591 [FATAL] Updater:308 - Updater called before beeing initialized
2023-06-04 19:26:44,591 [WARN] DetailPanel:346 - Failed to get advertising image, set to default
2023-06-04 19:26:44,592 [FATAL] Updater:308 - Updater called before beeing initialized
2023-06-04 19:26:44,632 [ERROR] Updater:1120 - MainUpdater not yet initialized. External WinMGr cannot be set.
2023-06-04 19:26:44,638 [INFO] Updater:1056 - Updater Version found : 6.8.1
2023-06-04 19:26:44,655 [INFO] ApplicationProperties:184 - Using Application install path: C:\ST\STM32CubeIDE_1.12.1\STM32CubeIDE\plugins\com.st.stm32cube.common.mx_6.8.1.202304191431
2023-06-04 19:26:44,871 [INFO] MainUpdater:2854 - connection check result : 10
2023-06-04 19:26:44,871 [INFO] MainUpdater:283 - Updater Check For Update Now.
2023-06-04 19:26:44,871 [INFO] MicroXplorer:498 - Change Database Version : DB.6.0.81
2023-06-04 19:26:45,029 [INFO] CheckServerUpdateThread:120 - End of CheckServer Thread
2023-06-04 19:26:45,104 [INFO] MainUpdater:2854 - connection check result : 10
2023-06-04 19:26:45,428 [INFO] ApiDb:581 - Connected to CubeFinder SQLite database (C:\Users\tanda\.stmcufinder\plugins\mcufinder\mcu\cube-finder-db.db)
2023-06-04 19:26:45,469 [INFO] ApiDb:668 - CubeFinder database Data Model version=2.1
2023-06-04 19:26:45,470 [INFO] ApiDb:669 - CubeFinder database Configuration version=3.0.35
2023-06-04 19:26:45,470 [INFO] ApiDb:670 - CubeFinder database generation date=2023-05-12 (1683877179)
2023-06-04 19:26:45,470 [INFO] ApiDb:671 - CubeFinder database FW Pack versions=[FP-ATR-ASTRA1_V2.0.0, FP-SNS-FLIGHT1_V5.0.0, FP-SNS-MOTENV1_V4.3.0, STM32Cube_FW_C0_V1.0.1, STM32Cube_FW_F0_V1.11.4, STM32Cube_FW_F3_V1.11.4, STM32Cube_FW_F4_V1.27.1, STM32Cube_FW_F7_V1.17.0, STM32Cube_FW_G0_V1.6.1, STM32Cube_FW_G4_V1.5.1, STM32Cube_FW_H5_V0.5.1, STM32Cube_FW_H5_V1.0.0, STM32Cube_FW_H7_V1.11.0, STM32Cube_FW_L0_V1.12.2, STM32Cube_FW_L5_V1.5.0, STM32Cube_FW_U5_V1.2.0, STM32Cube_FW_WBA_V1.0.0, STM32Cube_FW_WBA_V1.0.0RC1, STM32Cube_FW_WBA_V1.0.0RC3, STM32Cube_FW_WB_V1.15.0RC1, STM32Cube_FW_WB_V1.16.0, STM32Cube_FW_WB_V1.16.0RC2, STM32Cube_FW_WL_V1.3.0, X-CUBE-ALGOBUILD_V1.3.0, X-CUBE-ALS_V1.0.1, X-CUBE-AZRTOS-F4_V1.1.0, X-CUBE-AZRTOS-F7_V1.1.0, X-CUBE-AZRTOS-G0_V1.1.0, X-CUBE-AZRTOS-G4_V2.0.0, X-CUBE-AZRTOS-H7_V3.1.0, X-CUBE-AZRTOS-L4_V1.0.0, X-CUBE-AZRTOS-L5_V1.1.0, X-CUBE-AZRTOS-WB_V1.1.0, X-CUBE-AZRTOS-WL_V1.0.0, X-CUBE-BLE1_V6.2.4, X-CUBE-BLE2_V3.3.0, X-CUBE-BLEMGR_V2.0.0, X-CUBE-EEPRMA1_V4.1.0, X-CUBE-FREERTOS_V1.0.1, X-CUBE-GNSS1_V6.0.0, X-CUBE-MEMS1_V9.1.0, X-CUBE-MEMS1_V9.4.0, X-CUBE-MEMS1_V9.6.0, X-CUBE-NFC4_V3.0.0, X-CUBE-NFC7_V1.0.0, X-CUBE-SFXS2LP1_V4.0.0, X-CUBE-SUBG2_V5.0.0]
2023-06-04 19:26:45,545 [INFO] DbBoardsSqlite:226 - include board P-NUCLEO-WB55-NUCLEO as a kit item of type 'Nucleo-64'
2023-06-04 19:26:45,545 [INFO] DbBoardsSqlite:226 - include board P-NUCLEO-WB55-USBDONGLE as a kit item of type 'Nucleo USB Dongle'
2023-06-04 19:26:45,546 [INFO] DbBoardsSqlite:226 - include board STEVAL-IDP005V1 as a kit item of type 'Evaluation Board'
2023-06-04 19:26:45,546 [INFO] DbBoardsSqlite:226 - include board STEVAL-IDP005V2 as a kit item of type 'Evaluation Board'
2023-06-04 19:26:45,709 [INFO] ApiDb:240 - Found 297 in-development CPN: [B-G473E-ZEST1S, B-WB1M-WPAN1, B-WL5M-SUBG1, NUCLEO-C031C6, NUCLEO-H503RB, NUCLEO-H563ZI, NUCLEO-U545RE-Q, NUCLEO-U5A5ZJ-Q, NUCLEO-WBA52CG, STEVAL-PROTEUS1, STEVAL-STWINBX1, STM320518-EVAL, STM32C0116-DK, STM32C011D6Y3TR, STM32C011D6Y6TR, STM32C011F4P3, STM32C011F4P6, STM32C011F4U3, STM32C011F4U6TR, STM32C011F6P3, STM32C011F6P6, STM32C011F6U3, STM32C011F6U6TR, STM32C011J4M3, STM32C011J4M6, STM32C011J6M3, STM32C011J6M6, STM32C0316-DK, STM32C031C4T3, STM32C031C4T6, STM32C031C4U3, STM32C031C4U6, STM32C031C6T3, STM32C031C6T6, STM32C031C6U3, STM32C031C6U6, STM32C031F4P3, STM32C031F4P6, STM32C031F6P3, STM32C031F6P6, STM32C031G4U3, STM32C031G4U6, STM32C031G6U3, STM32C031G6U6, STM32C031K4T3, STM32C031K4T6, STM32C031K4U3, STM32C031K4U6, STM32C031K6T3, STM32C031K6T6, STM32C031K6U3, STM32C031K6U6, STM32G071K8TXN, STM32G071K8UXN, STM32G081GBU6N, STM32G081KBT6N, STM32G081KBUXN, STM32G0B1CCT6N, STM32G0B1KCT6, STM32G0B1NEY6TR, STM32G0B1RCT6N, STM32G0C1CCT6, STM32G0C1CCT6N, STM32G0C1CCU6N, STM32G0C1CET6N, STM32G0C1CEU6N, STM32G0C1KCT6, STM32G0C1NEY6TR, STM32G0C1RCI6N, STM32G0C1RCT6N, STM32G0C1REI6N, STM32G0C1RET6N, STM32G0C1VCI6, STM32G0C1VEI6, STM32G471CCT6, STM32G471CCU6, STM32G471CET3, STM32G471CET6, STM32G471CEU3, STM32G471CEU6, STM32G471MCT6, STM32G471MET3, STM32G471MET6, STM32G471MEY6TR, STM32G471QCT6, STM32G471QET3, STM32G471RCT6, STM32G471RET3, STM32G471RET6, STM32G471VCH6, STM32G471VCI6, STM32G471VCT6, STM32G471VEH3, STM32G471VEH6, STM32G471VEI3, STM32G471VEI6, STM32G471VET3, STM32G471VET6, STM32G474CCT6, STM32H503CBT6, STM32H503CBU6, STM32H503EBY6TR, STM32H503KBU6, STM32H503RBT6, STM32H562AGI6, STM32H562AII6, STM32H562IGK6, STM32H562IGT6, STM32H562IIK6, STM32H562IIT6, STM32H562RGT6, STM32H562RGV6, STM32H562RIT6, STM32H562RIV6, STM32H562VGT6, STM32H562VIT6, STM32H562ZGT6, STM32H562ZIT6, STM32H563AGI6, STM32H563AII3Q, STM32H563AII6, STM32H563IGK6, STM32H563IGT6, STM32H563IIK3Q, STM32H563IIK6, STM32H563IIT3Q, STM32H563IIT6, STM32H563MIY3QTR, STM32H563RGT6, STM32H563RGV6, STM32H563RIT6, STM32H563RIV6, STM32H563VGT6, STM32H563VIT3Q, STM32H563VIT6, STM32H563ZGT6, STM32H563ZIT3Q, STM32H563ZIT6, STM32H573AII3Q, STM32H573AII6, STM32H573I-DK, STM32H573IIK3Q, STM32H573IIK6, STM32H573IIT3Q, STM32H573IIT6, STM32H573MIY3QTR, STM32H573RIT6, STM32H573RIV6, STM32H573VIT3Q, STM32H573VIT6, STM32H573ZIT3Q, STM32H573ZIT6, STM32L4R5QGI6STR, STM32MP131AAE3, STM32MP131AAF3, STM32MP131AAG3, STM32MP131CAE3, STM32MP131CAF3, STM32MP131CAG3, STM32MP131DAE7, STM32MP131DAF7, STM32MP131DAG7, STM32MP131FAE7, STM32MP131FAF7, STM32MP131FAG7, STM32MP133AAE3, STM32MP133AAF3, STM32MP133AAG3, STM32MP133CAE3, STM32MP133CAF3, STM32MP133CAG3, STM32MP133DAE7, STM32MP133DAF7, STM32MP133DAG7, STM32MP133FAE7, STM32MP133FAF7, STM32MP133FAG7, STM32MP135AAE3, STM32MP135AAF3, STM32MP135AAG3, STM32MP135CAE3, STM32MP135CAF3, STM32MP135CAG3, STM32MP135DAE7, STM32MP135DAF7, STM32MP135DAG7, STM32MP135F-DK, STM32MP135FAE7, STM32MP135FAF7, STM32MP135FAF7T, STM32MP135FAF7U, STM32MP135FAG7, STM32U535CBT6, STM32U535CBT6Q, STM32U535CBU6, STM32U535CBU6Q, STM32U535CCT6, STM32U535CCT6Q, STM32U535CCU6, STM32U535CCU6Q, STM32U535CET6, STM32U535CET6Q, STM32U535CEU6, STM32U535CEU6Q, STM32U535JEY6QTR, STM32U535NCY6QTR, STM32U535NEY6QTR, STM32U535RBI6, STM32U535RBI6Q, STM32U535RBT6, STM32U535RBT6Q, STM32U535RCI6, STM32U535RCI6Q, STM32U535RCT6, STM32U535RCT6Q, STM32U535REI6, STM32U535REI6Q, STM32U535RET6, STM32U535RET6Q, STM32U535VCI6, STM32U535VCI6Q, STM32U535VCT6, STM32U535VCT6Q, STM32U535VEI6, STM32U535VEI6Q, STM32U535VET6, STM32U535VET6Q, STM32U545CET6, STM32U545CET6Q, STM32U545CEU6, STM32U545CEU6Q, STM32U545JEY6QTR, STM32U545NEY6QTR, STM32U545REI6, STM32U545REI6Q, STM32U545RET6, STM32U545RET6Q, STM32U545VEI6, STM32U545VEI6Q, STM32U545VET6, STM32U545VET6Q, STM32U595AIH6, STM32U595AIH6Q, STM32U595AJH6, STM32U595AJH6Q, STM32U595QII6, STM32U595QII6Q, STM32U595QJI6, STM32U595QJI6Q, STM32U595RIT6, STM32U595RIT6Q, STM32U595RJT6, STM32U595RJT6Q, STM32U595VIT6, STM32U595VIT6Q, STM32U595VJT6, STM32U595VJT6Q, STM32U595ZIT6, STM32U595ZIT6Q, STM32U595ZIY6QTR, STM32U595ZJT6, STM32U595ZJT6Q, STM32U595ZJY6QTR, STM32U599BJY6QTR, STM32U599NIH6Q, STM32U599NJH6Q, STM32U599VIT6Q, STM32U599VJT6, STM32U599VJT6Q, STM32U599ZIT6Q, STM32U599ZIY6QTR, STM32U599ZJT6Q, STM32U599ZJY6QTR, STM32U5A5AJH6, STM32U5A5AJH6Q, STM32U5A5QJI6, STM32U5A5QJI6Q, STM32U5A5RJT6, STM32U5A5RJT6Q, STM32U5A5VJT6, STM32U5A5VJT6Q, STM32U5A5ZJT6, STM32U5A5ZJT6Q, STM32U5A5ZJY6QTR, STM32U5A9BJY6QTR, STM32U5A9J-DK, STM32U5A9NJH6Q, STM32U5A9VJT6Q, STM32U5A9ZJT6Q, STM32U5A9ZJY6QTR, STM32WB1MMCH6, STM32WBA52CEU6, STM32WBA52CEU6T, STM32WBA52CGU6, STM32WBA52CGU6T, STM32WL5MOCH6, STM32WL5MOCH6TR]
2023-06-04 19:26:45,759 [WARN] PackLoader:240 - Cannot read IP mode file for STMicroelectronics.X-CUBE-SMBUS.2.1.0
2023-06-04 19:26:45,785 [INFO] BoardInfo:880 - No configuration file found for board P-NUCLEO-WB55
2023-06-04 19:26:45,786 [INFO] DbBoards:157 - Kit is not supported: P-NUCLEO-WB55
2023-06-04 19:26:45,788 [WARN] PackLoader:240 - Cannot read IP mode file for STMicroelectronics.X-CUBE-AZRTOS-F7.1.1.0
2023-06-04 19:26:45,790 [INFO] BoardInfo:880 - No configuration file found for board STEVAL-BFA001V1B
2023-06-04 19:26:45,790 [INFO] DbBoards:157 - Kit is not supported: STEVAL-BFA001V1B
2023-06-04 19:26:45,790 [INFO] BoardInfo:880 - No configuration file found for board STEVAL-BFA001V2B
2023-06-04 19:26:45,790 [INFO] DbBoards:157 - Kit is not supported: STEVAL-BFA001V2B
2023-06-04 19:26:45,798 [ERROR] RealEvaluatedCondition:428 - Found unsupported composite condition: GROUP='STM32_MetaDataManager' CLASS='Data Exchange'
2023-06-04 19:26:45,798 [ERROR] RealEvaluatedCondition:428 - Found unsupported composite condition: GROUP='STM32_MetaDataManager' CLASS='Data Exchange'
2023-06-04 19:26:45,799 [WARN] PackLoader:240 - Cannot read IP mode file for STMicroelectronics.FP-SNS-MOTENV1.4.3.1
2023-06-04 19:26:45,806 [WARN] PackLoader:240 - Cannot read IP mode file for STMicroelectronics.FP-SNS-FLIGHT1.5.0.1
2023-06-04 19:26:45,815 [WARN] PackLoader:240 - Cannot read IP mode file for STMicroelectronics.X-CUBE-BLE1.6.2.4
2023-06-04 19:26:45,825 [WARN] PackLoader:240 - Cannot read IP mode file for STMicroelectronics.X-CUBE-DISPLAY.3.0.0
2023-06-04 19:26:45,840 [INFO] LogOutputStream:77 - [STDOUT_REDIRECT] 1 : Invalid condition id : UX_CORESTACK_Condition cause : null
2023-06-04 19:26:45,841 [INFO] LogOutputStream:77 - [STDOUT_REDIRECT] 1 : Invalid condition id : UX_CORESTACK_Condition cause : null
2023-06-04 19:26:45,842 [INFO] LogOutputStream:77 - [STDOUT_REDIRECT] 1 : Invalid condition id : UX_CORESTACK_Condition cause : null
2023-06-04 19:26:45,842 [INFO] LogOutputStream:77 - [STDOUT_REDIRECT] 1 : Invalid condition id : UX_CORESTACK_Condition cause : null
2023-06-04 19:26:45,842 [INFO] LogOutputStream:77 - [STDOUT_REDIRECT] 1 : Invalid condition id : UX_CORESTACK_Condition cause : null
2023-06-04 19:26:45,845 [WARN] PackLoader:240 - Cannot read IP mode file for STMicroelectronics.X-CUBE-AZRTOS-WL.2.0.0
2023-06-04 19:26:45,855 [WARN] PackLoader:240 - Cannot read IP mode file for WES.I-CUBE-Cesium.1.3.0
2023-06-04 19:26:45,863 [INFO] DbBoards:161 - Found 187 boards, 184 are supported
2023-06-04 19:26:45,863 [WARN] PackLoader:240 - Cannot read IP mode file for STMicroelectronics.X-CUBE-BLE2.3.3.0
2023-06-04 19:26:45,865 [INFO] ApiDb:668 - CubeFinder database Data Model version=2.1
2023-06-04 19:26:45,865 [INFO] ApiDb:669 - CubeFinder database Configuration version=3.0.35
2023-06-04 19:26:45,865 [INFO] ApiDb:670 - CubeFinder database generation date=2023-05-12 (1683877179)
2023-06-04 19:26:45,866 [INFO] ApiDb:671 - CubeFinder database FW Pack versions=[FP-ATR-ASTRA1_V2.0.0, FP-SNS-FLIGHT1_V5.0.0, FP-SNS-MOTENV1_V4.3.0, STM32Cube_FW_C0_V1.0.1, STM32Cube_FW_F0_V1.11.4, STM32Cube_FW_F3_V1.11.4, STM32Cube_FW_F4_V1.27.1, STM32Cube_FW_F7_V1.17.0, STM32Cube_FW_G0_V1.6.1, STM32Cube_FW_G4_V1.5.1, STM32Cube_FW_H5_V0.5.1, STM32Cube_FW_H5_V1.0.0, STM32Cube_FW_H7_V1.11.0, STM32Cube_FW_L0_V1.12.2, STM32Cube_FW_L5_V1.5.0, STM32Cube_FW_U5_V1.2.0, STM32Cube_FW_WBA_V1.0.0, STM32Cube_FW_WBA_V1.0.0RC1, STM32Cube_FW_WBA_V1.0.0RC3, STM32Cube_FW_WB_V1.15.0RC1, STM32Cube_FW_WB_V1.16.0, STM32Cube_FW_WB_V1.16.0RC2, STM32Cube_FW_WL_V1.3.0, X-CUBE-ALGOBUILD_V1.3.0, X-CUBE-ALS_V1.0.1, X-CUBE-AZRTOS-F4_V1.1.0, X-CUBE-AZRTOS-F7_V1.1.0, X-CUBE-AZRTOS-G0_V1.1.0, X-CUBE-AZRTOS-G4_V2.0.0, X-CUBE-AZRTOS-H7_V3.1.0, X-CUBE-AZRTOS-L4_V1.0.0, X-CUBE-AZRTOS-L5_V1.1.0, X-CUBE-AZRTOS-WB_V1.1.0, X-CUBE-AZRTOS-WL_V1.0.0, X-CUBE-BLE1_V6.2.4, X-CUBE-BLE2_V3.3.0, X-CUBE-BLEMGR_V2.0.0, X-CUBE-EEPRMA1_V4.1.0, X-CUBE-FREERTOS_V1.0.1, X-CUBE-GNSS1_V6.0.0, X-CUBE-MEMS1_V9.1.0, X-CUBE-MEMS1_V9.4.0, X-CUBE-MEMS1_V9.6.0, X-CUBE-NFC4_V3.0.0, X-CUBE-NFC7_V1.0.0, X-CUBE-SFXS2LP1_V4.0.0, X-CUBE-SUBG2_V5.0.0]
2023-06-04 19:26:45,871 [WARN] PackLoader:240 - Cannot read IP mode file for STMicroelectronics.X-CUBE-TOUCHGFX.4.21.4
2023-06-04 19:26:45,878 [WARN] PackLoader:240 - Cannot read IP mode file for STMicroelectronics.X-CUBE-ALGOBUILD.1.3.0
2023-06-04 19:26:45,893 [WARN] PackLoader:240 - Cannot read IP mode file for STMicroelectronics.X-CUBE-AZRTOS-G0.1.1.0
2023-06-04 19:26:45,902 [WARN] PackLoader:240 - Cannot read IP mode file for STMicroelectronics.X-CUBE-NFC4.3.0.0
2023-06-04 19:26:45,909 [WARN] PackLoader:240 - Cannot read IP mode file for STMicroelectronics.FP-ATR-SIGFOX1.3.2.0
2023-06-04 19:26:45,931 [WARN] PackLoader:240 - Cannot read IP mode file for SEGGER.I-CUBE-embOS.1.3.1
2023-06-04 19:26:45,967 [WARN] PackLoader:240 - Cannot read IP mode file for STMicroelectronics.X-CUBE-GNSS1.6.0.0
2023-06-04 19:26:45,993 [WARN] PackLoader:240 - Cannot read IP mode file for STMicroelectronics.X-CUBE-AZRTOS-F4.1.1.0
2023-06-04 19:26:46,002 [WARN] PackLoader:240 - Cannot read IP mode file for wolfSSL.I-CUBE-wolfSSL.5.6.0
2023-06-04 19:26:46,033 [WARN] PackLoader:240 - Cannot read IP mode file for STMicroelectronics.X-CUBE-MEMS1.9.6.0
2023-06-04 19:26:46,118 [WARN] PackLoader:240 - Cannot read IP mode file for emotas.I-CUBE-CANOPEN.1.1.3
2023-06-04 19:26:46,132 [WARN] PackLoader:240 - Cannot read IP mode file for STMicroelectronics.X-CUBE-BLEMGR.2.0.0
2023-06-04 19:26:46,154 [WARN] ConditionMgr:438 - getConditionDescription Invalid condition id : UX DEVICE CLASS RTOS Condition cause : null
2023-06-04 19:26:46,154 [WARN] ConditionMgr:438 - getConditionDescription Invalid condition id : UX DEVICE CLASS RTOS Condition cause : null
2023-06-04 19:26:46,156 [WARN] PackLoader:240 - Cannot read IP mode file for STMicroelectronics.X-CUBE-AZRTOS-H7.3.1.0
2023-06-04 19:26:46,156 [WARN] ConditionMgr:1039 - genDependencies : Invalid condition id : UX DEVICE CLASS RTOS Condition cause : null
2023-06-04 19:26:46,156 [WARN] ConditionMgr:1039 - genDependencies : Invalid condition id : UX DEVICE CLASS RTOS Condition cause : null
2023-06-04 19:26:46,157 [WARN] ConditionMgr:1039 - genDependencies : Invalid condition id : UX DEVICE CLASS RTOS Condition cause : null
2023-06-04 19:26:46,157 [WARN] ConditionMgr:1039 - genDependencies : Invalid condition id : UX DEVICE CLASS RTOS Condition cause : null
2023-06-04 19:26:46,157 [WARN] ConditionMgr:1039 - genDependencies : Invalid condition id : UX DEVICE CLASS RTOS Condition cause : null
2023-06-04 19:26:46,169 [WARN] PackLoader:240 - Cannot read IP mode file for STMicroelectronics.X-CUBE-NFC7.1.0.0
2023-06-04 19:26:46,180 [WARN] PackLoader:240 - Cannot read IP mode file for STMicroelectronics.X-CUBE-EEPRMA1.4.1.0
2023-06-04 19:26:46,200 [WARN] ConditionMgr:438 - getConditionDescription Invalid condition id : LAN8742 Phy interface Condition cause : null
2023-06-04 19:26:46,201 [WARN] PackLoader:240 - Cannot read IP mode file for STMicroelectronics.X-CUBE-AZRTOS-L4.2.0.0
2023-06-04 19:26:46,202 [WARN] ConditionMgr:1039 - genDependencies : Invalid condition id : LAN8742 Phy interface Condition cause : null
2023-06-04 19:26:46,202 [WARN] ConditionMgr:1039 - genDependencies : Invalid condition id : LAN8742 Phy interface Condition cause : null
2023-06-04 19:26:46,202 [WARN] ConditionMgr:1039 - genDependencies : Invalid condition id : LAN8742 Phy interface Condition cause : null
2023-06-04 19:26:46,214 [WARN] PackLoader:240 - Cannot read IP mode file for STMicroelectronics.X-CUBE-SFXS2LP1.4.0.0
2023-06-04 19:26:46,225 [WARN] PackLoader:240 - Cannot read IP mode file for STMicroelectronics.X-CUBE-ISPU.1.1.0
2023-06-04 19:26:46,237 [WARN] PackLoader:240 - Cannot read IP mode file for STMicroelectronics.X-CUBE-FREERTOS.1.0.1
2023-06-04 19:26:46,258 [WARN] PackLoader:240 - Cannot read IP mode file for STMicroelectronics.X-CUBE-AZRTOS-L5.1.1.0
2023-06-04 19:26:46,267 [WARN] PackLoader:240 - Cannot read IP mode file for STMicroelectronics.X-CUBE-AI.8.0.1
2023-06-04 19:26:46,278 [WARN] PackLoader:240 - Cannot read IP mode file for STMicroelectronics.X-CUBE-SUBG2.5.0.0
2023-06-04 19:26:46,297 [WARN] PackLoader:240 - Cannot read IP mode file for STMicroelectronics.X-CUBE-AZRTOS-G4.2.0.0
2023-06-04 19:26:46,310 [WARN] PackLoader:240 - Cannot read IP mode file for STMicroelectronics.X-CUBE-TOF1.3.3.0
2023-06-04 19:26:46,323 [WARN] PackLoader:240 - Cannot read IP mode file for portGmbH.I-Cube-SoM-uGOAL.1.1.0
2023-06-04 19:26:46,331 [WARN] PackLoader:240 - Cannot read IP mode file for STMicroelectronics.X-CUBE-ALS.1.0.1
2023-06-04 19:26:46,345 [WARN] PackLoader:240 - Cannot read IP mode file for STMicroelectronics.X-CUBE-AZRTOS-WB.1.1.0
2023-06-04 19:26:46,356 [WARN] PackLoader:240 - Cannot read IP mode file for STMicroelectronics.FP-ATR-ASTRA1.2.0.0
2023-06-04 19:26:46,356 [INFO] ThirdParty:978 - Integrity check success = true
2023-06-04 19:26:46,356 [INFO] IntegrityCheckThread:100 - exiting critical section [integrity check]
2023-06-04 19:26:46,356 [INFO] IntegrityCheckThread:103 - End integrity checks thread
2023-06-04 19:26:47,116 [INFO] ApiDb:240 - Found 297 in-development CPN: [B-G473E-ZEST1S, B-WB1M-WPAN1, B-WL5M-SUBG1, NUCLEO-C031C6, NUCLEO-H503RB, NUCLEO-H563ZI, NUCLEO-U545RE-Q, NUCLEO-U5A5ZJ-Q, NUCLEO-WBA52CG, STEVAL-PROTEUS1, STEVAL-STWINBX1, STM320518-EVAL, STM32C0116-DK, STM32C011D6Y3TR, STM32C011D6Y6TR, STM32C011F4P3, STM32C011F4P6, STM32C011F4U3, STM32C011F4U6TR, STM32C011F6P3, STM32C011F6P6, STM32C011F6U3, STM32C011F6U6TR, STM32C011J4M3, STM32C011J4M6, STM32C011J6M3, STM32C011J6M6, STM32C0316-DK, STM32C031C4T3, STM32C031C4T6, STM32C031C4U3, STM32C031C4U6, STM32C031C6T3, STM32C031C6T6, STM32C031C6U3, STM32C031C6U6, STM32C031F4P3, STM32C031F4P6, STM32C031F6P3, STM32C031F6P6, STM32C031G4U3, STM32C031G4U6, STM32C031G6U3, STM32C031G6U6, STM32C031K4T3, STM32C031K4T6, STM32C031K4U3, STM32C031K4U6, STM32C031K6T3, STM32C031K6T6, STM32C031K6U3, STM32C031K6U6, STM32G071K8TXN, STM32G071K8UXN, STM32G081GBU6N, STM32G081KBT6N, STM32G081KBUXN, STM32G0B1CCT6N, STM32G0B1KCT6, STM32G0B1NEY6TR, STM32G0B1RCT6N, STM32G0C1CCT6, STM32G0C1CCT6N, STM32G0C1CCU6N, STM32G0C1CET6N, STM32G0C1CEU6N, STM32G0C1KCT6, STM32G0C1NEY6TR, STM32G0C1RCI6N, STM32G0C1RCT6N, STM32G0C1REI6N, STM32G0C1RET6N, STM32G0C1VCI6, STM32G0C1VEI6, STM32G471CCT6, STM32G471CCU6, STM32G471CET3, STM32G471CET6, STM32G471CEU3, STM32G471CEU6, STM32G471MCT6, STM32G471MET3, STM32G471MET6, STM32G471MEY6TR, STM32G471QCT6, STM32G471QET3, STM32G471RCT6, STM32G471RET3, STM32G471RET6, STM32G471VCH6, STM32G471VCI6, STM32G471VCT6, STM32G471VEH3, STM32G471VEH6, STM32G471VEI3, STM32G471VEI6, STM32G471VET3, STM32G471VET6, STM32G474CCT6, STM32H503CBT6, STM32H503CBU6, STM32H503EBY6TR, STM32H503KBU6, STM32H503RBT6, STM32H562AGI6, STM32H562AII6, STM32H562IGK6, STM32H562IGT6, STM32H562IIK6, STM32H562IIT6, STM32H562RGT6, STM32H562RGV6, STM32H562RIT6, STM32H562RIV6, STM32H562VGT6, STM32H562VIT6, STM32H562ZGT6, STM32H562ZIT6, STM32H563AGI6, STM32H563AII3Q, STM32H563AII6, STM32H563IGK6, STM32H563IGT6, STM32H563IIK3Q, STM32H563IIK6, STM32H563IIT3Q, STM32H563IIT6, STM32H563MIY3QTR, STM32H563RGT6, STM32H563RGV6, STM32H563RIT6, STM32H563RIV6, STM32H563VGT6, STM32H563VIT3Q, STM32H563VIT6, STM32H563ZGT6, STM32H563ZIT3Q, STM32H563ZIT6, STM32H573AII3Q, STM32H573AII6, STM32H573I-DK, STM32H573IIK3Q, STM32H573IIK6, STM32H573IIT3Q, STM32H573IIT6, STM32H573MIY3QTR, STM32H573RIT6, STM32H573RIV6, STM32H573VIT3Q, STM32H573VIT6, STM32H573ZIT3Q, STM32H573ZIT6, STM32L4R5QGI6STR, STM32MP131AAE3, STM32MP131AAF3, STM32MP131AAG3, STM32MP131CAE3, STM32MP131CAF3, STM32MP131CAG3, STM32MP131DAE7, STM32MP131DAF7, STM32MP131DAG7, STM32MP131FAE7, STM32MP131FAF7, STM32MP131FAG7, STM32MP133AAE3, STM32MP133AAF3, STM32MP133AAG3, STM32MP133CAE3, STM32MP133CAF3, STM32MP133CAG3, STM32MP133DAE7, STM32MP133DAF7, STM32MP133DAG7, STM32MP133FAE7, STM32MP133FAF7, STM32MP133FAG7, STM32MP135AAE3, STM32MP135AAF3, STM32MP135AAG3, STM32MP135CAE3, STM32MP135CAF3, STM32MP135CAG3, STM32MP135DAE7, STM32MP135DAF7, STM32MP135DAG7, STM32MP135F-DK, STM32MP135FAE7, STM32MP135FAF7, STM32MP135FAF7T, STM32MP135FAF7U, STM32MP135FAG7, STM32U535CBT6, STM32U535CBT6Q, STM32U535CBU6, STM32U535CBU6Q, STM32U535CCT6, STM32U535CCT6Q, STM32U535CCU6, STM32U535CCU6Q, STM32U535CET6, STM32U535CET6Q, STM32U535CEU6, STM32U535CEU6Q, STM32U535JEY6QTR, STM32U535NCY6QTR, STM32U535NEY6QTR, STM32U535RBI6, STM32U535RBI6Q, STM32U535RBT6, STM32U535RBT6Q, STM32U535RCI6, STM32U535RCI6Q, STM32U535RCT6, STM32U535RCT6Q, STM32U535REI6, STM32U535REI6Q, STM32U535RET6, STM32U535RET6Q, STM32U535VCI6, STM32U535VCI6Q, STM32U535VCT6, STM32U535VCT6Q, STM32U535VEI6, STM32U535VEI6Q, STM32U535VET6, STM32U535VET6Q, STM32U545CET6, STM32U545CET6Q, STM32U545CEU6, STM32U545CEU6Q, STM32U545JEY6QTR, STM32U545NEY6QTR, STM32U545REI6, STM32U545REI6Q, STM32U545RET6, STM32U545RET6Q, STM32U545VEI6, STM32U545VEI6Q, STM32U545VET6, STM32U545VET6Q, STM32U595AIH6, STM32U595AIH6Q, STM32U595AJH6, STM32U595AJH6Q, STM32U595QII6, STM32U595QII6Q, STM32U595QJI6, STM32U595QJI6Q, STM32U595RIT6, STM32U595RIT6Q, STM32U595RJT6, STM32U595RJT6Q, STM32U595VIT6, STM32U595VIT6Q, STM32U595VJT6, STM32U595VJT6Q, STM32U595ZIT6, STM32U595ZIT6Q, STM32U595ZIY6QTR, STM32U595ZJT6, STM32U595ZJT6Q, STM32U595ZJY6QTR, STM32U599BJY6QTR, STM32U599NIH6Q, STM32U599NJH6Q, STM32U599VIT6Q, STM32U599VJT6, STM32U599VJT6Q, STM32U599ZIT6Q, STM32U599ZIY6QTR, STM32U599ZJT6Q, STM32U599ZJY6QTR, STM32U5A5AJH6, STM32U5A5AJH6Q, STM32U5A5QJI6, STM32U5A5QJI6Q, STM32U5A5RJT6, STM32U5A5RJT6Q, STM32U5A5VJT6, STM32U5A5VJT6Q, STM32U5A5ZJT6, STM32U5A5ZJT6Q, STM32U5A5ZJY6QTR, STM32U5A9BJY6QTR, STM32U5A9J-DK, STM32U5A9NJH6Q, STM32U5A9VJT6Q, STM32U5A9ZJT6Q, STM32U5A9ZJY6QTR, STM32WB1MMCH6, STM32WBA52CEU6, STM32WBA52CEU6T, STM32WBA52CGU6, STM32WBA52CGU6T, STM32WL5MOCH6, STM32WL5MOCH6TR]
2023-06-04 19:26:47,120 [INFO] DbMcus:216 - Found 3775 MCUs, 3775 are supported
2023-06-04 19:26:47,121 [INFO] ApiDb:423 - Load user favorites file C:\Users\tanda/.stm32cubeide/favorites.mcus.txt: 0 item(s)
2023-06-04 19:26:47,122 [INFO] ApiDb:427 - User favorites MCUs=[]
2023-06-04 19:26:47,122 [INFO] DbMcus:222 - Set 0 / 0 favorites MCUs
2023-06-04 19:26:47,243 [INFO] ApiDb:423 - Load user favorites file C:\Users\tanda/.stm32cubeide/favorites.boards.txt: 0 item(s)
2023-06-04 19:26:47,243 [INFO] ApiDb:427 - User favorites Boards=[]
2023-06-04 19:26:47,243 [INFO] DbBoards:190 - Set 0 / 0 favorites Boards
2023-06-04 19:26:47,243 [INFO] McuFinderGlobals:66 - Set McuFinderConnectedMode to true
2023-06-04 19:26:47,251 [INFO] MultiScanPanel:200 - Auto-refresh data requested => check proxy status ongoing
2023-06-04 19:26:47,253 [INFO] FinderPluginLoader:95 - Searching for filters in installed packs
2023-06-04 19:26:48,030 [INFO] LoadUrlFilesThread:185 - End of LoadServerUrlFiles without Thread
2023-06-04 19:26:48,036 [INFO] DetailPanel:341 - Set advertising image to C:/Users/tanda/STM32Cube/Repository/\en.prom-stm32h5-mcu-finder.jpg
2023-06-04 19:27:26,776 [INFO] MainUpdater:2854 - connection check result : 10
2023-06-04 19:27:26,776 [INFO] MainUpdater:2854 - connection check result : 10
2023-06-04 19:27:26,795 [INFO] MicroXplorer:468 - Change Database Path : 
2023-06-04 19:27:26,795 [INFO] MicroXplorer:498 - Change Database Version : DB.6.0.81
2023-06-04 19:27:26,796 [WARN] ThirdParty:871 - waiting for thirdparty lock release [close project]
2023-06-04 19:27:26,796 [INFO] ThirdParty:873 - entering critical section [close project]
2023-06-04 19:27:26,796 [INFO] ThirdParty:883 - exiting critical section [close project]
2023-06-04 19:27:26,800 [INFO] PinOutPanel:1499 - setPackage(No Configuration,No Configuration)
2023-06-04 19:27:26,803 [INFO] UtilMem:75 - Begin LoadConfig() Used Memory: 286143592 Bytes (485490688)
2023-06-04 19:27:26,804 [INFO] MicroXplorer:468 - Change Database Path : 
2023-06-04 19:27:26,804 [INFO] MicroXplorer:498 - Change Database Version : DB.6.0.81
2023-06-04 19:27:26,804 [INFO] OpenFileManager:308 - Change cursor
2023-06-04 19:27:26,846 [INFO] Mcu:1937 - Initializing MCU STM32F407VGTx STM32F407VGTx 
2023-06-04 19:27:26,847 [INFO] Mcu:1950 - No CPN specified => set CPN to STM32F407VGT6
2023-06-04 19:27:27,902 [INFO] Context:659 - Trying to add GPIOservice into a context  which must be forbidden
2023-06-04 19:27:28,125 [INFO] ImportTextPane:194 - (OptionalMessage_ERROR) Unable to find key (Mcu.ThirdPartyNb) in loaded IOC file
2023-06-04 19:27:28,126 [INFO] ImportTextPane:194 - (OptionalMessage_ERROR) Unable to find key (Mcu.PinsNb) in loaded IOC file
2023-06-04 19:27:28,126 [INFO] ImportTextPane:194 - (OptionalMessage_ERROR) Unable to find key (Mcu.IPNb) in loaded IOC file
2023-06-04 19:27:28,290 [INFO] RtosManager:555 - Registered RTOS mode: class=CMSIS, group=RTOS, mode=CMSIS_V1, owner=FREERTOS
2023-06-04 19:27:28,290 [INFO] RtosManager:555 - Registered RTOS mode: class=CMSIS, group=RTOS2, mode=CMSIS_V2, owner=FREERTOS
2023-06-04 19:27:28,290 [INFO] RtosManager:555 - Registered RTOS mode: class=RTOS, group=Core, mode=CMSIS_V1, owner=FREERTOS
2023-06-04 19:27:28,290 [INFO] RtosManager:555 - Registered RTOS mode: class=RTOS, group=Core, mode=CMSIS_V2, owner=FREERTOS
2023-06-04 19:27:28,291 [WARN] ModelIntegratedComponent:184 - Missing modes for component STMicroelectronics:FreeRTOS:0.0.1:STMicroelectronics:RTOS:FreeRTOS:Core:::10.2.0:
2023-06-04 19:27:28,300 [WARN] ModelIntegratedComponent:63 - No mode defined for component null
2023-06-04 19:27:28,300 [WARN] ModelIntegratedComponent:63 - No mode defined for component null
2023-06-04 19:27:28,300 [WARN] ModelIntegratedComponent:63 - No mode defined for component null
2023-06-04 19:27:28,300 [WARN] ModelIntegratedComponent:63 - No mode defined for component null
2023-06-04 19:27:28,300 [WARN] ModelIntegratedComponent:63 - No mode defined for component null
2023-06-04 19:27:28,300 [WARN] ModelIntegratedComponent:63 - No mode defined for component null
2023-06-04 19:27:28,300 [WARN] ModelIntegratedComponent:63 - No mode defined for component null
2023-06-04 19:27:28,300 [WARN] ModelIntegratedComponent:63 - No mode defined for component null
2023-06-04 19:27:28,300 [WARN] ModelIntegratedComponent:63 - No mode defined for component null
2023-06-04 19:27:28,301 [WARN] ModelIntegratedComponent:63 - No mode defined for component null
2023-06-04 19:27:28,301 [WARN] ModelIntegratedComponent:63 - No mode defined for component null
2023-06-04 19:27:28,301 [WARN] ModelIntegratedComponent:63 - No mode defined for component null
2023-06-04 19:27:28,301 [WARN] ModelIntegratedComponent:63 - No mode defined for component null
2023-06-04 19:27:28,301 [WARN] ModelIntegratedComponent:63 - No mode defined for component null
2023-06-04 19:27:28,301 [WARN] ModelIntegratedComponent:63 - No mode defined for component null
2023-06-04 19:27:28,301 [WARN] ModelIntegratedComponent:63 - No mode defined for component null
2023-06-04 19:27:28,301 [WARN] ModelIntegratedComponent:63 - No mode defined for component null
2023-06-04 19:27:28,301 [WARN] ModelIntegratedComponent:63 - No mode defined for component null
2023-06-04 19:27:28,301 [WARN] ModelIntegratedComponent:63 - No mode defined for component null
2023-06-04 19:27:28,301 [WARN] ModelIntegratedComponent:63 - No mode defined for component null
2023-06-04 19:27:28,301 [WARN] ModelIntegratedComponent:63 - No mode defined for component null
2023-06-04 19:27:28,302 [WARN] ModelIntegratedComponent:63 - No mode defined for component null
2023-06-04 19:27:28,302 [WARN] ModelIntegratedComponent:63 - No mode defined for component null
2023-06-04 19:27:28,302 [WARN] ModelIntegratedComponent:63 - No mode defined for component null
2023-06-04 19:27:28,302 [WARN] ModelIntegratedComponent:63 - No mode defined for component null
2023-06-04 19:27:28,302 [WARN] ModelIntegratedComponent:63 - No mode defined for component null
2023-06-04 19:27:28,302 [WARN] ModelIntegratedComponent:63 - No mode defined for component null
2023-06-04 19:27:28,302 [WARN] ModelIntegratedComponent:63 - No mode defined for component null
2023-06-04 19:27:28,302 [WARN] ModelIntegratedComponent:63 - No mode defined for component null
2023-06-04 19:27:28,302 [WARN] ModelIntegratedComponent:63 - No mode defined for component null
2023-06-04 19:27:28,302 [WARN] ModelIntegratedComponent:63 - No mode defined for component null
2023-06-04 19:27:28,302 [WARN] ModelIntegratedComponent:63 - No mode defined for component null
2023-06-04 19:27:28,303 [WARN] ModelIntegratedComponent:63 - No mode defined for component null
2023-06-04 19:27:28,320 [INFO] ThirdPartyModel:298 - Start build external matchings
2023-06-04 19:27:28,505 [INFO] ThirdPartyModel:316 - End build external matchings
2023-06-04 19:27:28,718 [INFO] UtilMem:75 - End LoadConfig() Used Memory: 361811376 Bytes (485490688)
2023-06-04 19:27:28,737 [WARN] ThirdParty:833 - waiting for thirdparty lock release [change project]
2023-06-04 19:27:28,738 [INFO] ThirdParty:835 - entering critical section [change project]
2023-06-04 19:27:28,738 [INFO] ThirdParty:1030 - CMSIS Pack Vendor :STMicroelectronics X-CUBE-ISPU 1.1.0
2023-06-04 19:27:28,738 [INFO] ThirdParty:1030 - CMSIS Pack Vendor :STMicroelectronics X-CUBE-GNSS1 6.0.0
2023-06-04 19:27:28,739 [INFO] ThirdParty:1030 - CMSIS Pack Vendor :STMicroelectronics USB_HOST 2.0.0
2023-06-04 19:27:28,739 [INFO] ThirdParty:1030 - CMSIS Pack Vendor :STMicroelectronics X-CUBE-AZRTOS-F4 1.1.0
2023-06-04 19:27:28,739 [INFO] ThirdParty:1030 - CMSIS Pack Vendor :STMicroelectronics LIBJPEG 8.0.0
2023-06-04 19:27:28,739 [INFO] ThirdParty:1030 - CMSIS Pack Vendor :STMicroelectronics X-CUBE-SMBUS 2.1.0
2023-06-04 19:27:28,739 [INFO] ThirdParty:1030 - CMSIS Pack Vendor :wolfSSL I-CUBE-wolfSSL 5.6.0
2023-06-04 19:27:28,739 [INFO] ThirdParty:1030 - CMSIS Pack Vendor :STMicroelectronics USB_DEVICE 3.0.0
2023-06-04 19:27:28,739 [INFO] ThirdParty:1030 - CMSIS Pack Vendor :STMicroelectronics X-CUBE-FREERTOS 1.0.1
2023-06-04 19:27:28,739 [INFO] ThirdParty:1030 - CMSIS Pack Vendor :STMicroelectronics X-CUBE-AZRTOS-F7 1.1.0
2023-06-04 19:27:28,739 [INFO] ThirdParty:1030 - CMSIS Pack Vendor :STMicroelectronics X-CUBE-TOUCHGFX 4.21.4
2023-06-04 19:27:28,740 [INFO] ThirdParty:1030 - CMSIS Pack Vendor :STMicroelectronics USB_DEVICE 2.0.0
2023-06-04 19:27:28,740 [INFO] ThirdParty:1030 - CMSIS Pack Vendor :STMicroelectronics X-CUBE-MEMS1 9.6.0
2023-06-04 19:27:28,740 [INFO] ThirdParty:1030 - CMSIS Pack Vendor :STMicroelectronics FP-SNS-MOTENV1 4.3.1
2023-06-04 19:27:28,740 [INFO] ThirdParty:1030 - CMSIS Pack Vendor :STMicroelectronics FP-SNS-FLIGHT1 5.0.1
2023-06-04 19:27:28,740 [INFO] ThirdParty:1030 - CMSIS Pack Vendor :STMicroelectronics X-CUBE-ALGOBUILD 1.3.0
2023-06-04 19:27:28,740 [INFO] ThirdParty:1030 - CMSIS Pack Vendor :STMicroelectronics X-CUBE-BLE1 6.2.4
2023-06-04 19:27:28,740 [INFO] ThirdParty:1030 - CMSIS Pack Vendor :STMicroelectronics X-CUBE-AZRTOS-L5 1.1.0
2023-06-04 19:27:28,740 [INFO] ThirdParty:1030 - CMSIS Pack Vendor :STMicroelectronics FreeRTOS 0.0.1
2023-06-04 19:27:28,740 [INFO] ThirdParty:1030 - CMSIS Pack Vendor :STMicroelectronics X-CUBE-AZRTOS-G0 1.1.0
2023-06-04 19:27:28,740 [INFO] ThirdParty:1030 - CMSIS Pack Vendor :emotas I-CUBE-CANOPEN 1.1.3
2023-06-04 19:27:28,740 [INFO] ThirdParty:1030 - CMSIS Pack Vendor :STMicroelectronics X-CUBE-BLEMGR 2.0.0
2023-06-04 19:27:28,740 [INFO] ThirdParty:1030 - CMSIS Pack Vendor :STMicroelectronics X-CUBE-AI 8.0.1
2023-06-04 19:27:28,740 [INFO] ThirdParty:1030 - CMSIS Pack Vendor :STMicroelectronics X-CUBE-NFC4 3.0.0
2023-06-04 19:27:28,740 [INFO] ThirdParty:1030 - CMSIS Pack Vendor :STMicroelectronics X-CUBE-SUBG2 5.0.0
2023-06-04 19:27:28,740 [INFO] ThirdParty:1030 - CMSIS Pack Vendor :STMicroelectronics STM32_WPAN 1.0.0
2023-06-04 19:27:28,740 [INFO] ThirdParty:1030 - CMSIS Pack Vendor :STMicroelectronics lwIP 2.0.3
2023-06-04 19:27:28,741 [INFO] ThirdParty:1030 - CMSIS Pack Vendor :STMicroelectronics USB_HOST 1.0.0
2023-06-04 19:27:28,741 [INFO] ThirdParty:1030 - CMSIS Pack Vendor :STMicroelectronics X-CUBE-AZRTOS-G4 2.0.0
2023-06-04 19:27:28,741 [INFO] ThirdParty:1030 - CMSIS Pack Vendor :STMicroelectronics PDM2PCM 3.1.0
2023-06-04 19:27:28,741 [INFO] ThirdParty:1030 - CMSIS Pack Vendor :STMicroelectronics X-CUBE-AZRTOS-H7 3.1.0
2023-06-04 19:27:28,741 [INFO] ThirdParty:1030 - CMSIS Pack Vendor :STMicroelectronics X-CUBE-TOF1 3.3.0
2023-06-04 19:27:28,741 [INFO] ThirdParty:1030 - CMSIS Pack Vendor :STMicroelectronics PDM2PCM 3.3.0
2023-06-04 19:27:28,742 [INFO] ThirdParty:1030 - CMSIS Pack Vendor :STMicroelectronics X-CUBE-DISPLAY 3.0.0
2023-06-04 19:27:28,742 [INFO] ThirdParty:1030 - CMSIS Pack Vendor :STMicroelectronics FP-ATR-SIGFOX1 3.2.0
2023-06-04 19:27:28,742 [INFO] ThirdParty:1030 - CMSIS Pack Vendor :STMicroelectronics HAL Drivers 0.0.0
2023-06-04 19:27:28,742 [INFO] ThirdParty:1030 - CMSIS Pack Vendor :STMicroelectronics MBEDTLS 2.16.2
2023-06-04 19:27:28,742 [INFO] ThirdParty:1030 - CMSIS Pack Vendor :STMicroelectronics MBEDTLS 2.14.1
2023-06-04 19:27:28,742 [INFO] ThirdParty:1030 - CMSIS Pack Vendor :STMicroelectronics X-CUBE-NFC7 1.0.0
2023-06-04 19:27:28,744 [INFO] ThirdParty:1030 - CMSIS Pack Vendor :STMicroelectronics X-CUBE-EEPRMA1 4.1.0
2023-06-04 19:27:28,744 [INFO] ThirdParty:1030 - CMSIS Pack Vendor :portGmbH I-Cube-SoM-uGOAL 1.1.0
2023-06-04 19:27:28,744 [INFO] ThirdParty:1030 - CMSIS Pack Vendor :STMicroelectronics X-CUBE-ALS 1.0.1
2023-06-04 19:27:28,744 [INFO] ThirdParty:1030 - CMSIS Pack Vendor :STMicroelectronics ThreadX 1.0.0
2023-06-04 19:27:28,744 [INFO] ThirdParty:1030 - CMSIS Pack Vendor :STMicroelectronics X-CUBE-AZRTOS-WB 1.1.0
2023-06-04 19:27:28,744 [INFO] ThirdParty:1030 - CMSIS Pack Vendor :STMicroelectronics X-CUBE-AZRTOS-WL 2.0.0
2023-06-04 19:27:28,744 [INFO] ThirdParty:1030 - CMSIS Pack Vendor :SEGGER I-CUBE-embOS 1.3.1
2023-06-04 19:27:28,744 [INFO] ThirdParty:1030 - CMSIS Pack Vendor :STMicroelectronics USB_DEVICE 1.0.0
2023-06-04 19:27:28,744 [INFO] ThirdParty:1030 - CMSIS Pack Vendor :STMicroelectronics X-CUBE-AZRTOS-L4 2.0.0
2023-06-04 19:27:28,744 [INFO] ThirdParty:1030 - CMSIS Pack Vendor :STMicroelectronics ThreadX 0.0.2
2023-06-04 19:27:28,744 [INFO] ThirdParty:1030 - CMSIS Pack Vendor :WES I-CUBE-Cesium 1.3.0
2023-06-04 19:27:28,744 [INFO] ThirdParty:1030 - CMSIS Pack Vendor :STMicroelectronics FP-ATR-ASTRA1 2.0.0
2023-06-04 19:27:28,744 [INFO] ThirdParty:1030 - CMSIS Pack Vendor :STMicroelectronics lwIP 2.1.2
2023-06-04 19:27:28,744 [INFO] ThirdParty:1030 - CMSIS Pack Vendor :STMicroelectronics X-CUBE-SFXS2LP1 4.0.0
2023-06-04 19:27:28,745 [INFO] ThirdParty:1030 - CMSIS Pack Vendor :STMicroelectronics X-CUBE-BLE2 3.3.0
2023-06-04 19:27:28,745 [INFO] ThirdParty:1030 - CMSIS Pack Vendor :STMicroelectronics PDM2PCM 3.2.0
2023-06-04 19:27:28,745 [INFO] ThirdParty:841 - exiting critical section [change project]
2023-06-04 19:27:29,040 [INFO] PinOutPanel:1499 - setPackage(No Configuration,No Configuration)
2023-06-04 19:27:29,040 [INFO] PinOutPanel:1499 - setPackage(STM32F407VGTx,LQFP100)
2023-06-04 19:27:29,400 [INFO] UtilMem:75 - Before build in PCC Used Memory: 265109216 Bytes (485490688)
2023-06-04 19:27:29,914 [INFO] UtilMem:75 - After build in PCC Used Memory: 269094432 Bytes (485490688)
2023-06-04 19:27:29,932 [INFO] IPUIPlugin:80 - create IPUIPlugin
2023-06-04 19:27:29,932 [INFO] IPUIPlugin:80 - create IPUIPlugin
2023-06-04 19:27:29,932 [INFO] IPUIPlugin:80 - create IPUIPlugin
2023-06-04 19:27:29,932 [INFO] IPUIPlugin:80 - create IPUIPlugin
2023-06-04 19:27:29,932 [INFO] IPUIPlugin:80 - create IPUIPlugin
2023-06-04 19:27:29,932 [INFO] IPUIPlugin:80 - create IPUIPlugin
2023-06-04 19:27:29,932 [INFO] IPUIPlugin:80 - create IPUIPlugin
2023-06-04 19:27:29,933 [INFO] IPUIPlugin:80 - create IPUIPlugin
2023-06-04 19:27:29,933 [INFO] IPUIPlugin:80 - create IPUIPlugin
2023-06-04 19:27:29,933 [INFO] IPUIPlugin:80 - create IPUIPlugin
2023-06-04 19:27:29,933 [INFO] IPUIPlugin:80 - create IPUIPlugin
2023-06-04 19:27:29,933 [INFO] IPUIPlugin:80 - create IPUIPlugin
2023-06-04 19:27:29,933 [INFO] IPUIPlugin:80 - create IPUIPlugin
2023-06-04 19:27:29,933 [INFO] IPUIPlugin:80 - create IPUIPlugin
2023-06-04 19:27:29,933 [INFO] IPUIPlugin:80 - create IPUIPlugin
2023-06-04 19:27:29,933 [INFO] IPUIPlugin:80 - create IPUIPlugin
2023-06-04 19:27:29,933 [INFO] IPUIPlugin:80 - create IPUIPlugin
2023-06-04 19:27:29,933 [INFO] IPUIPlugin:80 - create IPUIPlugin
2023-06-04 19:27:29,933 [INFO] IPUIPlugin:80 - create IPUIPlugin
2023-06-04 19:27:29,933 [INFO] IPUIPlugin:80 - create IPUIPlugin
2023-06-04 19:27:29,934 [INFO] IPUIPlugin:80 - create IPUIPlugin
2023-06-04 19:27:29,934 [INFO] IPUIPlugin:80 - create IPUIPlugin
2023-06-04 19:27:29,934 [INFO] IPUIPlugin:80 - create IPUIPlugin
2023-06-04 19:27:29,934 [INFO] IPUIPlugin:80 - create IPUIPlugin
2023-06-04 19:27:29,934 [INFO] IPUIPlugin:80 - create IPUIPlugin
2023-06-04 19:27:29,935 [INFO] IPUIPlugin:80 - create IPUIPlugin
2023-06-04 19:27:29,935 [INFO] IPUIPlugin:80 - create IPUIPlugin
2023-06-04 19:27:29,935 [INFO] IPUIPlugin:80 - create IPUIPlugin
2023-06-04 19:27:29,935 [INFO] IPUIPlugin:80 - create IPUIPlugin
2023-06-04 19:27:29,936 [INFO] IPUIPlugin:80 - create IPUIPlugin
2023-06-04 19:27:29,936 [INFO] IPUIPlugin:80 - create IPUIPlugin
2023-06-04 19:27:29,936 [INFO] IPUIPlugin:80 - create IPUIPlugin
2023-06-04 19:27:29,936 [INFO] IPUIPlugin:80 - create IPUIPlugin
2023-06-04 19:27:29,936 [INFO] IPUIPlugin:80 - create IPUIPlugin
2023-06-04 19:27:29,937 [INFO] IPUIPlugin:80 - create IPUIPlugin
2023-06-04 19:27:29,937 [INFO] IPUIPlugin:80 - create IPUIPlugin
2023-06-04 19:27:29,937 [INFO] IPUIPlugin:80 - create IPUIPlugin
2023-06-04 19:27:29,937 [INFO] IPUIPlugin:80 - create IPUIPlugin
2023-06-04 19:27:29,937 [INFO] IPUIPlugin:80 - create IPUIPlugin
2023-06-04 19:27:29,937 [INFO] IPUIPlugin:80 - create IPUIPlugin
2023-06-04 19:27:29,937 [INFO] IPUIPlugin:80 - create IPUIPlugin
2023-06-04 19:27:29,938 [INFO] IPUIPlugin:80 - create IPUIPlugin
2023-06-04 19:27:29,938 [INFO] IPUIPlugin:80 - create IPUIPlugin
2023-06-04 19:27:29,938 [INFO] IPUIPlugin:80 - create IPUIPlugin
2023-06-04 19:27:29,938 [INFO] IPUIPlugin:80 - create IPUIPlugin
2023-06-04 19:27:29,938 [INFO] IPUIPlugin:80 - create IPUIPlugin
2023-06-04 19:27:29,939 [INFO] IPUIPlugin:80 - create IPUIPlugin
2023-06-04 19:27:29,939 [INFO] IPUIPlugin:80 - create IPUIPlugin
2023-06-04 19:27:29,939 [INFO] IPUIPlugin:80 - create IPUIPlugin
2023-06-04 19:27:29,939 [INFO] IPUIPlugin:80 - create IPUIPlugin
2023-06-04 19:27:29,939 [INFO] IPUIPlugin:80 - create IPUIPlugin
2023-06-04 19:27:29,940 [INFO] IPUIPlugin:80 - create IPUIPlugin
2023-06-04 19:27:29,940 [INFO] IPUIPlugin:80 - create IPUIPlugin
2023-06-04 19:27:29,940 [INFO] IPUIPlugin:80 - create IPUIPlugin
2023-06-04 19:27:29,942 [INFO] IPUIPlugin:80 - create IPUIPlugin
2023-06-04 19:27:29,942 [INFO] IPUIPlugin:80 - create IPUIPlugin
2023-06-04 19:27:29,942 [INFO] IPUIPlugin:80 - create IPUIPlugin
2023-06-04 19:27:29,943 [INFO] IPUIPlugin:80 - create IPUIPlugin
2023-06-04 19:27:29,993 [INFO] ApiDbMcu:507 - Load IP Config File for PDM2PCM
2023-06-04 19:27:30,135 [INFO] CADModel:165 - CPN selected for project levelSTM32F407VGT6
2023-06-04 19:27:30,135 [INFO] CADModel:114 - Register for checkConnection events
2023-06-04 19:27:30,186 [INFO] OpenFileManager:328 - Restore cursor
2023-06-04 19:27:31,095 [INFO] UtilMem:75 - End SaveConfig() Used Memory: 270481648 Bytes (485490688)
2023-06-04 19:27:31,128 [INFO] UtilMem:75 - End SaveConfig() Used Memory: 292954064 Bytes (485490688)
2023-06-04 19:27:31,472 [INFO] BlockDiagram:2759 - set Specific Code input for plugin: RCC
2023-06-04 19:27:31,472 [INFO] BlockDiagram:2759 - set Specific Code input for plugin: NVIC
2023-06-04 19:27:31,474 [INFO] CodeGenerator:793 - code generatio: config db path: C:\ST\STM32CubeIDE_1.12.1\STM32CubeIDE\plugins\com.st.stm32cube.common.mx_6.8.1.202304191431\\db\
2023-06-04 19:27:31,626 [INFO] CodeEngine:255 - oldGeneratedFile, C:\Users\tanda\Desktop\Sensor\Code_V1\MXTmpFiles\license.tmp_save
2023-06-04 19:27:31,915 [INFO] CodeEngine:279 - Generated code: C:\Users\tanda\Desktop\Sensor\Code_V1\MXTmpFiles\license.tmp
2023-06-04 19:27:31,931 [INFO] CodeEngine:255 - oldGeneratedFile, C:\Users\tanda\Desktop\Sensor\Code_V1\Core\Src\stm32f4xx_it.c_save
2023-06-04 19:27:32,048 [INFO] CodeEngine:279 - Generated code: C:\Users\tanda\Desktop\Sensor\Code_V1\Core\Src\stm32f4xx_it.c
2023-06-04 19:27:32,054 [INFO] CodeEngine:255 - oldGeneratedFile, C:\Users\tanda\Desktop\Sensor\Code_V1\Core\Inc\stm32f4xx_it.h_save
2023-06-04 19:27:32,123 [INFO] CodeEngine:279 - Generated code: C:\Users\tanda\Desktop\Sensor\Code_V1\Core\Inc\stm32f4xx_it.h
2023-06-04 19:27:32,201 [INFO] CodeEngine:255 - oldGeneratedFile, C:\Users\tanda\Desktop\Sensor\Code_V1\Core\Src\stm32f4xx_hal_msp.c_save
2023-06-04 19:27:32,319 [INFO] CodeEngine:279 - Generated code: C:\Users\tanda\Desktop\Sensor\Code_V1\Core\Src\stm32f4xx_hal_msp.c
2023-06-04 19:27:32,327 [INFO] CodeEngine:255 - oldGeneratedFile, C:\Users\tanda\Desktop\Sensor\Code_V1\MXTmpFiles\system.tmp_save
2023-06-04 19:27:32,388 [INFO] CodeEngine:279 - Generated code: C:\Users\tanda\Desktop\Sensor\Code_V1\MXTmpFiles\system.tmp
2023-06-04 19:27:32,402 [INFO] CodeEngine:311 - oldGeneratedFile, C:\Users\tanda\Desktop\Sensor\Code_V1\Core\Inc\stm32f4xx_hal_conf.h_save
2023-06-04 19:27:32,466 [INFO] CodeEngine:335 - Generated code: C:\Users\tanda\Desktop\Sensor\Code_V1\Core\Inc\stm32f4xx_hal_conf.h
2023-06-04 19:27:32,505 [INFO] CodeEngine:255 - oldGeneratedFile, C:\Users\tanda\Desktop\Sensor\Code_V1\Core\Inc\main.h_save
2023-06-04 19:27:32,570 [INFO] CodeEngine:279 - Generated code: C:\Users\tanda\Desktop\Sensor\Code_V1\Core\Inc\main.h
2023-06-04 19:27:32,576 [INFO] CodeEngine:255 - oldGeneratedFile, C:\Users\tanda\Desktop\Sensor\Code_V1\Core\Src\main.c_save
2023-06-04 19:27:32,656 [INFO] CodeEngine:279 - Generated code: C:\Users\tanda\Desktop\Sensor\Code_V1\Core\Src\main.c
2023-06-04 19:27:33,042 [INFO] ProjectBuilder:2996 - Time for Copy HAL[1] : 92mS.
2023-06-04 19:27:33,049 [INFO] ProjectBuilder:4304 - Project Generator version: 3.19.2
2023-06-04 19:27:33,217 [INFO] ConfigFileManager:1483 - The Die is : DIE413
2023-06-04 19:27:33,228 [INFO] ApiDbMcu:507 - Load IP Config File for FATFS
2023-06-04 19:27:33,239 [INFO] ApiDbMcu:507 - Load IP Config File for FREERTOS
2023-06-04 19:27:33,246 [INFO] ApiDbMcu:507 - Load IP Config File for LIBJPEG
2023-06-04 19:27:33,255 [INFO] ApiDbMcu:507 - Load IP Config File for LWIP
2023-06-04 19:27:33,275 [INFO] ApiDbMcu:507 - Load IP Config File for MBEDTLS
2023-06-04 19:27:33,285 [INFO] ApiDbMcu:507 - Load IP Config File for USB_DEVICE
2023-06-04 19:27:33,292 [INFO] ApiDbMcu:507 - Load IP Config File for USB_HOST
2023-06-04 19:27:34,007 [INFO] LogOutputStream:77 - [STDOUT_REDIRECT] 
2023-06-04 19:27:35,805 [INFO] ProjectBuilder:4505 - Time for Generating toolchain IDE Files: 2755mS.
2023-06-04 19:27:35,805 [INFO] ProjectBuilder:2867 - Time for Copy CMSIS : 0mS.
2023-06-04 19:27:35,806 [INFO] ProjectBuilder:2867 - Time for Copy CMSIS : 0mS.
2023-06-04 19:27:36,365 [INFO] McuFinderGlobals:66 - Set McuFinderConnectedMode to true
2023-06-04 19:27:36,367 [INFO] ApiDb:448 - Save user favorites file C:\Users\tanda/.stm32cubeide/favorites.mcus.txt: 0 item(s)
2023-06-04 19:27:36,368 [INFO] ApiDb:452 - User favorites MCUs=[]
2023-06-04 19:33:03,268 [INFO] NvicIntPanel:101 - NVIC parent = com.st.microxplorer.plugins.ip.nvic.MultiNvicIntPanel[,0,0,0x0,invalid,layout=javax.swing.BoxLayout,alignmentX=0.0,alignmentY=0.0,border=,flags=9,maximumSize=,minimumSize=,preferredSize=]
2023-06-04 19:33:04,119 [INFO] NvicIntPanel:101 - NVIC parent = com.st.microxplorer.plugins.ip.nvic.MultiNvicIntPanel[,0,0,0x0,invalid,layout=javax.swing.BoxLayout,alignmentX=0.0,alignmentY=0.0,border=,flags=9,maximumSize=,minimumSize=,preferredSize=]
2023-06-04 19:33:27,382 [INFO] NvicIntPanel:101 - NVIC parent = com.st.microxplorer.plugins.ip.nvic.MultiNvicIntPanel[,0,0,0x0,invalid,layout=javax.swing.BoxLayout,alignmentX=0.0,alignmentY=0.0,border=,flags=9,maximumSize=,minimumSize=,preferredSize=]
2023-06-04 19:33:34,627 [INFO] NvicIntPanel:101 - NVIC parent = com.st.microxplorer.plugins.ip.nvic.MultiNvicIntPanel[,0,0,0x0,invalid,layout=javax.swing.BoxLayout,alignmentX=0.0,alignmentY=0.0,border=,flags=9,maximumSize=,minimumSize=,preferredSize=]
2023-06-04 19:33:38,945 [INFO] NvicIntPanel:101 - NVIC parent = com.st.microxplorer.plugins.ip.nvic.MultiNvicIntPanel[,0,0,0x0,invalid,layout=javax.swing.BoxLayout,alignmentX=0.0,alignmentY=0.0,border=,flags=9,maximumSize=,minimumSize=,preferredSize=]
2023-06-04 19:50:02,883 [INFO] NvicIntPanel:101 - NVIC parent = com.st.microxplorer.plugins.ip.nvic.MultiNvicIntPanel[,0,0,0x0,invalid,layout=javax.swing.BoxLayout,alignmentX=0.0,alignmentY=0.0,border=,flags=9,maximumSize=,minimumSize=,preferredSize=]
2023-06-04 19:51:17,446 [WARN] IP:2113 - I2C_Coeff_DF not found: check if there is a RefParameter without a condition.
2023-06-04 19:51:17,446 [WARN] IP:2113 - Analog_Filter not found: check if there is a RefParameter without a condition.
2023-06-04 19:51:17,454 [WARN] IP:2113 - I2C_Coeff_DF not found: check if there is a RefParameter without a condition.
2023-06-04 19:51:17,455 [WARN] IP:2113 - Analog_Filter not found: check if there is a RefParameter without a condition.
2023-06-04 19:51:17,455 [WARN] IP:2113 - I2C_Coeff_DF not found: check if there is a RefParameter without a condition.
2023-06-04 19:51:17,455 [WARN] IP:2113 - Analog_Filter not found: check if there is a RefParameter without a condition.
2023-06-04 19:51:17,480 [WARN] IP:2113 - I2C_Coeff_DF not found: check if there is a RefParameter without a condition.
2023-06-04 19:51:17,480 [WARN] IP:2113 - Analog_Filter not found: check if there is a RefParameter without a condition.
2023-06-04 19:51:17,482 [WARN] IP:2113 - I2C_Coeff_DF not found: check if there is a RefParameter without a condition.
2023-06-04 19:51:17,482 [WARN] IP:2113 - Analog_Filter not found: check if there is a RefParameter without a condition.
2023-06-04 19:51:20,320 [WARN] IP:2113 - I2C_Coeff_DF not found: check if there is a RefParameter without a condition.
2023-06-04 19:51:20,320 [WARN] IP:2113 - Analog_Filter not found: check if there is a RefParameter without a condition.
2023-06-04 19:51:20,320 [WARN] IP:2113 - I2C_Coeff_DF not found: check if there is a RefParameter without a condition.
2023-06-04 19:51:20,320 [WARN] IP:2113 - Analog_Filter not found: check if there is a RefParameter without a condition.
2023-06-04 19:51:20,352 [WARN] IP:2113 - I2C_Coeff_DF not found: check if there is a RefParameter without a condition.
2023-06-04 19:51:20,352 [WARN] IP:2113 - Analog_Filter not found: check if there is a RefParameter without a condition.
2023-06-04 19:51:20,355 [WARN] IP:2113 - I2C_Coeff_DF not found: check if there is a RefParameter without a condition.
2023-06-04 19:51:20,355 [WARN] IP:2113 - Analog_Filter not found: check if there is a RefParameter without a condition.
2023-06-04 19:51:44,218 [INFO] NvicIntPanel:101 - NVIC parent = com.st.microxplorer.plugins.ip.nvic.MultiNvicIntPanel[,0,0,0x0,invalid,layout=javax.swing.BoxLayout,alignmentX=0.0,alignmentY=0.0,border=,flags=9,maximumSize=,minimumSize=,preferredSize=]
2023-06-04 19:51:44,265 [INFO] NvicIntPanel:101 - NVIC parent = com.st.microxplorer.plugins.ip.nvic.MultiNvicIntPanel[,0,0,0x0,invalid,layout=javax.swing.BoxLayout,alignmentX=0.0,alignmentY=0.0,border=,flags=9,maximumSize=,minimumSize=,preferredSize=]
2023-06-04 19:52:07,436 [WARN] IP:2113 - I2C_Coeff_DF not found: check if there is a RefParameter without a condition.
2023-06-04 19:52:07,436 [WARN] IP:2113 - Analog_Filter not found: check if there is a RefParameter without a condition.
2023-06-04 19:52:07,436 [WARN] IP:2113 - I2C_Coeff_DF not found: check if there is a RefParameter without a condition.
2023-06-04 19:52:07,436 [WARN] IP:2113 - Analog_Filter not found: check if there is a RefParameter without a condition.
2023-06-04 19:52:07,450 [WARN] IP:2113 - I2C_Coeff_DF not found: check if there is a RefParameter without a condition.
2023-06-04 19:52:07,451 [WARN] IP:2113 - Analog_Filter not found: check if there is a RefParameter without a condition.
2023-06-04 19:52:07,466 [WARN] IP:2113 - I2C_Coeff_DF not found: check if there is a RefParameter without a condition.
2023-06-04 19:52:07,466 [WARN] IP:2113 - Analog_Filter not found: check if there is a RefParameter without a condition.
2023-06-04 19:52:09,532 [WARN] IP:2113 - I2C_Coeff_DF not found: check if there is a RefParameter without a condition.
2023-06-04 19:52:09,532 [WARN] IP:2113 - Analog_Filter not found: check if there is a RefParameter without a condition.
2023-06-04 19:52:09,532 [WARN] IP:2113 - I2C_Coeff_DF not found: check if there is a RefParameter without a condition.
2023-06-04 19:52:09,532 [WARN] IP:2113 - Analog_Filter not found: check if there is a RefParameter without a condition.
2023-06-04 19:52:09,547 [WARN] IP:2113 - I2C_Coeff_DF not found: check if there is a RefParameter without a condition.
2023-06-04 19:52:09,547 [WARN] IP:2113 - Analog_Filter not found: check if there is a RefParameter without a condition.
2023-06-04 19:52:09,560 [WARN] IP:2113 - I2C_Coeff_DF not found: check if there is a RefParameter without a condition.
2023-06-04 19:52:09,560 [WARN] IP:2113 - Analog_Filter not found: check if there is a RefParameter without a condition.
2023-06-04 19:52:17,208 [WARN] IP:2113 - I2C_Coeff_DF not found: check if there is a RefParameter without a condition.
2023-06-04 19:52:17,208 [WARN] IP:2113 - Analog_Filter not found: check if there is a RefParameter without a condition.
2023-06-04 19:52:17,209 [WARN] IP:2113 - I2C_Coeff_DF not found: check if there is a RefParameter without a condition.
2023-06-04 19:52:17,209 [WARN] IP:2113 - Analog_Filter not found: check if there is a RefParameter without a condition.
2023-06-04 19:52:17,223 [WARN] IP:2113 - I2C_Coeff_DF not found: check if there is a RefParameter without a condition.
2023-06-04 19:52:17,223 [WARN] IP:2113 - Analog_Filter not found: check if there is a RefParameter without a condition.
2023-06-04 19:52:17,238 [WARN] IP:2113 - I2C_Coeff_DF not found: check if there is a RefParameter without a condition.
2023-06-04 19:52:17,238 [WARN] IP:2113 - Analog_Filter not found: check if there is a RefParameter without a condition.
2023-06-04 19:52:19,293 [WARN] IP:2113 - I2C_Coeff_DF not found: check if there is a RefParameter without a condition.
2023-06-04 19:52:19,293 [WARN] IP:2113 - Analog_Filter not found: check if there is a RefParameter without a condition.
2023-06-04 19:52:19,293 [WARN] IP:2113 - I2C_Coeff_DF not found: check if there is a RefParameter without a condition.
2023-06-04 19:52:19,294 [WARN] IP:2113 - Analog_Filter not found: check if there is a RefParameter without a condition.
2023-06-04 19:52:19,307 [WARN] IP:2113 - I2C_Coeff_DF not found: check if there is a RefParameter without a condition.
2023-06-04 19:52:19,307 [WARN] IP:2113 - Analog_Filter not found: check if there is a RefParameter without a condition.
2023-06-04 19:52:19,321 [WARN] IP:2113 - I2C_Coeff_DF not found: check if there is a RefParameter without a condition.
2023-06-04 19:52:19,321 [WARN] IP:2113 - Analog_Filter not found: check if there is a RefParameter without a condition.
2023-06-04 19:52:21,262 [WARN] IP:2113 - I2C_Coeff_DF not found: check if there is a RefParameter without a condition.
2023-06-04 19:52:21,262 [WARN] IP:2113 - Analog_Filter not found: check if there is a RefParameter without a condition.
2023-06-04 19:52:21,262 [WARN] IP:2113 - I2C_Coeff_DF not found: check if there is a RefParameter without a condition.
2023-06-04 19:52:21,262 [WARN] IP:2113 - Analog_Filter not found: check if there is a RefParameter without a condition.
2023-06-04 19:52:21,276 [WARN] IP:2113 - I2C_Coeff_DF not found: check if there is a RefParameter without a condition.
2023-06-04 19:52:21,276 [WARN] IP:2113 - Analog_Filter not found: check if there is a RefParameter without a condition.
2023-06-04 19:52:21,294 [WARN] IP:2113 - I2C_Coeff_DF not found: check if there is a RefParameter without a condition.
2023-06-04 19:52:21,295 [WARN] IP:2113 - Analog_Filter not found: check if there is a RefParameter without a condition.
2023-06-04 19:52:23,812 [WARN] IP:2113 - I2C_Coeff_DF not found: check if there is a RefParameter without a condition.
2023-06-04 19:52:23,812 [WARN] IP:2113 - Analog_Filter not found: check if there is a RefParameter without a condition.
2023-06-04 19:52:23,812 [WARN] IP:2113 - I2C_Coeff_DF not found: check if there is a RefParameter without a condition.
2023-06-04 19:52:23,812 [WARN] IP:2113 - Analog_Filter not found: check if there is a RefParameter without a condition.
2023-06-04 19:52:23,827 [WARN] IP:2113 - I2C_Coeff_DF not found: check if there is a RefParameter without a condition.
2023-06-04 19:52:23,828 [WARN] IP:2113 - Analog_Filter not found: check if there is a RefParameter without a condition.
2023-06-04 19:52:23,841 [WARN] IP:2113 - I2C_Coeff_DF not found: check if there is a RefParameter without a condition.
2023-06-04 19:52:23,841 [WARN] IP:2113 - Analog_Filter not found: check if there is a RefParameter without a condition.
2023-06-04 19:52:31,915 [WARN] IP:2113 - I2C_Coeff_DF not found: check if there is a RefParameter without a condition.
2023-06-04 19:52:31,916 [WARN] IP:2113 - Analog_Filter not found: check if there is a RefParameter without a condition.
2023-06-04 19:52:31,916 [WARN] IP:2113 - I2C_Coeff_DF not found: check if there is a RefParameter without a condition.
2023-06-04 19:52:31,916 [WARN] IP:2113 - Analog_Filter not found: check if there is a RefParameter without a condition.
2023-06-04 19:52:31,932 [WARN] IP:2113 - I2C_Coeff_DF not found: check if there is a RefParameter without a condition.
2023-06-04 19:52:31,932 [WARN] IP:2113 - Analog_Filter not found: check if there is a RefParameter without a condition.
2023-06-04 19:52:31,965 [WARN] IP:2113 - I2C_Coeff_DF not found: check if there is a RefParameter without a condition.
2023-06-04 19:52:31,965 [WARN] IP:2113 - Analog_Filter not found: check if there is a RefParameter without a condition.
2023-06-04 19:53:01,551 [WARN] IP:2113 - I2C_Coeff_DF not found: check if there is a RefParameter without a condition.
2023-06-04 19:53:01,552 [WARN] IP:2113 - Analog_Filter not found: check if there is a RefParameter without a condition.
2023-06-04 19:53:01,581 [WARN] IP:2113 - I2C_Coeff_DF not found: check if there is a RefParameter without a condition.
2023-06-04 19:53:01,581 [WARN] IP:2113 - Analog_Filter not found: check if there is a RefParameter without a condition.
2023-06-04 19:53:01,581 [WARN] IP:2113 - I2C_Coeff_DF not found: check if there is a RefParameter without a condition.
2023-06-04 19:53:01,581 [WARN] IP:2113 - Analog_Filter not found: check if there is a RefParameter without a condition.
2023-06-04 19:53:01,644 [WARN] IP:2113 - I2C_Coeff_DF not found: check if there is a RefParameter without a condition.
2023-06-04 19:53:01,645 [WARN] IP:2113 - Analog_Filter not found: check if there is a RefParameter without a condition.
2023-06-04 19:53:01,645 [WARN] IP:2113 - I2C_Coeff_DF not found: check if there is a RefParameter without a condition.
2023-06-04 19:53:01,645 [WARN] IP:2113 - Analog_Filter not found: check if there is a RefParameter without a condition.
2023-06-04 19:53:04,641 [WARN] IP:2113 - I2C_Coeff_DF not found: check if there is a RefParameter without a condition.
2023-06-04 19:53:04,641 [WARN] IP:2113 - Analog_Filter not found: check if there is a RefParameter without a condition.
2023-06-04 19:53:04,668 [WARN] IP:2113 - I2C_Coeff_DF not found: check if there is a RefParameter without a condition.
2023-06-04 19:53:04,668 [WARN] IP:2113 - Analog_Filter not found: check if there is a RefParameter without a condition.
2023-06-04 19:53:04,668 [WARN] IP:2113 - I2C_Coeff_DF not found: check if there is a RefParameter without a condition.
2023-06-04 19:53:04,668 [WARN] IP:2113 - Analog_Filter not found: check if there is a RefParameter without a condition.
2023-06-04 19:53:04,725 [WARN] IP:2113 - I2C_Coeff_DF not found: check if there is a RefParameter without a condition.
2023-06-04 19:53:04,725 [WARN] IP:2113 - Analog_Filter not found: check if there is a RefParameter without a condition.
2023-06-04 19:53:04,725 [WARN] IP:2113 - I2C_Coeff_DF not found: check if there is a RefParameter without a condition.
2023-06-04 19:53:04,725 [WARN] IP:2113 - Analog_Filter not found: check if there is a RefParameter without a condition.
2023-06-04 19:53:42,933 [WARN] IP:2113 - I2C_Coeff_DF not found: check if there is a RefParameter without a condition.
2023-06-04 19:53:42,934 [WARN] IP:2113 - Analog_Filter not found: check if there is a RefParameter without a condition.
2023-06-04 19:53:42,934 [WARN] IP:2113 - I2C_Coeff_DF not found: check if there is a RefParameter without a condition.
2023-06-04 19:53:42,934 [WARN] IP:2113 - Analog_Filter not found: check if there is a RefParameter without a condition.
2023-06-04 19:53:48,287 [INFO] UtilMem:75 - End SaveConfig() Used Memory: 304942568 Bytes (724566016)
2023-06-04 19:53:48,368 [INFO] UtilMem:75 - End SaveConfig() Used Memory: 330108392 Bytes (724566016)
2023-06-04 19:53:48,516 [INFO] BlockDiagram:2759 - set Specific Code input for plugin: SPI
2023-06-04 19:53:48,516 [INFO] BlockDiagram:2759 - set Specific Code input for plugin: TIM1_8
2023-06-04 19:53:48,516 [INFO] BlockDiagram:2759 - set Specific Code input for plugin: TIM1_8
2023-06-04 19:53:48,516 [INFO] BlockDiagram:2759 - set Specific Code input for plugin: SYS
2023-06-04 19:53:48,517 [INFO] BlockDiagram:2759 - set Specific Code input for plugin: RCC
2023-06-04 19:53:48,517 [INFO] BlockDiagram:2759 - set Specific Code input for plugin: I2C
2023-06-04 19:53:48,517 [INFO] BlockDiagram:2759 - set Specific Code input for plugin: NVIC
2023-06-04 19:53:48,517 [INFO] BlockDiagram:2759 - set Specific Code input for plugin: USART
2023-06-04 19:53:48,517 [INFO] BlockDiagram:2759 - set Specific Code input for plugin: GPIO
2023-06-04 19:53:48,518 [INFO] CodeGenerator:793 - code generatio: config db path: C:\ST\STM32CubeIDE_1.12.1\STM32CubeIDE\plugins\com.st.stm32cube.common.mx_6.8.1.202304191431\\db\
2023-06-04 19:53:48,519 [WARN] IP:2113 - I2C_Coeff_DF not found: check if there is a RefParameter without a condition.
2023-06-04 19:53:48,519 [WARN] IP:2113 - Analog_Filter not found: check if there is a RefParameter without a condition.
2023-06-04 19:53:48,610 [INFO] CodeEngine:255 - oldGeneratedFile, C:\Users\tanda\Desktop\Sensor\Code_V1\MXTmpFiles\license.tmp_save
2023-06-04 19:53:48,671 [INFO] CodeEngine:279 - Generated code: C:\Users\tanda\Desktop\Sensor\Code_V1\MXTmpFiles\license.tmp
2023-06-04 19:53:48,707 [INFO] CodeEngine:255 - oldGeneratedFile, C:\Users\tanda\Desktop\Sensor\Code_V1\MXTmpFiles\gpio.tmp_save
2023-06-04 19:53:48,772 [INFO] CodeEngine:279 - Generated code: C:\Users\tanda\Desktop\Sensor\Code_V1\MXTmpFiles\gpio.tmp
2023-06-04 19:53:48,927 [INFO] CodeEngine:255 - oldGeneratedFile, C:\Users\tanda\Desktop\Sensor\Code_V1\Core\Src\stm32f4xx_it.c_save
2023-06-04 19:53:49,054 [INFO] CodeEngine:279 - Generated code: C:\Users\tanda\Desktop\Sensor\Code_V1\Core\Src\stm32f4xx_it.c
2023-06-04 19:53:49,062 [INFO] CodeEngine:255 - oldGeneratedFile, C:\Users\tanda\Desktop\Sensor\Code_V1\Core\Inc\stm32f4xx_it.h_save
2023-06-04 19:53:49,106 [INFO] CodeEngine:279 - Generated code: C:\Users\tanda\Desktop\Sensor\Code_V1\Core\Inc\stm32f4xx_it.h
2023-06-04 19:53:49,116 [INFO] CodeEngine:255 - oldGeneratedFile, C:\Users\tanda\Desktop\Sensor\Code_V1\Core\Src\stm32f4xx_hal_msp.c_save
2023-06-04 19:53:49,197 [INFO] CodeEngine:279 - Generated code: C:\Users\tanda\Desktop\Sensor\Code_V1\Core\Src\stm32f4xx_hal_msp.c
2023-06-04 19:53:49,204 [INFO] CodeEngine:255 - oldGeneratedFile, C:\Users\tanda\Desktop\Sensor\Code_V1\MXTmpFiles\system.tmp_save
2023-06-04 19:53:49,243 [INFO] CodeEngine:279 - Generated code: C:\Users\tanda\Desktop\Sensor\Code_V1\MXTmpFiles\system.tmp
2023-06-04 19:53:49,252 [INFO] CodeEngine:311 - oldGeneratedFile, C:\Users\tanda\Desktop\Sensor\Code_V1\Core\Inc\stm32f4xx_hal_conf.h_save
2023-06-04 19:53:49,307 [INFO] CodeEngine:335 - Generated code: C:\Users\tanda\Desktop\Sensor\Code_V1\Core\Inc\stm32f4xx_hal_conf.h
2023-06-04 19:53:49,330 [WARN] IPConfigManager:3431 - IP not found : TIM
2023-06-04 19:53:49,331 [WARN] CodeGenerator:3754 - IP not found : null
2023-06-04 19:53:49,339 [INFO] CodeEngine:255 - oldGeneratedFile, C:\Users\tanda\Desktop\Sensor\Code_V1\Core\Inc\main.h_save
2023-06-04 19:53:49,401 [INFO] CodeEngine:279 - Generated code: C:\Users\tanda\Desktop\Sensor\Code_V1\Core\Inc\main.h
2023-06-04 19:53:49,409 [INFO] CodeEngine:255 - oldGeneratedFile, C:\Users\tanda\Desktop\Sensor\Code_V1\Core\Src\main.c_save
2023-06-04 19:53:49,496 [INFO] CodeEngine:279 - Generated code: C:\Users\tanda\Desktop\Sensor\Code_V1\Core\Src\main.c
2023-06-04 19:53:49,796 [INFO] ProjectBuilder:2996 - Time for Copy HAL[1] : 69mS.
2023-06-04 19:53:49,798 [INFO] ProjectBuilder:4304 - Project Generator version: 3.19.2
2023-06-04 19:53:49,908 [INFO] ConfigFileManager:1483 - The Die is : DIE413
2023-06-04 19:53:50,795 [INFO] ProjectBuilder:4505 - Time for Generating toolchain IDE Files: 997mS.
2023-06-04 19:53:50,795 [INFO] ProjectBuilder:2867 - Time for Copy CMSIS : 0mS.
2023-06-04 19:53:50,796 [INFO] ProjectBuilder:2867 - Time for Copy CMSIS : 0mS.
2023-06-04 20:48:32,072 [ERROR] LogOutputStream:75 - [STDERR_REDIRECT] Exception in thread "Thread-18407" org.eclipse.core.runtime.AssertionFailedException: assertion failed: first folded line is greater than the caption line
2023-06-04 20:48:32,073 [ERROR] LogOutputStream:75 - [STDERR_REDIRECT] 	at org.eclipse.core.runtime.Assert.isTrue(Assert.java:113)
2023-06-04 20:48:32,075 [ERROR] LogOutputStream:75 - [STDERR_REDIRECT] 	at org.eclipse.cdt.internal.ui.text.folding.DefaultCFoldingStructureProvider$CommentPosition.computeProjectionRegions(DefaultCFoldingStructureProvider.java:628)
2023-06-04 20:48:32,076 [ERROR] LogOutputStream:75 - [STDERR_REDIRECT] 	at org.eclipse.jface.text.source.projection.ProjectionViewer.computeCollapsedRegions(ProjectionViewer.java:1103)
2023-06-04 20:48:32,078 [ERROR] LogOutputStream:75 - [STDERR_REDIRECT] 	at org.eclipse.jface.text.source.projection.ProjectionSummary.createSummaries(ProjectionSummary.java:210)
2023-06-04 20:48:32,079 [ERROR] LogOutputStream:75 - [STDERR_REDIRECT] 	at org.eclipse.jface.text.source.projection.ProjectionSummary.internalUpdateSummaries(ProjectionSummary.java:159)
2023-06-04 20:48:32,081 [ERROR] LogOutputStream:75 - [STDERR_REDIRECT] 	at org.eclipse.jface.text.source.projection.ProjectionSummary$Summarizer.run(ProjectionSummary.java:74)
