2023-06-15 15:42:34,367 [INFO] Activator:176 - 


2023-06-15 15:42:34,371 [INFO] Activator:177 - !SESSION log4j initialized
2023-06-15 15:42:39,916 [INFO] LogOutputStream:77 - [STDOUT_REDIRECT] 
2023-06-15 15:43:02,116 [ERROR] LogOutputStream:75 - [STDERR_REDIRECT] SLF4J: Failed to load class "org.slf4j.impl.StaticLoggerBinder".
2023-06-15 15:43:02,116 [ERROR] LogOutputStream:75 - [STDERR_REDIRECT] SLF4J: Defaulting to no-operation (NOP) logger implementation
2023-06-15 15:43:02,117 [ERROR] LogOutputStream:75 - [STDERR_REDIRECT] SLF4J: See http://www.slf4j.org/codes.html#StaticLoggerBinder for further details.
2023-06-15 15:44:58,537 [INFO] ApplicationProperties:184 - Using Application install path: C:\ST\STM32CubeIDE_1.12.1\STM32CubeIDE\plugins\com.st.stm32cube.common.mx_6.8.1.202304191431
2023-06-15 15:44:58,550 [INFO] DbMcusXml:78 - Set database path to: C:\ST\STM32CubeIDE_1.12.1\STM32CubeIDE\plugins\com.st.stm32cube.common.mx_6.8.1.202304191431\\db\/mcu/
2023-06-15 15:44:58,551 [INFO] ApiDb:274 - Set plugin database path to: C:\ST\STM32CubeIDE_1.12.1\STM32CubeIDE\plugins\com.st.stm32cube.common.mx_6.8.1.202304191431\\db\/plugins/boardmanager/
2023-06-15 15:44:58,552 [WARN] ApiDb:259 - Overriding images path with different value:  => C:\ST\STM32CubeIDE_1.12.1\STM32CubeIDE\plugins\com.st.stm32cube.common.mx_6.8.1.202304191431\\db\/plugins/mcufinder/images/
2023-06-15 15:44:58,568 [INFO] ApiDb:250 - Set database path to: C:\Users\tanda\.stmcufinder\plugins\mcufinder//mcu/
2023-06-15 15:44:58,569 [INFO] DbMcusAds:125 - Set database path to: C:\Users\tanda\.stmcufinder\plugins\mcufinder//mcu/
2023-06-15 15:44:59,618 [INFO] CrossReferenceDbSqlite:203 - Set database path to: C:\Users\tanda\.stmcufinder\plugins\mcufinder//mcu/cs/
2023-06-15 15:44:59,716 [INFO] RulesReader:64 - Compatibility file has been processed (293 Rules)
2023-06-15 15:44:59,802 [INFO] DbMcusXml:78 - Set database path to: C:\ST\STM32CubeIDE_1.12.1\STM32CubeIDE\plugins\com.st.stm32cube.common.mx_6.8.1.202304191431\\db\/mcu/
2023-06-15 15:44:59,802 [INFO] ApiDb:274 - Set plugin database path to: C:\ST\STM32CubeIDE_1.12.1\STM32CubeIDE\plugins\com.st.stm32cube.common.mx_6.8.1.202304191431\\db\/plugins/boardmanager/
2023-06-15 15:44:59,802 [INFO] ApiDb:261 - Set plugin images path to: C:\ST\STM32CubeIDE_1.12.1\STM32CubeIDE\plugins\com.st.stm32cube.common.mx_6.8.1.202304191431\\db\/plugins/mcufinder/images/
2023-06-15 15:44:59,802 [WARN] DbFile:41 - Overriding database path with different value: C:\Users\tanda\.stmcufinder\plugins\mcufinder/ => C:\Users\tanda\.stmcufinder\plugins\mcufinder
2023-06-15 15:44:59,803 [INFO] ApiDb:250 - Set database path to: C:\Users\tanda\.stmcufinder\plugins\mcufinder//mcu/
2023-06-15 15:44:59,803 [WARN] DbFile:41 - Overriding database path with different value: C:\Users\tanda\.stmcufinder\plugins\mcufinder/ => C:\Users\tanda\.stmcufinder\plugins\mcufinder
2023-06-15 15:44:59,803 [INFO] DbMcusAds:125 - Set database path to: C:\Users\tanda\.stmcufinder\plugins\mcufinder//mcu/
2023-06-15 15:44:59,803 [WARN] DbFile:41 - Overriding database path with different value: C:\Users\tanda\.stmcufinder\plugins\mcufinder/ => C:\Users\tanda\.stmcufinder\plugins\mcufinder
2023-06-15 15:44:59,803 [WARN] DbFile:41 - Overriding database path with different value: C:\Users\tanda\.stmcufinder\plugins\mcufinder/ => C:\Users\tanda\.stmcufinder\plugins\mcufinder
2023-06-15 15:44:59,803 [INFO] CrossReferenceDbSqlite:203 - Set database path to: C:\Users\tanda\.stmcufinder\plugins\mcufinder//mcu/cs/
2023-06-15 15:44:59,865 [INFO] MainPanel:253 - HeapMemory: 436207616
2023-06-15 15:44:59,935 [INFO] DbMcusXml:78 - Set database path to: C:\ST\STM32CubeIDE_1.12.1\STM32CubeIDE\plugins\com.st.stm32cube.common.mx_6.8.1.202304191431\\db\/mcu/
2023-06-15 15:44:59,935 [INFO] ApiDb:274 - Set plugin database path to: C:\ST\STM32CubeIDE_1.12.1\STM32CubeIDE\plugins\com.st.stm32cube.common.mx_6.8.1.202304191431\\db\/plugins/boardmanager/
2023-06-15 15:44:59,935 [INFO] ApiDb:261 - Set plugin images path to: C:\ST\STM32CubeIDE_1.12.1\STM32CubeIDE\plugins\com.st.stm32cube.common.mx_6.8.1.202304191431\\db\/plugins/mcufinder/images/
2023-06-15 15:44:59,936 [WARN] DbFile:41 - Overriding database path with different value: C:\Users\tanda\.stmcufinder\plugins\mcufinder/ => C:\Users\tanda\.stmcufinder\plugins\mcufinder
2023-06-15 15:44:59,936 [INFO] ApiDb:250 - Set database path to: C:\Users\tanda\.stmcufinder\plugins\mcufinder//mcu/
2023-06-15 15:44:59,936 [WARN] DbFile:41 - Overriding database path with different value: C:\Users\tanda\.stmcufinder\plugins\mcufinder/ => C:\Users\tanda\.stmcufinder\plugins\mcufinder
2023-06-15 15:44:59,936 [INFO] DbMcusAds:125 - Set database path to: C:\Users\tanda\.stmcufinder\plugins\mcufinder//mcu/
2023-06-15 15:44:59,936 [WARN] DbFile:41 - Overriding database path with different value: C:\Users\tanda\.stmcufinder\plugins\mcufinder/ => C:\Users\tanda\.stmcufinder\plugins\mcufinder
2023-06-15 15:44:59,936 [WARN] DbFile:41 - Overriding database path with different value: C:\Users\tanda\.stmcufinder\plugins\mcufinder/ => C:\Users\tanda\.stmcufinder\plugins\mcufinder
2023-06-15 15:44:59,936 [INFO] CrossReferenceDbSqlite:203 - Set database path to: C:\Users\tanda\.stmcufinder\plugins\mcufinder//mcu/cs/
2023-06-15 15:44:59,948 [INFO] ApplicationProperties:184 - Using Application install path: C:\ST\STM32CubeIDE_1.12.1\STM32CubeIDE\plugins\com.st.stm32cube.common.mx_6.8.1.202304191431
2023-06-15 15:44:59,949 [INFO] PluginManage:196 - Search for loadable plugins [exclusion list=, ]
2023-06-15 15:44:59,950 [INFO] PluginManage:310 - Check plugin analytics
2023-06-15 15:45:00,101 [INFO] AnalyticsPlugin:253 - Accepted Software Licenses: STM32CubeMX.6.8.1
2023-06-15 15:45:00,102 [INFO] AnalyticsPlugin:255 - Accepted CMSIS Pack Licenses: 
2023-06-15 15:45:00,102 [INFO] AnalyticsPlugin:257 - Accepted Firmware Licenses: FW.F4.1.27.0
2023-06-15 15:45:00,111 [INFO] PluginManage:359 - Loaded plugin analytics (category:tool,tabindex:-1)
2023-06-15 15:45:00,111 [INFO] PluginManage:310 - Check plugin cadmodel
2023-06-15 15:45:00,122 [INFO] CADModel:105 - Init CAD model plugin
2023-06-15 15:45:00,122 [INFO] PluginManage:359 - Loaded plugin cadmodel (category:power,tabindex:5)
2023-06-15 15:45:00,122 [INFO] PluginManage:310 - Check plugin clock
2023-06-15 15:45:00,143 [INFO] PluginManage:359 - Loaded plugin clock (category:base,tabindex:2)
2023-06-15 15:45:00,143 [INFO] PluginManage:310 - Check plugin ddr
2023-06-15 15:45:00,145 [INFO] PluginManage:359 - Loaded plugin ddr (category:tool,tabindex:6)
2023-06-15 15:45:00,146 [INFO] PluginManage:310 - Check plugin filemanager
2023-06-15 15:45:00,250 [INFO] PluginManage:359 - Loaded plugin filemanager (category:base,tabindex:10)
2023-06-15 15:45:00,250 [INFO] PluginManage:310 - Check plugin ipmanager
2023-06-15 15:45:00,256 [INFO] PluginManage:359 - Loaded plugin ipmanager (category:base,tabindex:5)
2023-06-15 15:45:00,256 [INFO] PluginManage:310 - Check plugin lpbam
2023-06-15 15:45:00,270 [INFO] PluginManage:359 - Loaded plugin lpbam (category:base,tabindex:0)
2023-06-15 15:45:00,270 [INFO] PluginManage:310 - Check plugin pinoutandconfiguration
2023-06-15 15:45:00,282 [INFO] PluginManage:359 - Loaded plugin pinoutandconfiguration (category:base,tabindex:1)
2023-06-15 15:45:00,283 [INFO] PluginManage:310 - Check plugin pinoutconfig
2023-06-15 15:45:00,354 [WARN] SupportedApi:132 - Cannot load RTOS API schema: s4s-elt-must-match.1: The content of 'definitions' must match (annotation?, (simpleType | complexType)?, (unique | key | keyref)*)). A problem was found starting at: attribute.
2023-06-15 15:45:00,443 [INFO] PluginManage:359 - Loaded plugin pinoutconfig (category:base,tabindex:0)
2023-06-15 15:45:00,443 [INFO] PluginManage:310 - Check plugin power
2023-06-15 15:45:00,458 [INFO] PluginManage:359 - Loaded plugin power (category:power,tabindex:4)
2023-06-15 15:45:00,458 [INFO] PluginManage:310 - Check plugin projectmanager
2023-06-15 15:45:00,472 [INFO] PluginManage:359 - Loaded plugin projectmanager (category:projectmanager,tabindex:3)
2023-06-15 15:45:00,472 [INFO] PluginManage:310 - Check plugin thirdparty
2023-06-15 15:45:00,668 [INFO] PluginManage:359 - Loaded plugin thirdparty (category:base,tabindex:-1)
2023-06-15 15:45:00,668 [INFO] PluginManage:310 - Check plugin tools
2023-06-15 15:45:00,668 [WARN] IntegrityCheckThread:84 - waiting for thirdparty lock release [integrity check]
2023-06-15 15:45:00,668 [INFO] IntegrityCheckThread:86 - entering critical section [integrity check]
2023-06-15 15:45:00,670 [INFO] ThirdPartyUpdaterWithRetryManager:70 - Updater plugin not ready yet. [1/15]
2023-06-15 15:45:00,686 [INFO] PluginManage:359 - Loaded plugin tools (category:base,tabindex:7)
2023-06-15 15:45:00,686 [INFO] PluginManage:310 - Check plugin tutovideos
2023-06-15 15:45:00,825 [INFO] PluginManage:359 - Loaded plugin tutovideos (category:base,tabindex:-1)
2023-06-15 15:45:00,825 [INFO] PluginManage:310 - Check plugin updater
2023-06-15 15:45:00,836 [INFO] PluginManage:359 - Loaded plugin updater (category:base,tabindex:12)
2023-06-15 15:45:00,836 [INFO] PluginManage:283 - PluginManage : Loaded plugins [15]
2023-06-15 15:45:01,019 [INFO] PinOutPanel:1499 - setPackage(No Configuration,No Configuration)
2023-06-15 15:45:01,066 [INFO] CADModel:165 - CPN selected for project level
2023-06-15 15:45:01,066 [INFO] CADModel:114 - Register for checkConnection events
2023-06-15 15:45:01,084 [INFO] IPUIPlugin:80 - create IPUIPlugin
2023-06-15 15:45:01,084 [INFO] PluginManager:220 - loadIPPluginJar : add adc
2023-06-15 15:45:01,105 [INFO] IPUIPlugin:80 - create IPUIPlugin
2023-06-15 15:45:01,105 [INFO] PluginManager:220 - loadIPPluginJar : add aes
2023-06-15 15:45:01,126 [INFO] IPUIPlugin:80 - create IPUIPlugin
2023-06-15 15:45:01,126 [INFO] PluginManager:220 - loadIPPluginJar : add can
2023-06-15 15:45:01,139 [INFO] IPUIPlugin:80 - create IPUIPlugin
2023-06-15 15:45:01,139 [INFO] PluginManager:220 - loadIPPluginJar : add comp
2023-06-15 15:45:01,157 [INFO] IPUIPlugin:80 - create IPUIPlugin
2023-06-15 15:45:01,157 [INFO] PluginManager:220 - loadIPPluginJar : add cryp
2023-06-15 15:45:01,172 [INFO] IPUIPlugin:80 - create IPUIPlugin
2023-06-15 15:45:01,172 [INFO] PluginManager:220 - loadIPPluginJar : add dfsdm
2023-06-15 15:45:01,181 [INFO] IPUIPlugin:80 - create IPUIPlugin
2023-06-15 15:45:01,181 [INFO] PluginManager:220 - loadIPPluginJar : add dma
2023-06-15 15:45:01,204 [INFO] IPUIPlugin:80 - create IPUIPlugin
2023-06-15 15:45:01,204 [INFO] PluginManager:220 - loadIPPluginJar : add dma3
2023-06-15 15:45:01,215 [INFO] IPUIPlugin:80 - create IPUIPlugin
2023-06-15 15:45:01,215 [INFO] PluginManager:220 - loadIPPluginJar : add fatfs
2023-06-15 15:45:01,240 [INFO] IPUIPlugin:80 - create IPUIPlugin
2023-06-15 15:45:01,240 [INFO] PluginManager:220 - loadIPPluginJar : add fmc
2023-06-15 15:45:01,250 [INFO] IPUIPlugin:80 - create IPUIPlugin
2023-06-15 15:45:01,250 [INFO] PluginManager:220 - loadIPPluginJar : add freertos
2023-06-15 15:45:01,262 [INFO] IPUIPlugin:80 - create IPUIPlugin
2023-06-15 15:45:01,262 [INFO] PluginManager:220 - loadIPPluginJar : add genericplugin
2023-06-15 15:45:01,310 [INFO] IPUIPlugin:80 - create IPUIPlugin
2023-06-15 15:45:01,310 [INFO] PluginManager:220 - loadIPPluginJar : add gfxmmu
2023-06-15 15:45:01,380 [INFO] IPUIPlugin:80 - create IPUIPlugin
2023-06-15 15:45:01,380 [INFO] PluginManager:220 - loadIPPluginJar : add gic
2023-06-15 15:45:01,388 [INFO] IPUIPlugin:80 - create IPUIPlugin
2023-06-15 15:45:01,389 [INFO] PluginManager:220 - loadIPPluginJar : add gpio
2023-06-15 15:45:01,436 [INFO] IPUIPlugin:80 - create IPUIPlugin
2023-06-15 15:45:01,436 [INFO] PluginManager:220 - loadIPPluginJar : add gtzc
2023-06-15 15:45:01,453 [INFO] IPUIPlugin:80 - create IPUIPlugin
2023-06-15 15:45:01,453 [INFO] PluginManager:220 - loadIPPluginJar : add hash
2023-06-15 15:45:01,480 [INFO] IPUIPlugin:80 - create IPUIPlugin
2023-06-15 15:45:01,480 [INFO] PluginManager:220 - loadIPPluginJar : add i2c
2023-06-15 15:45:01,500 [INFO] IPUIPlugin:80 - create IPUIPlugin
2023-06-15 15:45:01,500 [INFO] PluginManager:220 - loadIPPluginJar : add i2s
2023-06-15 15:45:01,521 [INFO] IPUIPlugin:80 - create IPUIPlugin
2023-06-15 15:45:01,521 [INFO] PluginManager:220 - loadIPPluginJar : add i3c
2023-06-15 15:45:01,578 [INFO] IPUIPlugin:80 - create IPUIPlugin
2023-06-15 15:45:01,579 [INFO] PluginManager:220 - loadIPPluginJar : add ipddr
2023-06-15 15:45:01,627 [INFO] IPUIPlugin:80 - create IPUIPlugin
2023-06-15 15:45:01,627 [INFO] PluginManager:220 - loadIPPluginJar : add linkedlist
2023-06-15 15:45:01,646 [INFO] IPUIPlugin:80 - create IPUIPlugin
2023-06-15 15:45:01,646 [INFO] PluginManager:220 - loadIPPluginJar : add lorawan
2023-06-15 15:45:01,664 [INFO] IPUIPlugin:80 - create IPUIPlugin
2023-06-15 15:45:01,664 [INFO] PluginManager:220 - loadIPPluginJar : add ltdc
2023-06-15 15:45:01,673 [INFO] IPUIPlugin:80 - create IPUIPlugin
2023-06-15 15:45:01,674 [INFO] PluginManager:220 - loadIPPluginJar : add mdma
2023-06-15 15:45:01,683 [INFO] IPUIPlugin:80 - create IPUIPlugin
2023-06-15 15:45:01,683 [INFO] PluginManager:220 - loadIPPluginJar : add nvic
2023-06-15 15:45:01,703 [INFO] IPUIPlugin:80 - create IPUIPlugin
2023-06-15 15:45:01,703 [INFO] PluginManager:220 - loadIPPluginJar : add opamp
2023-06-15 15:45:01,733 [INFO] IPUIPlugin:80 - create IPUIPlugin
2023-06-15 15:45:01,733 [INFO] PluginManager:220 - loadIPPluginJar : add openamp
2023-06-15 15:45:01,757 [INFO] IPUIPlugin:80 - create IPUIPlugin
2023-06-15 15:45:01,757 [INFO] PluginManager:220 - loadIPPluginJar : add pdm2pcm
2023-06-15 15:45:01,767 [INFO] IPUIPlugin:80 - create IPUIPlugin
2023-06-15 15:45:01,769 [INFO] PluginManager:220 - loadIPPluginJar : add plateformsettings
2023-06-15 15:45:01,782 [INFO] IPUIPlugin:80 - create IPUIPlugin
2023-06-15 15:45:01,782 [INFO] PluginManager:220 - loadIPPluginJar : add quadspi
2023-06-15 15:45:01,790 [INFO] IPUIPlugin:80 - create IPUIPlugin
2023-06-15 15:45:01,790 [INFO] PluginManager:220 - loadIPPluginJar : add resmgrutility
2023-06-15 15:45:01,815 [INFO] IPUIPlugin:80 - create IPUIPlugin
2023-06-15 15:45:01,822 [INFO] PluginManager:220 - loadIPPluginJar : add sai
2023-06-15 15:45:01,847 [INFO] IPUIPlugin:80 - create IPUIPlugin
2023-06-15 15:45:01,847 [INFO] PluginManager:220 - loadIPPluginJar : add spi
2023-06-15 15:45:01,887 [INFO] IPUIPlugin:80 - create IPUIPlugin
2023-06-15 15:45:01,887 [INFO] PluginManager:220 - loadIPPluginJar : add stm32_wpan
2023-06-15 15:45:01,925 [INFO] IPUIPlugin:80 - create IPUIPlugin
2023-06-15 15:45:01,925 [INFO] PluginManager:220 - loadIPPluginJar : add tim
2023-06-15 15:45:01,964 [INFO] IPUIPlugin:80 - create IPUIPlugin
2023-06-15 15:45:01,964 [INFO] PluginManager:220 - loadIPPluginJar : add touchsensing
2023-06-15 15:45:01,978 [INFO] IPUIPlugin:80 - create IPUIPlugin
2023-06-15 15:45:01,978 [INFO] PluginManager:220 - loadIPPluginJar : add tracer_emb
2023-06-15 15:45:01,993 [INFO] IPUIPlugin:80 - create IPUIPlugin
2023-06-15 15:45:01,994 [INFO] PluginManager:220 - loadIPPluginJar : add ts
2023-06-15 15:45:02,007 [INFO] IPUIPlugin:80 - create IPUIPlugin
2023-06-15 15:45:02,007 [INFO] PluginManager:220 - loadIPPluginJar : add tsc
2023-06-15 15:45:02,019 [INFO] IPUIPlugin:80 - create IPUIPlugin
2023-06-15 15:45:02,019 [INFO] PluginManager:220 - loadIPPluginJar : add ucpd
2023-06-15 15:45:02,044 [INFO] IPUIPlugin:80 - create IPUIPlugin
2023-06-15 15:45:02,044 [INFO] PluginManager:220 - loadIPPluginJar : add usart
2023-06-15 15:45:02,066 [INFO] IPUIPlugin:80 - create IPUIPlugin
2023-06-15 15:45:02,066 [INFO] PluginManager:220 - loadIPPluginJar : add usbx
2023-06-15 15:45:02,174 [INFO] CADModel:165 - CPN selected for project level
2023-06-15 15:45:02,174 [INFO] CADModel:114 - Register for checkConnection events
2023-06-15 15:45:02,175 [FATAL] Updater:308 - Updater called before beeing initialized
2023-06-15 15:45:02,175 [ERROR] CADModel:125 - Updater not yet initialized, retry later 
2023-06-15 15:45:02,296 [INFO] CADModel:165 - CPN selected for project level
2023-06-15 15:45:02,297 [INFO] CADModel:114 - Register for checkConnection events
2023-06-15 15:45:02,297 [FATAL] Updater:308 - Updater called before beeing initialized
2023-06-15 15:45:02,297 [ERROR] CADModel:125 - Updater not yet initialized, retry later 
2023-06-15 15:45:02,301 [FATAL] Updater:308 - Updater called before beeing initialized
2023-06-15 15:45:02,423 [FATAL] Updater:308 - Updater called before beeing initialized
2023-06-15 15:45:02,434 [INFO] DbMcusAds:53 - JSON generation date=Tue Mar 07 15:50:55 ICT 2023 (1678179055335)
2023-06-15 15:45:02,434 [FATAL] Updater:308 - Updater called before beeing initialized
2023-06-15 15:45:02,471 [WARN] DetailPanel:346 - Failed to get advertising image, set to default
2023-06-15 15:45:02,538 [FATAL] Updater:308 - Updater called before beeing initialized
2023-06-15 15:45:02,539 [FATAL] Updater:308 - Updater called before beeing initialized
2023-06-15 15:45:02,539 [FATAL] Updater:308 - Updater called before beeing initialized
2023-06-15 15:45:02,539 [WARN] DetailPanel:346 - Failed to get advertising image, set to default
2023-06-15 15:45:02,539 [FATAL] Updater:308 - Updater called before beeing initialized
2023-06-15 15:45:02,580 [ERROR] Updater:1120 - MainUpdater not yet initialized. External WinMGr cannot be set.
2023-06-15 15:45:02,587 [INFO] Updater:1056 - Updater Version found : 6.8.1
2023-06-15 15:45:02,604 [INFO] ApplicationProperties:184 - Using Application install path: C:\ST\STM32CubeIDE_1.12.1\STM32CubeIDE\plugins\com.st.stm32cube.common.mx_6.8.1.202304191431
2023-06-15 15:45:02,690 [INFO] MainUpdater:2854 - connection check result : 10
2023-06-15 15:45:02,691 [INFO] MainUpdater:283 - Updater Check For Update Now.
2023-06-15 15:45:02,691 [INFO] MicroXplorer:498 - Change Database Version : DB.6.0.81
2023-06-15 15:45:02,850 [INFO] CheckServerUpdateThread:120 - End of CheckServer Thread
2023-06-15 15:45:02,926 [INFO] MainUpdater:2854 - connection check result : 10
2023-06-15 15:45:02,948 [INFO] McuFinderGlobals:66 - Set McuFinderConnectedMode to true
2023-06-15 15:45:03,276 [INFO] ServerAccessManage:473 - Download File mcusAds.json._tmp_
2023-06-15 15:45:03,388 [INFO] LoadUrlFilesThread:156 - End of LoadUrlFiles Thread
2023-06-15 15:45:03,645 [INFO] ServerAccessManage:473 - Download File cube-finder-db.zip
2023-06-15 15:45:03,678 [WARN] MainUpdater:1187 - Updater busy. Cannot search thirdparties
2023-06-15 15:45:03,678 [INFO] ThirdPartyUpdaterWithRetryManager:96 - Updater plugin is busy. [1/15]
2023-06-15 15:45:06,681 [WARN] MainUpdater:1187 - Updater busy. Cannot search thirdparties
2023-06-15 15:45:06,681 [INFO] ThirdPartyUpdaterWithRetryManager:96 - Updater plugin is busy. [2/15]
2023-06-15 15:45:09,465 [INFO] FileExtend:240 - Unzip File : cube-finder-db.zip
2023-06-15 15:45:09,465 [INFO] FileExtend:255 - Standard Zip Deflate
2023-06-15 15:45:09,690 [WARN] MainUpdater:1187 - Updater busy. Cannot search thirdparties
2023-06-15 15:45:09,690 [INFO] ThirdPartyUpdaterWithRetryManager:96 - Updater plugin is busy. [3/15]
2023-06-15 15:45:10,073 [INFO] LoadUrlFilesThread:156 - End of LoadUrlFiles Thread
2023-06-15 15:45:11,374 [INFO] ServerAccessManage:473 - Download File crdb.zip
2023-06-15 15:45:12,704 [WARN] MainUpdater:1187 - Updater busy. Cannot search thirdparties
2023-06-15 15:45:12,704 [INFO] ThirdPartyUpdaterWithRetryManager:96 - Updater plugin is busy. [4/15]
2023-06-15 15:45:12,716 [INFO] FileExtend:240 - Unzip File : crdb.zip
2023-06-15 15:45:12,717 [INFO] FileExtend:255 - Standard Zip Deflate
2023-06-15 15:45:12,853 [INFO] LoadUrlFilesThread:156 - End of LoadUrlFiles Thread
2023-06-15 15:45:12,893 [INFO] ServerAccessManage:473 - Download File tutoVideoDB.zip
2023-06-15 15:45:12,913 [INFO] FileExtend:240 - Unzip File : tutoVideoDB.zip
2023-06-15 15:45:12,914 [INFO] FileExtend:255 - Standard Zip Deflate
2023-06-15 15:45:13,043 [INFO] LoadUrlFilesThread:156 - End of LoadUrlFiles Thread
2023-06-15 15:45:13,058 [WARN] DbFile:41 - Overriding database path with different value: C:\Users\tanda\.stmcufinder\plugins\mcufinder/ => C:\Users\tanda\.stmcufinder\plugins\mcufinder
2023-06-15 15:45:13,181 [INFO] ServerAccessManage:473 - Download File api_config.json
2023-06-15 15:45:13,309 [INFO] LoadUrlFilesThread:156 - End of LoadUrlFiles Thread
2023-06-15 15:45:13,309 [INFO] DbMcusAds:53 - JSON generation date=Tue Mar 07 15:50:55 ICT 2023 (1678179055335)
2023-06-15 15:45:13,326 [INFO] LoadUrlFilesThread:185 - End of LoadServerUrlFiles without Thread
2023-06-15 15:45:13,326 [INFO] TargetSelectorAdapter:259 - Refresh data is successful
2023-06-15 15:45:13,410 [INFO] ApiDb:581 - Connected to CubeFinder SQLite database (C:\Users\tanda\.stmcufinder\plugins\mcufinder\mcu\cube-finder-db.db)
2023-06-15 15:45:13,442 [INFO] ApiDb:668 - CubeFinder database Data Model version=2.1
2023-06-15 15:45:13,443 [INFO] ApiDb:669 - CubeFinder database Configuration version=3.0.35
2023-06-15 15:45:13,443 [INFO] ApiDb:670 - CubeFinder database generation date=2023-05-12 (1683877179)
2023-06-15 15:45:13,443 [INFO] ApiDb:671 - CubeFinder database FW Pack versions=[FP-ATR-ASTRA1_V2.0.0, FP-SNS-FLIGHT1_V5.0.0, FP-SNS-MOTENV1_V4.3.0, STM32Cube_FW_C0_V1.0.1, STM32Cube_FW_F0_V1.11.4, STM32Cube_FW_F3_V1.11.4, STM32Cube_FW_F4_V1.27.1, STM32Cube_FW_F7_V1.17.0, STM32Cube_FW_G0_V1.6.1, STM32Cube_FW_G4_V1.5.1, STM32Cube_FW_H5_V0.5.1, STM32Cube_FW_H5_V1.0.0, STM32Cube_FW_H7_V1.11.0, STM32Cube_FW_L0_V1.12.2, STM32Cube_FW_L5_V1.5.0, STM32Cube_FW_U5_V1.2.0, STM32Cube_FW_WBA_V1.0.0, STM32Cube_FW_WBA_V1.0.0RC1, STM32Cube_FW_WBA_V1.0.0RC3, STM32Cube_FW_WB_V1.15.0RC1, STM32Cube_FW_WB_V1.16.0, STM32Cube_FW_WB_V1.16.0RC2, STM32Cube_FW_WL_V1.3.0, X-CUBE-ALGOBUILD_V1.3.0, X-CUBE-ALS_V1.0.1, X-CUBE-AZRTOS-F4_V1.1.0, X-CUBE-AZRTOS-F7_V1.1.0, X-CUBE-AZRTOS-G0_V1.1.0, X-CUBE-AZRTOS-G4_V2.0.0, X-CUBE-AZRTOS-H7_V3.1.0, X-CUBE-AZRTOS-L4_V1.0.0, X-CUBE-AZRTOS-L5_V1.1.0, X-CUBE-AZRTOS-WB_V1.1.0, X-CUBE-AZRTOS-WL_V1.0.0, X-CUBE-BLE1_V6.2.4, X-CUBE-BLE2_V3.3.0, X-CUBE-BLEMGR_V2.0.0, X-CUBE-EEPRMA1_V4.1.0, X-CUBE-FREERTOS_V1.0.1, X-CUBE-GNSS1_V6.0.0, X-CUBE-MEMS1_V9.1.0, X-CUBE-MEMS1_V9.4.0, X-CUBE-MEMS1_V9.6.0, X-CUBE-NFC4_V3.0.0, X-CUBE-NFC7_V1.0.0, X-CUBE-SFXS2LP1_V4.0.0, X-CUBE-SUBG2_V5.0.0]
2023-06-15 15:45:14,474 [INFO] ApiDb:240 - Found 297 in-development CPN: [B-G473E-ZEST1S, B-WB1M-WPAN1, B-WL5M-SUBG1, NUCLEO-C031C6, NUCLEO-H503RB, NUCLEO-H563ZI, NUCLEO-U545RE-Q, NUCLEO-U5A5ZJ-Q, NUCLEO-WBA52CG, STEVAL-PROTEUS1, STEVAL-STWINBX1, STM320518-EVAL, STM32C0116-DK, STM32C011D6Y3TR, STM32C011D6Y6TR, STM32C011F4P3, STM32C011F4P6, STM32C011F4U3, STM32C011F4U6TR, STM32C011F6P3, STM32C011F6P6, STM32C011F6U3, STM32C011F6U6TR, STM32C011J4M3, STM32C011J4M6, STM32C011J6M3, STM32C011J6M6, STM32C0316-DK, STM32C031C4T3, STM32C031C4T6, STM32C031C4U3, STM32C031C4U6, STM32C031C6T3, STM32C031C6T6, STM32C031C6U3, STM32C031C6U6, STM32C031F4P3, STM32C031F4P6, STM32C031F6P3, STM32C031F6P6, STM32C031G4U3, STM32C031G4U6, STM32C031G6U3, STM32C031G6U6, STM32C031K4T3, STM32C031K4T6, STM32C031K4U3, STM32C031K4U6, STM32C031K6T3, STM32C031K6T6, STM32C031K6U3, STM32C031K6U6, STM32G071K8TXN, STM32G071K8UXN, STM32G081GBU6N, STM32G081KBT6N, STM32G081KBUXN, STM32G0B1CCT6N, STM32G0B1KCT6, STM32G0B1NEY6TR, STM32G0B1RCT6N, STM32G0C1CCT6, STM32G0C1CCT6N, STM32G0C1CCU6N, STM32G0C1CET6N, STM32G0C1CEU6N, STM32G0C1KCT6, STM32G0C1NEY6TR, STM32G0C1RCI6N, STM32G0C1RCT6N, STM32G0C1REI6N, STM32G0C1RET6N, STM32G0C1VCI6, STM32G0C1VEI6, STM32G471CCT6, STM32G471CCU6, STM32G471CET3, STM32G471CET6, STM32G471CEU3, STM32G471CEU6, STM32G471MCT6, STM32G471MET3, STM32G471MET6, STM32G471MEY6TR, STM32G471QCT6, STM32G471QET3, STM32G471RCT6, STM32G471RET3, STM32G471RET6, STM32G471VCH6, STM32G471VCI6, STM32G471VCT6, STM32G471VEH3, STM32G471VEH6, STM32G471VEI3, STM32G471VEI6, STM32G471VET3, STM32G471VET6, STM32G474CCT6, STM32H503CBT6, STM32H503CBU6, STM32H503EBY6TR, STM32H503KBU6, STM32H503RBT6, STM32H562AGI6, STM32H562AII6, STM32H562IGK6, STM32H562IGT6, STM32H562IIK6, STM32H562IIT6, STM32H562RGT6, STM32H562RGV6, STM32H562RIT6, STM32H562RIV6, STM32H562VGT6, STM32H562VIT6, STM32H562ZGT6, STM32H562ZIT6, STM32H563AGI6, STM32H563AII3Q, STM32H563AII6, STM32H563IGK6, STM32H563IGT6, STM32H563IIK3Q, STM32H563IIK6, STM32H563IIT3Q, STM32H563IIT6, STM32H563MIY3QTR, STM32H563RGT6, STM32H563RGV6, STM32H563RIT6, STM32H563RIV6, STM32H563VGT6, STM32H563VIT3Q, STM32H563VIT6, STM32H563ZGT6, STM32H563ZIT3Q, STM32H563ZIT6, STM32H573AII3Q, STM32H573AII6, STM32H573I-DK, STM32H573IIK3Q, STM32H573IIK6, STM32H573IIT3Q, STM32H573IIT6, STM32H573MIY3QTR, STM32H573RIT6, STM32H573RIV6, STM32H573VIT3Q, STM32H573VIT6, STM32H573ZIT3Q, STM32H573ZIT6, STM32L4R5QGI6STR, STM32MP131AAE3, STM32MP131AAF3, STM32MP131AAG3, STM32MP131CAE3, STM32MP131CAF3, STM32MP131CAG3, STM32MP131DAE7, STM32MP131DAF7, STM32MP131DAG7, STM32MP131FAE7, STM32MP131FAF7, STM32MP131FAG7, STM32MP133AAE3, STM32MP133AAF3, STM32MP133AAG3, STM32MP133CAE3, STM32MP133CAF3, STM32MP133CAG3, STM32MP133DAE7, STM32MP133DAF7, STM32MP133DAG7, STM32MP133FAE7, STM32MP133FAF7, STM32MP133FAG7, STM32MP135AAE3, STM32MP135AAF3, STM32MP135AAG3, STM32MP135CAE3, STM32MP135CAF3, STM32MP135CAG3, STM32MP135DAE7, STM32MP135DAF7, STM32MP135DAG7, STM32MP135F-DK, STM32MP135FAE7, STM32MP135FAF7, STM32MP135FAF7T, STM32MP135FAF7U, STM32MP135FAG7, STM32U535CBT6, STM32U535CBT6Q, STM32U535CBU6, STM32U535CBU6Q, STM32U535CCT6, STM32U535CCT6Q, STM32U535CCU6, STM32U535CCU6Q, STM32U535CET6, STM32U535CET6Q, STM32U535CEU6, STM32U535CEU6Q, STM32U535JEY6QTR, STM32U535NCY6QTR, STM32U535NEY6QTR, STM32U535RBI6, STM32U535RBI6Q, STM32U535RBT6, STM32U535RBT6Q, STM32U535RCI6, STM32U535RCI6Q, STM32U535RCT6, STM32U535RCT6Q, STM32U535REI6, STM32U535REI6Q, STM32U535RET6, STM32U535RET6Q, STM32U535VCI6, STM32U535VCI6Q, STM32U535VCT6, STM32U535VCT6Q, STM32U535VEI6, STM32U535VEI6Q, STM32U535VET6, STM32U535VET6Q, STM32U545CET6, STM32U545CET6Q, STM32U545CEU6, STM32U545CEU6Q, STM32U545JEY6QTR, STM32U545NEY6QTR, STM32U545REI6, STM32U545REI6Q, STM32U545RET6, STM32U545RET6Q, STM32U545VEI6, STM32U545VEI6Q, STM32U545VET6, STM32U545VET6Q, STM32U595AIH6, STM32U595AIH6Q, STM32U595AJH6, STM32U595AJH6Q, STM32U595QII6, STM32U595QII6Q, STM32U595QJI6, STM32U595QJI6Q, STM32U595RIT6, STM32U595RIT6Q, STM32U595RJT6, STM32U595RJT6Q, STM32U595VIT6, STM32U595VIT6Q, STM32U595VJT6, STM32U595VJT6Q, STM32U595ZIT6, STM32U595ZIT6Q, STM32U595ZIY6QTR, STM32U595ZJT6, STM32U595ZJT6Q, STM32U595ZJY6QTR, STM32U599BJY6QTR, STM32U599NIH6Q, STM32U599NJH6Q, STM32U599VIT6Q, STM32U599VJT6, STM32U599VJT6Q, STM32U599ZIT6Q, STM32U599ZIY6QTR, STM32U599ZJT6Q, STM32U599ZJY6QTR, STM32U5A5AJH6, STM32U5A5AJH6Q, STM32U5A5QJI6, STM32U5A5QJI6Q, STM32U5A5RJT6, STM32U5A5RJT6Q, STM32U5A5VJT6, STM32U5A5VJT6Q, STM32U5A5ZJT6, STM32U5A5ZJT6Q, STM32U5A5ZJY6QTR, STM32U5A9BJY6QTR, STM32U5A9J-DK, STM32U5A9NJH6Q, STM32U5A9VJT6Q, STM32U5A9ZJT6Q, STM32U5A9ZJY6QTR, STM32WB1MMCH6, STM32WBA52CEU6, STM32WBA52CEU6T, STM32WBA52CGU6, STM32WBA52CGU6T, STM32WL5MOCH6, STM32WL5MOCH6TR]
2023-06-15 15:45:14,478 [INFO] DbMcus:216 - Found 3775 MCUs, 3775 are supported
2023-06-15 15:45:14,480 [INFO] ApiDb:423 - Load user favorites file C:\Users\tanda/.stm32cubeide/favorites.mcus.txt: 0 item(s)
2023-06-15 15:45:14,481 [INFO] ApiDb:427 - User favorites MCUs=[]
2023-06-15 15:45:14,482 [INFO] DbMcus:222 - Set 0 / 0 favorites MCUs
2023-06-15 15:45:14,628 [INFO] ApiDb:668 - CubeFinder database Data Model version=2.1
2023-06-15 15:45:14,628 [INFO] ApiDb:669 - CubeFinder database Configuration version=3.0.35
2023-06-15 15:45:14,628 [INFO] ApiDb:670 - CubeFinder database generation date=2023-05-12 (1683877179)
2023-06-15 15:45:14,628 [INFO] ApiDb:671 - CubeFinder database FW Pack versions=[FP-ATR-ASTRA1_V2.0.0, FP-SNS-FLIGHT1_V5.0.0, FP-SNS-MOTENV1_V4.3.0, STM32Cube_FW_C0_V1.0.1, STM32Cube_FW_F0_V1.11.4, STM32Cube_FW_F3_V1.11.4, STM32Cube_FW_F4_V1.27.1, STM32Cube_FW_F7_V1.17.0, STM32Cube_FW_G0_V1.6.1, STM32Cube_FW_G4_V1.5.1, STM32Cube_FW_H5_V0.5.1, STM32Cube_FW_H5_V1.0.0, STM32Cube_FW_H7_V1.11.0, STM32Cube_FW_L0_V1.12.2, STM32Cube_FW_L5_V1.5.0, STM32Cube_FW_U5_V1.2.0, STM32Cube_FW_WBA_V1.0.0, STM32Cube_FW_WBA_V1.0.0RC1, STM32Cube_FW_WBA_V1.0.0RC3, STM32Cube_FW_WB_V1.15.0RC1, STM32Cube_FW_WB_V1.16.0, STM32Cube_FW_WB_V1.16.0RC2, STM32Cube_FW_WL_V1.3.0, X-CUBE-ALGOBUILD_V1.3.0, X-CUBE-ALS_V1.0.1, X-CUBE-AZRTOS-F4_V1.1.0, X-CUBE-AZRTOS-F7_V1.1.0, X-CUBE-AZRTOS-G0_V1.1.0, X-CUBE-AZRTOS-G4_V2.0.0, X-CUBE-AZRTOS-H7_V3.1.0, X-CUBE-AZRTOS-L4_V1.0.0, X-CUBE-AZRTOS-L5_V1.1.0, X-CUBE-AZRTOS-WB_V1.1.0, X-CUBE-AZRTOS-WL_V1.0.0, X-CUBE-BLE1_V6.2.4, X-CUBE-BLE2_V3.3.0, X-CUBE-BLEMGR_V2.0.0, X-CUBE-EEPRMA1_V4.1.0, X-CUBE-FREERTOS_V1.0.1, X-CUBE-GNSS1_V6.0.0, X-CUBE-MEMS1_V9.1.0, X-CUBE-MEMS1_V9.4.0, X-CUBE-MEMS1_V9.6.0, X-CUBE-NFC4_V3.0.0, X-CUBE-NFC7_V1.0.0, X-CUBE-SFXS2LP1_V4.0.0, X-CUBE-SUBG2_V5.0.0]
2023-06-15 15:45:14,666 [INFO] DbBoardsSqlite:226 - include board P-NUCLEO-WB55-NUCLEO as a kit item of type 'Nucleo-64'
2023-06-15 15:45:14,666 [INFO] DbBoardsSqlite:226 - include board P-NUCLEO-WB55-USBDONGLE as a kit item of type 'Nucleo USB Dongle'
2023-06-15 15:45:14,666 [INFO] DbBoardsSqlite:226 - include board STEVAL-IDP005V1 as a kit item of type 'Evaluation Board'
2023-06-15 15:45:14,666 [INFO] DbBoardsSqlite:226 - include board STEVAL-IDP005V2 as a kit item of type 'Evaluation Board'
2023-06-15 15:45:14,692 [INFO] ApiDb:240 - Found 297 in-development CPN: [B-G473E-ZEST1S, B-WB1M-WPAN1, B-WL5M-SUBG1, NUCLEO-C031C6, NUCLEO-H503RB, NUCLEO-H563ZI, NUCLEO-U545RE-Q, NUCLEO-U5A5ZJ-Q, NUCLEO-WBA52CG, STEVAL-PROTEUS1, STEVAL-STWINBX1, STM320518-EVAL, STM32C0116-DK, STM32C011D6Y3TR, STM32C011D6Y6TR, STM32C011F4P3, STM32C011F4P6, STM32C011F4U3, STM32C011F4U6TR, STM32C011F6P3, STM32C011F6P6, STM32C011F6U3, STM32C011F6U6TR, STM32C011J4M3, STM32C011J4M6, STM32C011J6M3, STM32C011J6M6, STM32C0316-DK, STM32C031C4T3, STM32C031C4T6, STM32C031C4U3, STM32C031C4U6, STM32C031C6T3, STM32C031C6T6, STM32C031C6U3, STM32C031C6U6, STM32C031F4P3, STM32C031F4P6, STM32C031F6P3, STM32C031F6P6, STM32C031G4U3, STM32C031G4U6, STM32C031G6U3, STM32C031G6U6, STM32C031K4T3, STM32C031K4T6, STM32C031K4U3, STM32C031K4U6, STM32C031K6T3, STM32C031K6T6, STM32C031K6U3, STM32C031K6U6, STM32G071K8TXN, STM32G071K8UXN, STM32G081GBU6N, STM32G081KBT6N, STM32G081KBUXN, STM32G0B1CCT6N, STM32G0B1KCT6, STM32G0B1NEY6TR, STM32G0B1RCT6N, STM32G0C1CCT6, STM32G0C1CCT6N, STM32G0C1CCU6N, STM32G0C1CET6N, STM32G0C1CEU6N, STM32G0C1KCT6, STM32G0C1NEY6TR, STM32G0C1RCI6N, STM32G0C1RCT6N, STM32G0C1REI6N, STM32G0C1RET6N, STM32G0C1VCI6, STM32G0C1VEI6, STM32G471CCT6, STM32G471CCU6, STM32G471CET3, STM32G471CET6, STM32G471CEU3, STM32G471CEU6, STM32G471MCT6, STM32G471MET3, STM32G471MET6, STM32G471MEY6TR, STM32G471QCT6, STM32G471QET3, STM32G471RCT6, STM32G471RET3, STM32G471RET6, STM32G471VCH6, STM32G471VCI6, STM32G471VCT6, STM32G471VEH3, STM32G471VEH6, STM32G471VEI3, STM32G471VEI6, STM32G471VET3, STM32G471VET6, STM32G474CCT6, STM32H503CBT6, STM32H503CBU6, STM32H503EBY6TR, STM32H503KBU6, STM32H503RBT6, STM32H562AGI6, STM32H562AII6, STM32H562IGK6, STM32H562IGT6, STM32H562IIK6, STM32H562IIT6, STM32H562RGT6, STM32H562RGV6, STM32H562RIT6, STM32H562RIV6, STM32H562VGT6, STM32H562VIT6, STM32H562ZGT6, STM32H562ZIT6, STM32H563AGI6, STM32H563AII3Q, STM32H563AII6, STM32H563IGK6, STM32H563IGT6, STM32H563IIK3Q, STM32H563IIK6, STM32H563IIT3Q, STM32H563IIT6, STM32H563MIY3QTR, STM32H563RGT6, STM32H563RGV6, STM32H563RIT6, STM32H563RIV6, STM32H563VGT6, STM32H563VIT3Q, STM32H563VIT6, STM32H563ZGT6, STM32H563ZIT3Q, STM32H563ZIT6, STM32H573AII3Q, STM32H573AII6, STM32H573I-DK, STM32H573IIK3Q, STM32H573IIK6, STM32H573IIT3Q, STM32H573IIT6, STM32H573MIY3QTR, STM32H573RIT6, STM32H573RIV6, STM32H573VIT3Q, STM32H573VIT6, STM32H573ZIT3Q, STM32H573ZIT6, STM32L4R5QGI6STR, STM32MP131AAE3, STM32MP131AAF3, STM32MP131AAG3, STM32MP131CAE3, STM32MP131CAF3, STM32MP131CAG3, STM32MP131DAE7, STM32MP131DAF7, STM32MP131DAG7, STM32MP131FAE7, STM32MP131FAF7, STM32MP131FAG7, STM32MP133AAE3, STM32MP133AAF3, STM32MP133AAG3, STM32MP133CAE3, STM32MP133CAF3, STM32MP133CAG3, STM32MP133DAE7, STM32MP133DAF7, STM32MP133DAG7, STM32MP133FAE7, STM32MP133FAF7, STM32MP133FAG7, STM32MP135AAE3, STM32MP135AAF3, STM32MP135AAG3, STM32MP135CAE3, STM32MP135CAF3, STM32MP135CAG3, STM32MP135DAE7, STM32MP135DAF7, STM32MP135DAG7, STM32MP135F-DK, STM32MP135FAE7, STM32MP135FAF7, STM32MP135FAF7T, STM32MP135FAF7U, STM32MP135FAG7, STM32U535CBT6, STM32U535CBT6Q, STM32U535CBU6, STM32U535CBU6Q, STM32U535CCT6, STM32U535CCT6Q, STM32U535CCU6, STM32U535CCU6Q, STM32U535CET6, STM32U535CET6Q, STM32U535CEU6, STM32U535CEU6Q, STM32U535JEY6QTR, STM32U535NCY6QTR, STM32U535NEY6QTR, STM32U535RBI6, STM32U535RBI6Q, STM32U535RBT6, STM32U535RBT6Q, STM32U535RCI6, STM32U535RCI6Q, STM32U535RCT6, STM32U535RCT6Q, STM32U535REI6, STM32U535REI6Q, STM32U535RET6, STM32U535RET6Q, STM32U535VCI6, STM32U535VCI6Q, STM32U535VCT6, STM32U535VCT6Q, STM32U535VEI6, STM32U535VEI6Q, STM32U535VET6, STM32U535VET6Q, STM32U545CET6, STM32U545CET6Q, STM32U545CEU6, STM32U545CEU6Q, STM32U545JEY6QTR, STM32U545NEY6QTR, STM32U545REI6, STM32U545REI6Q, STM32U545RET6, STM32U545RET6Q, STM32U545VEI6, STM32U545VEI6Q, STM32U545VET6, STM32U545VET6Q, STM32U595AIH6, STM32U595AIH6Q, STM32U595AJH6, STM32U595AJH6Q, STM32U595QII6, STM32U595QII6Q, STM32U595QJI6, STM32U595QJI6Q, STM32U595RIT6, STM32U595RIT6Q, STM32U595RJT6, STM32U595RJT6Q, STM32U595VIT6, STM32U595VIT6Q, STM32U595VJT6, STM32U595VJT6Q, STM32U595ZIT6, STM32U595ZIT6Q, STM32U595ZIY6QTR, STM32U595ZJT6, STM32U595ZJT6Q, STM32U595ZJY6QTR, STM32U599BJY6QTR, STM32U599NIH6Q, STM32U599NJH6Q, STM32U599VIT6Q, STM32U599VJT6, STM32U599VJT6Q, STM32U599ZIT6Q, STM32U599ZIY6QTR, STM32U599ZJT6Q, STM32U599ZJY6QTR, STM32U5A5AJH6, STM32U5A5AJH6Q, STM32U5A5QJI6, STM32U5A5QJI6Q, STM32U5A5RJT6, STM32U5A5RJT6Q, STM32U5A5VJT6, STM32U5A5VJT6Q, STM32U5A5ZJT6, STM32U5A5ZJT6Q, STM32U5A5ZJY6QTR, STM32U5A9BJY6QTR, STM32U5A9J-DK, STM32U5A9NJH6Q, STM32U5A9VJT6Q, STM32U5A9ZJT6Q, STM32U5A9ZJY6QTR, STM32WB1MMCH6, STM32WBA52CEU6, STM32WBA52CEU6T, STM32WBA52CGU6, STM32WBA52CGU6T, STM32WL5MOCH6, STM32WL5MOCH6TR]
2023-06-15 15:45:14,759 [INFO] BoardInfo:880 - No configuration file found for board P-NUCLEO-WB55
2023-06-15 15:45:14,760 [INFO] DbBoards:157 - Kit is not supported: P-NUCLEO-WB55
2023-06-15 15:45:14,762 [INFO] BoardInfo:880 - No configuration file found for board STEVAL-BFA001V1B
2023-06-15 15:45:14,762 [INFO] DbBoards:157 - Kit is not supported: STEVAL-BFA001V1B
2023-06-15 15:45:14,763 [INFO] BoardInfo:880 - No configuration file found for board STEVAL-BFA001V2B
2023-06-15 15:45:14,763 [INFO] DbBoards:157 - Kit is not supported: STEVAL-BFA001V2B
2023-06-15 15:45:14,830 [INFO] DbBoards:161 - Found 187 boards, 184 are supported
2023-06-15 15:45:14,832 [INFO] ApiDb:423 - Load user favorites file C:\Users\tanda/.stm32cubeide/favorites.boards.txt: 0 item(s)
2023-06-15 15:45:14,832 [INFO] ApiDb:427 - User favorites Boards=[]
2023-06-15 15:45:14,832 [INFO] DbBoards:190 - Set 0 / 0 favorites Boards
2023-06-15 15:45:14,835 [INFO] ApiDb:668 - CubeFinder database Data Model version=2.1
2023-06-15 15:45:14,835 [INFO] ApiDb:669 - CubeFinder database Configuration version=3.0.35
2023-06-15 15:45:14,835 [INFO] ApiDb:670 - CubeFinder database generation date=2023-05-12 (1683877179)
2023-06-15 15:45:14,835 [INFO] ApiDb:671 - CubeFinder database FW Pack versions=[FP-ATR-ASTRA1_V2.0.0, FP-SNS-FLIGHT1_V5.0.0, FP-SNS-MOTENV1_V4.3.0, STM32Cube_FW_C0_V1.0.1, STM32Cube_FW_F0_V1.11.4, STM32Cube_FW_F3_V1.11.4, STM32Cube_FW_F4_V1.27.1, STM32Cube_FW_F7_V1.17.0, STM32Cube_FW_G0_V1.6.1, STM32Cube_FW_G4_V1.5.1, STM32Cube_FW_H5_V0.5.1, STM32Cube_FW_H5_V1.0.0, STM32Cube_FW_H7_V1.11.0, STM32Cube_FW_L0_V1.12.2, STM32Cube_FW_L5_V1.5.0, STM32Cube_FW_U5_V1.2.0, STM32Cube_FW_WBA_V1.0.0, STM32Cube_FW_WBA_V1.0.0RC1, STM32Cube_FW_WBA_V1.0.0RC3, STM32Cube_FW_WB_V1.15.0RC1, STM32Cube_FW_WB_V1.16.0, STM32Cube_FW_WB_V1.16.0RC2, STM32Cube_FW_WL_V1.3.0, X-CUBE-ALGOBUILD_V1.3.0, X-CUBE-ALS_V1.0.1, X-CUBE-AZRTOS-F4_V1.1.0, X-CUBE-AZRTOS-F7_V1.1.0, X-CUBE-AZRTOS-G0_V1.1.0, X-CUBE-AZRTOS-G4_V2.0.0, X-CUBE-AZRTOS-H7_V3.1.0, X-CUBE-AZRTOS-L4_V1.0.0, X-CUBE-AZRTOS-L5_V1.1.0, X-CUBE-AZRTOS-WB_V1.1.0, X-CUBE-AZRTOS-WL_V1.0.0, X-CUBE-BLE1_V6.2.4, X-CUBE-BLE2_V3.3.0, X-CUBE-BLEMGR_V2.0.0, X-CUBE-EEPRMA1_V4.1.0, X-CUBE-FREERTOS_V1.0.1, X-CUBE-GNSS1_V6.0.0, X-CUBE-MEMS1_V9.1.0, X-CUBE-MEMS1_V9.4.0, X-CUBE-MEMS1_V9.6.0, X-CUBE-NFC4_V3.0.0, X-CUBE-NFC7_V1.0.0, X-CUBE-SFXS2LP1_V4.0.0, X-CUBE-SUBG2_V5.0.0]
2023-06-15 15:45:15,292 [INFO] DbExamplesSqlite:376 - Ignored 45 examples not supported by CubeIDE
2023-06-15 15:45:15,292 [INFO] DbExamplesSqlite:377 - Found 7342 examples active
2023-06-15 15:45:15,293 [INFO] DbExamplesSqlite:378 - Found 1107 examples obsolete
2023-06-15 15:45:15,293 [INFO] DbExamplesSqlite:379 - Found 0 examples under development
2023-06-15 15:45:15,294 [INFO] DbExamplesSqlite:380 - Found 77 examples not building
2023-06-15 15:45:15,295 [INFO] DbExamples:125 - Found 7374 examples
2023-06-15 15:45:15,301 [INFO] DbExamples:222 - Found 92 boards with related examples
2023-06-15 15:45:15,302 [INFO] DbExamples:235 - Found 78 MCUs with related examples
2023-06-15 15:45:15,311 [INFO] ApiDb:423 - Load user favorites file C:\Users\tanda/.stm32cubeide/favorites.examples.txt: 0 item(s)
2023-06-15 15:45:15,311 [INFO] ApiDb:427 - User favorites Examples=[]
2023-06-15 15:45:15,311 [INFO] DbExamples:250 - Set 0 / 0 favorites Examples
2023-06-15 15:45:15,523 [INFO] McuFinderGlobals:66 - Set McuFinderConnectedMode to true
2023-06-15 15:45:15,532 [INFO] MultiScanPanel:200 - Auto-refresh data requested => check proxy status ongoing
2023-06-15 15:45:15,535 [INFO] FinderPluginLoader:95 - Searching for filters in installed packs
2023-06-15 15:45:15,867 [WARN] PackLoader:240 - Cannot read IP mode file for STMicroelectronics.X-CUBE-SMBUS.2.1.0
2023-06-15 15:45:15,909 [WARN] PackLoader:240 - Cannot read IP mode file for STMicroelectronics.X-CUBE-AZRTOS-F7.1.1.0
2023-06-15 15:45:15,933 [ERROR] RealEvaluatedCondition:428 - Found unsupported composite condition: CLASS='Data Exchange' GROUP='STM32_MetaDataManager'
2023-06-15 15:45:15,933 [ERROR] RealEvaluatedCondition:428 - Found unsupported composite condition: CLASS='Data Exchange' GROUP='STM32_MetaDataManager'
2023-06-15 15:45:15,934 [WARN] PackLoader:240 - Cannot read IP mode file for STMicroelectronics.FP-SNS-MOTENV1.4.3.1
2023-06-15 15:45:15,943 [WARN] PackLoader:240 - Cannot read IP mode file for STMicroelectronics.FP-SNS-FLIGHT1.5.0.1
2023-06-15 15:45:15,961 [WARN] PackLoader:240 - Cannot read IP mode file for STMicroelectronics.X-CUBE-BLE1.6.2.4
2023-06-15 15:45:15,973 [WARN] PackLoader:240 - Cannot read IP mode file for STMicroelectronics.X-CUBE-DISPLAY.3.0.0
2023-06-15 15:45:15,990 [INFO] LogOutputStream:77 - [STDOUT_REDIRECT] 1 : Invalid condition id : UX_CORESTACK_Condition cause : null
2023-06-15 15:45:15,991 [INFO] LogOutputStream:77 - [STDOUT_REDIRECT] 1 : Invalid condition id : UX_CORESTACK_Condition cause : null
2023-06-15 15:45:15,994 [INFO] LogOutputStream:77 - [STDOUT_REDIRECT] 1 : Invalid condition id : UX_CORESTACK_Condition cause : null
2023-06-15 15:45:15,995 [INFO] LogOutputStream:77 - [STDOUT_REDIRECT] 1 : Invalid condition id : UX_CORESTACK_Condition cause : null
2023-06-15 15:45:15,996 [INFO] LogOutputStream:77 - [STDOUT_REDIRECT] 1 : Invalid condition id : UX_CORESTACK_Condition cause : null
2023-06-15 15:45:15,999 [WARN] PackLoader:240 - Cannot read IP mode file for STMicroelectronics.X-CUBE-AZRTOS-WL.2.0.0
2023-06-15 15:45:16,016 [WARN] PackLoader:240 - Cannot read IP mode file for WES.I-CUBE-Cesium.1.3.0
2023-06-15 15:45:16,023 [WARN] PackLoader:240 - Cannot read IP mode file for STMicroelectronics.X-CUBE-BLE2.3.3.0
2023-06-15 15:45:16,034 [WARN] PackLoader:240 - Cannot read IP mode file for STMicroelectronics.X-CUBE-TOUCHGFX.4.21.4
2023-06-15 15:45:16,044 [WARN] PackLoader:240 - Cannot read IP mode file for STMicroelectronics.X-CUBE-ALGOBUILD.1.3.0
2023-06-15 15:45:16,060 [WARN] PackLoader:240 - Cannot read IP mode file for STMicroelectronics.X-CUBE-AZRTOS-G0.1.1.0
2023-06-15 15:45:16,069 [WARN] PackLoader:240 - Cannot read IP mode file for STMicroelectronics.X-CUBE-NFC4.3.0.0
2023-06-15 15:45:16,076 [WARN] PackLoader:240 - Cannot read IP mode file for STMicroelectronics.FP-ATR-SIGFOX1.3.2.0
2023-06-15 15:45:16,114 [WARN] PackLoader:240 - Cannot read IP mode file for SEGGER.I-CUBE-embOS.1.3.1
2023-06-15 15:45:16,143 [WARN] PackLoader:240 - Cannot read IP mode file for STMicroelectronics.X-CUBE-GNSS1.6.0.0
2023-06-15 15:45:16,163 [WARN] PackLoader:240 - Cannot read IP mode file for STMicroelectronics.X-CUBE-AZRTOS-F4.1.1.0
2023-06-15 15:45:16,172 [WARN] PackLoader:240 - Cannot read IP mode file for wolfSSL.I-CUBE-wolfSSL.5.6.0
2023-06-15 15:45:16,211 [WARN] PackLoader:240 - Cannot read IP mode file for STMicroelectronics.X-CUBE-MEMS1.9.6.0
2023-06-15 15:45:16,384 [WARN] PackLoader:240 - Cannot read IP mode file for emotas.I-CUBE-CANOPEN.1.1.3
2023-06-15 15:45:16,396 [WARN] PackLoader:240 - Cannot read IP mode file for STMicroelectronics.X-CUBE-BLEMGR.2.0.0
2023-06-15 15:45:16,419 [WARN] ConditionMgr:438 - getConditionDescription Invalid condition id : UX DEVICE CLASS RTOS Condition cause : null
2023-06-15 15:45:16,420 [WARN] ConditionMgr:438 - getConditionDescription Invalid condition id : UX DEVICE CLASS RTOS Condition cause : null
2023-06-15 15:45:16,422 [WARN] PackLoader:240 - Cannot read IP mode file for STMicroelectronics.X-CUBE-AZRTOS-H7.3.1.0
2023-06-15 15:45:16,424 [WARN] ConditionMgr:1039 - genDependencies : Invalid condition id : UX DEVICE CLASS RTOS Condition cause : null
2023-06-15 15:45:16,424 [WARN] ConditionMgr:1039 - genDependencies : Invalid condition id : UX DEVICE CLASS RTOS Condition cause : null
2023-06-15 15:45:16,425 [WARN] ConditionMgr:1039 - genDependencies : Invalid condition id : UX DEVICE CLASS RTOS Condition cause : null
2023-06-15 15:45:16,426 [WARN] ConditionMgr:1039 - genDependencies : Invalid condition id : UX DEVICE CLASS RTOS Condition cause : null
2023-06-15 15:45:16,426 [WARN] ConditionMgr:1039 - genDependencies : Invalid condition id : UX DEVICE CLASS RTOS Condition cause : null
2023-06-15 15:45:16,437 [WARN] PackLoader:240 - Cannot read IP mode file for STMicroelectronics.X-CUBE-NFC7.1.0.0
2023-06-15 15:45:16,448 [WARN] PackLoader:240 - Cannot read IP mode file for STMicroelectronics.X-CUBE-EEPRMA1.4.1.0
2023-06-15 15:45:16,468 [WARN] ConditionMgr:438 - getConditionDescription Invalid condition id : LAN8742 Phy interface Condition cause : null
2023-06-15 15:45:16,469 [WARN] PackLoader:240 - Cannot read IP mode file for STMicroelectronics.X-CUBE-AZRTOS-L4.2.0.0
2023-06-15 15:45:16,470 [WARN] ConditionMgr:1039 - genDependencies : Invalid condition id : LAN8742 Phy interface Condition cause : null
2023-06-15 15:45:16,470 [WARN] ConditionMgr:1039 - genDependencies : Invalid condition id : LAN8742 Phy interface Condition cause : null
2023-06-15 15:45:16,471 [WARN] ConditionMgr:1039 - genDependencies : Invalid condition id : LAN8742 Phy interface Condition cause : null
2023-06-15 15:45:16,481 [WARN] PackLoader:240 - Cannot read IP mode file for STMicroelectronics.X-CUBE-SFXS2LP1.4.0.0
2023-06-15 15:45:16,491 [WARN] PackLoader:240 - Cannot read IP mode file for STMicroelectronics.X-CUBE-ISPU.1.1.0
2023-06-15 15:45:16,500 [WARN] PackLoader:240 - Cannot read IP mode file for STMicroelectronics.X-CUBE-FREERTOS.1.0.1
2023-06-15 15:45:16,521 [WARN] PackLoader:240 - Cannot read IP mode file for STMicroelectronics.X-CUBE-AZRTOS-L5.1.1.0
2023-06-15 15:45:16,529 [WARN] PackLoader:240 - Cannot read IP mode file for STMicroelectronics.X-CUBE-AI.8.0.1
2023-06-15 15:45:16,541 [WARN] PackLoader:240 - Cannot read IP mode file for STMicroelectronics.X-CUBE-SUBG2.5.0.0
2023-06-15 15:45:16,563 [WARN] PackLoader:240 - Cannot read IP mode file for STMicroelectronics.X-CUBE-AZRTOS-G4.2.0.0
2023-06-15 15:45:16,576 [WARN] PackLoader:240 - Cannot read IP mode file for STMicroelectronics.X-CUBE-TOF1.3.3.0
2023-06-15 15:45:16,590 [WARN] PackLoader:240 - Cannot read IP mode file for portGmbH.I-Cube-SoM-uGOAL.1.1.0
2023-06-15 15:45:16,600 [WARN] PackLoader:240 - Cannot read IP mode file for STMicroelectronics.X-CUBE-ALS.1.0.1
2023-06-15 15:45:16,618 [WARN] PackLoader:240 - Cannot read IP mode file for STMicroelectronics.X-CUBE-AZRTOS-WB.1.1.0
2023-06-15 15:45:16,629 [WARN] PackLoader:240 - Cannot read IP mode file for STMicroelectronics.FP-ATR-ASTRA1.2.0.0
2023-06-15 15:45:16,630 [INFO] ThirdParty:978 - Integrity check success = true
2023-06-15 15:45:16,630 [INFO] IntegrityCheckThread:100 - exiting critical section [integrity check]
2023-06-15 15:45:16,630 [INFO] IntegrityCheckThread:103 - End integrity checks thread
2023-06-15 15:45:16,804 [INFO] LoadUrlFilesThread:185 - End of LoadServerUrlFiles without Thread
2023-06-15 15:45:16,815 [INFO] DetailPanel:341 - Set advertising image to C:/Users/tanda/STM32Cube/Repository/\en.prom-stm32h5-mcu-finder.jpg
2023-06-15 15:46:04,227 [INFO] MainUpdater:2854 - connection check result : 10
2023-06-15 15:46:04,227 [INFO] MainUpdater:2854 - connection check result : 10
2023-06-15 15:46:04,248 [INFO] MicroXplorer:468 - Change Database Path : 
2023-06-15 15:46:04,248 [INFO] MicroXplorer:498 - Change Database Version : DB.6.0.81
2023-06-15 15:46:04,248 [WARN] ThirdParty:871 - waiting for thirdparty lock release [close project]
2023-06-15 15:46:04,248 [INFO] ThirdParty:873 - entering critical section [close project]
2023-06-15 15:46:04,249 [INFO] ThirdParty:883 - exiting critical section [close project]
2023-06-15 15:46:04,250 [INFO] PinOutPanel:1499 - setPackage(No Configuration,No Configuration)
2023-06-15 15:46:04,253 [INFO] UtilMem:75 - Begin LoadConfig() Used Memory: 485535096 Bytes (588251136)
2023-06-15 15:46:04,254 [INFO] MicroXplorer:468 - Change Database Path : 
2023-06-15 15:46:04,255 [INFO] MicroXplorer:498 - Change Database Version : DB.6.0.81
2023-06-15 15:46:04,255 [INFO] OpenFileManager:308 - Change cursor
2023-06-15 15:46:04,306 [INFO] Mcu:1937 - Initializing MCU STM32F407VGTx STM32F407VGTx 
2023-06-15 15:46:04,306 [INFO] Mcu:1950 - No CPN specified => set CPN to STM32F407VGT6
2023-06-15 15:46:05,671 [INFO] Context:659 - Trying to add GPIOservice into a context  which must be forbidden
2023-06-15 15:46:06,002 [INFO] ImportTextPane:194 - (OptionalMessage_ERROR) Unable to find key (Mcu.ThirdPartyNb) in loaded IOC file
2023-06-15 15:46:06,002 [INFO] ImportTextPane:194 - (OptionalMessage_ERROR) Unable to find key (Mcu.PinsNb) in loaded IOC file
2023-06-15 15:46:06,002 [INFO] ImportTextPane:194 - (OptionalMessage_ERROR) Unable to find key (Mcu.IPNb) in loaded IOC file
2023-06-15 15:46:06,222 [INFO] RtosManager:555 - Registered RTOS mode: class=CMSIS, group=RTOS, mode=CMSIS_V1, owner=FREERTOS
2023-06-15 15:46:06,222 [INFO] RtosManager:555 - Registered RTOS mode: class=CMSIS, group=RTOS2, mode=CMSIS_V2, owner=FREERTOS
2023-06-15 15:46:06,222 [INFO] RtosManager:555 - Registered RTOS mode: class=RTOS, group=Core, mode=CMSIS_V1, owner=FREERTOS
2023-06-15 15:46:06,222 [INFO] RtosManager:555 - Registered RTOS mode: class=RTOS, group=Core, mode=CMSIS_V2, owner=FREERTOS
2023-06-15 15:46:06,223 [WARN] ModelIntegratedComponent:184 - Missing modes for component STMicroelectronics:FreeRTOS:0.0.1:STMicroelectronics:RTOS:FreeRTOS:Core:::10.2.0:
2023-06-15 15:46:06,238 [WARN] ModelIntegratedComponent:63 - No mode defined for component null
2023-06-15 15:46:06,238 [WARN] ModelIntegratedComponent:63 - No mode defined for component null
2023-06-15 15:46:06,238 [WARN] ModelIntegratedComponent:63 - No mode defined for component null
2023-06-15 15:46:06,239 [WARN] ModelIntegratedComponent:63 - No mode defined for component null
2023-06-15 15:46:06,239 [WARN] ModelIntegratedComponent:63 - No mode defined for component null
2023-06-15 15:46:06,240 [WARN] ModelIntegratedComponent:63 - No mode defined for component null
2023-06-15 15:46:06,240 [WARN] ModelIntegratedComponent:63 - No mode defined for component null
2023-06-15 15:46:06,240 [WARN] ModelIntegratedComponent:63 - No mode defined for component null
2023-06-15 15:46:06,240 [WARN] ModelIntegratedComponent:63 - No mode defined for component null
2023-06-15 15:46:06,240 [WARN] ModelIntegratedComponent:63 - No mode defined for component null
2023-06-15 15:46:06,240 [WARN] ModelIntegratedComponent:63 - No mode defined for component null
2023-06-15 15:46:06,241 [WARN] ModelIntegratedComponent:63 - No mode defined for component null
2023-06-15 15:46:06,241 [WARN] ModelIntegratedComponent:63 - No mode defined for component null
2023-06-15 15:46:06,241 [WARN] ModelIntegratedComponent:63 - No mode defined for component null
2023-06-15 15:46:06,241 [WARN] ModelIntegratedComponent:63 - No mode defined for component null
2023-06-15 15:46:06,241 [WARN] ModelIntegratedComponent:63 - No mode defined for component null
2023-06-15 15:46:06,241 [WARN] ModelIntegratedComponent:63 - No mode defined for component null
2023-06-15 15:46:06,241 [WARN] ModelIntegratedComponent:63 - No mode defined for component null
2023-06-15 15:46:06,242 [WARN] ModelIntegratedComponent:63 - No mode defined for component null
2023-06-15 15:46:06,242 [WARN] ModelIntegratedComponent:63 - No mode defined for component null
2023-06-15 15:46:06,242 [WARN] ModelIntegratedComponent:63 - No mode defined for component null
2023-06-15 15:46:06,242 [WARN] ModelIntegratedComponent:63 - No mode defined for component null
2023-06-15 15:46:06,242 [WARN] ModelIntegratedComponent:63 - No mode defined for component null
2023-06-15 15:46:06,243 [WARN] ModelIntegratedComponent:63 - No mode defined for component null
2023-06-15 15:46:06,243 [WARN] ModelIntegratedComponent:63 - No mode defined for component null
2023-06-15 15:46:06,243 [WARN] ModelIntegratedComponent:63 - No mode defined for component null
2023-06-15 15:46:06,243 [WARN] ModelIntegratedComponent:63 - No mode defined for component null
2023-06-15 15:46:06,243 [WARN] ModelIntegratedComponent:63 - No mode defined for component null
2023-06-15 15:46:06,243 [WARN] ModelIntegratedComponent:63 - No mode defined for component null
2023-06-15 15:46:06,244 [WARN] ModelIntegratedComponent:63 - No mode defined for component null
2023-06-15 15:46:06,244 [WARN] ModelIntegratedComponent:63 - No mode defined for component null
2023-06-15 15:46:06,244 [WARN] ModelIntegratedComponent:63 - No mode defined for component null
2023-06-15 15:46:06,244 [WARN] ModelIntegratedComponent:63 - No mode defined for component null
2023-06-15 15:46:06,266 [INFO] ThirdPartyModel:298 - Start build external matchings
2023-06-15 15:46:06,477 [INFO] ThirdPartyModel:316 - End build external matchings
2023-06-15 15:46:06,788 [INFO] UtilMem:75 - End LoadConfig() Used Memory: 516210728 Bytes (588251136)
2023-06-15 15:46:06,834 [WARN] ThirdParty:833 - waiting for thirdparty lock release [change project]
2023-06-15 15:46:06,834 [INFO] ThirdParty:835 - entering critical section [change project]
2023-06-15 15:46:06,834 [INFO] ThirdParty:1030 - CMSIS Pack Vendor :STMicroelectronics X-CUBE-ISPU 1.1.0
2023-06-15 15:46:06,834 [INFO] ThirdParty:1030 - CMSIS Pack Vendor :STMicroelectronics X-CUBE-GNSS1 6.0.0
2023-06-15 15:46:06,834 [INFO] ThirdParty:1030 - CMSIS Pack Vendor :STMicroelectronics USB_HOST 2.0.0
2023-06-15 15:46:06,834 [INFO] ThirdParty:1030 - CMSIS Pack Vendor :STMicroelectronics X-CUBE-AZRTOS-F4 1.1.0
2023-06-15 15:46:06,834 [INFO] ThirdParty:1030 - CMSIS Pack Vendor :STMicroelectronics LIBJPEG 8.0.0
2023-06-15 15:46:06,834 [INFO] ThirdParty:1030 - CMSIS Pack Vendor :STMicroelectronics X-CUBE-SMBUS 2.1.0
2023-06-15 15:46:06,835 [INFO] ThirdParty:1030 - CMSIS Pack Vendor :wolfSSL I-CUBE-wolfSSL 5.6.0
2023-06-15 15:46:06,835 [INFO] ThirdParty:1030 - CMSIS Pack Vendor :STMicroelectronics USB_DEVICE 3.0.0
2023-06-15 15:46:06,836 [INFO] ThirdParty:1030 - CMSIS Pack Vendor :STMicroelectronics X-CUBE-FREERTOS 1.0.1
2023-06-15 15:46:06,836 [INFO] ThirdParty:1030 - CMSIS Pack Vendor :STMicroelectronics X-CUBE-AZRTOS-F7 1.1.0
2023-06-15 15:46:06,836 [INFO] ThirdParty:1030 - CMSIS Pack Vendor :STMicroelectronics X-CUBE-TOUCHGFX 4.21.4
2023-06-15 15:46:06,836 [INFO] ThirdParty:1030 - CMSIS Pack Vendor :STMicroelectronics USB_DEVICE 2.0.0
2023-06-15 15:46:06,836 [INFO] ThirdParty:1030 - CMSIS Pack Vendor :STMicroelectronics X-CUBE-MEMS1 9.6.0
2023-06-15 15:46:06,837 [INFO] ThirdParty:1030 - CMSIS Pack Vendor :STMicroelectronics FP-SNS-MOTENV1 4.3.1
2023-06-15 15:46:06,837 [INFO] ThirdParty:1030 - CMSIS Pack Vendor :STMicroelectronics FP-SNS-FLIGHT1 5.0.1
2023-06-15 15:46:06,837 [INFO] ThirdParty:1030 - CMSIS Pack Vendor :STMicroelectronics X-CUBE-ALGOBUILD 1.3.0
2023-06-15 15:46:06,837 [INFO] ThirdParty:1030 - CMSIS Pack Vendor :STMicroelectronics X-CUBE-BLE1 6.2.4
2023-06-15 15:46:06,837 [INFO] ThirdParty:1030 - CMSIS Pack Vendor :STMicroelectronics X-CUBE-AZRTOS-L5 1.1.0
2023-06-15 15:46:06,838 [INFO] ThirdParty:1030 - CMSIS Pack Vendor :STMicroelectronics FreeRTOS 0.0.1
2023-06-15 15:46:06,838 [INFO] ThirdParty:1030 - CMSIS Pack Vendor :STMicroelectronics X-CUBE-AZRTOS-G0 1.1.0
2023-06-15 15:46:06,838 [INFO] ThirdParty:1030 - CMSIS Pack Vendor :emotas I-CUBE-CANOPEN 1.1.3
2023-06-15 15:46:06,838 [INFO] ThirdParty:1030 - CMSIS Pack Vendor :STMicroelectronics X-CUBE-BLEMGR 2.0.0
2023-06-15 15:46:06,838 [INFO] ThirdParty:1030 - CMSIS Pack Vendor :STMicroelectronics X-CUBE-AI 8.0.1
2023-06-15 15:46:06,839 [INFO] ThirdParty:1030 - CMSIS Pack Vendor :STMicroelectronics X-CUBE-NFC4 3.0.0
2023-06-15 15:46:06,839 [INFO] ThirdParty:1030 - CMSIS Pack Vendor :STMicroelectronics X-CUBE-SUBG2 5.0.0
2023-06-15 15:46:06,839 [INFO] ThirdParty:1030 - CMSIS Pack Vendor :STMicroelectronics STM32_WPAN 1.0.0
2023-06-15 15:46:06,839 [INFO] ThirdParty:1030 - CMSIS Pack Vendor :STMicroelectronics lwIP 2.0.3
2023-06-15 15:46:06,839 [INFO] ThirdParty:1030 - CMSIS Pack Vendor :STMicroelectronics USB_HOST 1.0.0
2023-06-15 15:46:06,839 [INFO] ThirdParty:1030 - CMSIS Pack Vendor :STMicroelectronics X-CUBE-AZRTOS-G4 2.0.0
2023-06-15 15:46:06,839 [INFO] ThirdParty:1030 - CMSIS Pack Vendor :STMicroelectronics PDM2PCM 3.1.0
2023-06-15 15:46:06,839 [INFO] ThirdParty:1030 - CMSIS Pack Vendor :STMicroelectronics X-CUBE-AZRTOS-H7 3.1.0
2023-06-15 15:46:06,839 [INFO] ThirdParty:1030 - CMSIS Pack Vendor :STMicroelectronics X-CUBE-TOF1 3.3.0
2023-06-15 15:46:06,840 [INFO] ThirdParty:1030 - CMSIS Pack Vendor :STMicroelectronics PDM2PCM 3.3.0
2023-06-15 15:46:06,840 [INFO] ThirdParty:1030 - CMSIS Pack Vendor :STMicroelectronics X-CUBE-DISPLAY 3.0.0
2023-06-15 15:46:06,840 [INFO] ThirdParty:1030 - CMSIS Pack Vendor :STMicroelectronics FP-ATR-SIGFOX1 3.2.0
2023-06-15 15:46:06,840 [INFO] ThirdParty:1030 - CMSIS Pack Vendor :STMicroelectronics HAL Drivers 0.0.0
2023-06-15 15:46:06,840 [INFO] ThirdParty:1030 - CMSIS Pack Vendor :STMicroelectronics MBEDTLS 2.16.2
2023-06-15 15:46:06,840 [INFO] ThirdParty:1030 - CMSIS Pack Vendor :STMicroelectronics MBEDTLS 2.14.1
2023-06-15 15:46:06,840 [INFO] ThirdParty:1030 - CMSIS Pack Vendor :STMicroelectronics X-CUBE-NFC7 1.0.0
2023-06-15 15:46:06,840 [INFO] ThirdParty:1030 - CMSIS Pack Vendor :STMicroelectronics X-CUBE-EEPRMA1 4.1.0
2023-06-15 15:46:06,840 [INFO] ThirdParty:1030 - CMSIS Pack Vendor :portGmbH I-Cube-SoM-uGOAL 1.1.0
2023-06-15 15:46:06,840 [INFO] ThirdParty:1030 - CMSIS Pack Vendor :STMicroelectronics X-CUBE-ALS 1.0.1
2023-06-15 15:46:06,840 [INFO] ThirdParty:1030 - CMSIS Pack Vendor :STMicroelectronics ThreadX 1.0.0
2023-06-15 15:46:06,840 [INFO] ThirdParty:1030 - CMSIS Pack Vendor :STMicroelectronics X-CUBE-AZRTOS-WB 1.1.0
2023-06-15 15:46:06,840 [INFO] ThirdParty:1030 - CMSIS Pack Vendor :STMicroelectronics X-CUBE-AZRTOS-WL 2.0.0
2023-06-15 15:46:06,840 [INFO] ThirdParty:1030 - CMSIS Pack Vendor :SEGGER I-CUBE-embOS 1.3.1
2023-06-15 15:46:06,840 [INFO] ThirdParty:1030 - CMSIS Pack Vendor :STMicroelectronics USB_DEVICE 1.0.0
2023-06-15 15:46:06,840 [INFO] ThirdParty:1030 - CMSIS Pack Vendor :STMicroelectronics X-CUBE-AZRTOS-L4 2.0.0
2023-06-15 15:46:06,840 [INFO] ThirdParty:1030 - CMSIS Pack Vendor :STMicroelectronics ThreadX 0.0.2
2023-06-15 15:46:06,840 [INFO] ThirdParty:1030 - CMSIS Pack Vendor :WES I-CUBE-Cesium 1.3.0
2023-06-15 15:46:06,840 [INFO] ThirdParty:1030 - CMSIS Pack Vendor :STMicroelectronics FP-ATR-ASTRA1 2.0.0
2023-06-15 15:46:06,840 [INFO] ThirdParty:1030 - CMSIS Pack Vendor :STMicroelectronics lwIP 2.1.2
2023-06-15 15:46:06,840 [INFO] ThirdParty:1030 - CMSIS Pack Vendor :STMicroelectronics X-CUBE-SFXS2LP1 4.0.0
2023-06-15 15:46:06,840 [INFO] ThirdParty:1030 - CMSIS Pack Vendor :STMicroelectronics X-CUBE-BLE2 3.3.0
2023-06-15 15:46:06,840 [INFO] ThirdParty:1030 - CMSIS Pack Vendor :STMicroelectronics PDM2PCM 3.2.0
2023-06-15 15:46:06,841 [INFO] ThirdParty:841 - exiting critical section [change project]
2023-06-15 15:46:07,244 [INFO] PinOutPanel:1499 - setPackage(No Configuration,No Configuration)
2023-06-15 15:46:07,245 [INFO] PinOutPanel:1499 - setPackage(STM32F407VGTx,LQFP100)
2023-06-15 15:46:07,791 [INFO] UtilMem:75 - Before build in PCC Used Memory: 498936800 Bytes (588251136)
2023-06-15 15:46:08,634 [INFO] UtilMem:75 - After build in PCC Used Memory: 518451536 Bytes (588251136)
2023-06-15 15:46:08,656 [INFO] IPUIPlugin:80 - create IPUIPlugin
2023-06-15 15:46:08,656 [INFO] IPUIPlugin:80 - create IPUIPlugin
2023-06-15 15:46:08,656 [INFO] IPUIPlugin:80 - create IPUIPlugin
2023-06-15 15:46:08,657 [INFO] IPUIPlugin:80 - create IPUIPlugin
2023-06-15 15:46:08,657 [INFO] IPUIPlugin:80 - create IPUIPlugin
2023-06-15 15:46:08,657 [INFO] IPUIPlugin:80 - create IPUIPlugin
2023-06-15 15:46:08,657 [INFO] IPUIPlugin:80 - create IPUIPlugin
2023-06-15 15:46:08,658 [INFO] IPUIPlugin:80 - create IPUIPlugin
2023-06-15 15:46:08,658 [INFO] IPUIPlugin:80 - create IPUIPlugin
2023-06-15 15:46:08,658 [INFO] IPUIPlugin:80 - create IPUIPlugin
2023-06-15 15:46:08,658 [INFO] IPUIPlugin:80 - create IPUIPlugin
2023-06-15 15:46:08,658 [INFO] IPUIPlugin:80 - create IPUIPlugin
2023-06-15 15:46:08,658 [INFO] IPUIPlugin:80 - create IPUIPlugin
2023-06-15 15:46:08,659 [INFO] IPUIPlugin:80 - create IPUIPlugin
2023-06-15 15:46:08,659 [INFO] IPUIPlugin:80 - create IPUIPlugin
2023-06-15 15:46:08,659 [INFO] IPUIPlugin:80 - create IPUIPlugin
2023-06-15 15:46:08,659 [INFO] IPUIPlugin:80 - create IPUIPlugin
2023-06-15 15:46:08,660 [INFO] IPUIPlugin:80 - create IPUIPlugin
2023-06-15 15:46:08,660 [INFO] IPUIPlugin:80 - create IPUIPlugin
2023-06-15 15:46:08,660 [INFO] IPUIPlugin:80 - create IPUIPlugin
2023-06-15 15:46:08,660 [INFO] IPUIPlugin:80 - create IPUIPlugin
2023-06-15 15:46:08,661 [INFO] IPUIPlugin:80 - create IPUIPlugin
2023-06-15 15:46:08,661 [INFO] IPUIPlugin:80 - create IPUIPlugin
2023-06-15 15:46:08,661 [INFO] IPUIPlugin:80 - create IPUIPlugin
2023-06-15 15:46:08,662 [INFO] IPUIPlugin:80 - create IPUIPlugin
2023-06-15 15:46:08,662 [INFO] IPUIPlugin:80 - create IPUIPlugin
2023-06-15 15:46:08,662 [INFO] IPUIPlugin:80 - create IPUIPlugin
2023-06-15 15:46:08,662 [INFO] IPUIPlugin:80 - create IPUIPlugin
2023-06-15 15:46:08,662 [INFO] IPUIPlugin:80 - create IPUIPlugin
2023-06-15 15:46:08,662 [INFO] IPUIPlugin:80 - create IPUIPlugin
2023-06-15 15:46:08,663 [INFO] IPUIPlugin:80 - create IPUIPlugin
2023-06-15 15:46:08,663 [INFO] IPUIPlugin:80 - create IPUIPlugin
2023-06-15 15:46:08,663 [INFO] IPUIPlugin:80 - create IPUIPlugin
2023-06-15 15:46:08,664 [INFO] IPUIPlugin:80 - create IPUIPlugin
2023-06-15 15:46:08,664 [INFO] IPUIPlugin:80 - create IPUIPlugin
2023-06-15 15:46:08,664 [INFO] IPUIPlugin:80 - create IPUIPlugin
2023-06-15 15:46:08,664 [INFO] IPUIPlugin:80 - create IPUIPlugin
2023-06-15 15:46:08,665 [INFO] IPUIPlugin:80 - create IPUIPlugin
2023-06-15 15:46:08,665 [INFO] IPUIPlugin:80 - create IPUIPlugin
2023-06-15 15:46:08,665 [INFO] IPUIPlugin:80 - create IPUIPlugin
2023-06-15 15:46:08,665 [INFO] IPUIPlugin:80 - create IPUIPlugin
2023-06-15 15:46:08,666 [INFO] IPUIPlugin:80 - create IPUIPlugin
2023-06-15 15:46:08,666 [INFO] IPUIPlugin:80 - create IPUIPlugin
2023-06-15 15:46:08,666 [INFO] IPUIPlugin:80 - create IPUIPlugin
2023-06-15 15:46:08,667 [INFO] IPUIPlugin:80 - create IPUIPlugin
2023-06-15 15:46:08,667 [INFO] IPUIPlugin:80 - create IPUIPlugin
2023-06-15 15:46:08,667 [INFO] IPUIPlugin:80 - create IPUIPlugin
2023-06-15 15:46:08,667 [INFO] IPUIPlugin:80 - create IPUIPlugin
2023-06-15 15:46:08,667 [INFO] IPUIPlugin:80 - create IPUIPlugin
2023-06-15 15:46:08,667 [INFO] IPUIPlugin:80 - create IPUIPlugin
2023-06-15 15:46:08,668 [INFO] IPUIPlugin:80 - create IPUIPlugin
2023-06-15 15:46:08,668 [INFO] IPUIPlugin:80 - create IPUIPlugin
2023-06-15 15:46:08,669 [INFO] IPUIPlugin:80 - create IPUIPlugin
2023-06-15 15:46:08,669 [INFO] IPUIPlugin:80 - create IPUIPlugin
2023-06-15 15:46:08,671 [INFO] IPUIPlugin:80 - create IPUIPlugin
2023-06-15 15:46:08,671 [INFO] IPUIPlugin:80 - create IPUIPlugin
2023-06-15 15:46:08,672 [INFO] IPUIPlugin:80 - create IPUIPlugin
2023-06-15 15:46:08,672 [INFO] IPUIPlugin:80 - create IPUIPlugin
2023-06-15 15:46:08,747 [INFO] ApiDbMcu:507 - Load IP Config File for PDM2PCM
2023-06-15 15:46:08,936 [INFO] CADModel:165 - CPN selected for project levelSTM32F407VGT6
2023-06-15 15:46:08,937 [INFO] CADModel:114 - Register for checkConnection events
2023-06-15 15:46:08,984 [INFO] OpenFileManager:328 - Restore cursor
2023-06-15 15:46:09,991 [INFO] UtilMem:75 - End SaveConfig() Used Memory: 511849592 Bytes (588251136)
2023-06-15 15:46:10,030 [INFO] UtilMem:75 - End SaveConfig() Used Memory: 508200688 Bytes (588251136)
2023-06-15 15:46:10,450 [INFO] BlockDiagram:2759 - set Specific Code input for plugin: RCC
2023-06-15 15:46:10,451 [INFO] BlockDiagram:2759 - set Specific Code input for plugin: NVIC
2023-06-15 15:46:10,452 [INFO] CodeGenerator:793 - code generatio: config db path: C:\ST\STM32CubeIDE_1.12.1\STM32CubeIDE\plugins\com.st.stm32cube.common.mx_6.8.1.202304191431\\db\
2023-06-15 15:46:10,732 [INFO] CodeEngine:255 - oldGeneratedFile, C:\Users\tanda\Desktop\Sensor\Code_RF_Matlab_V1\MXTmpFiles\license.tmp_save
2023-06-15 15:46:11,192 [INFO] CodeEngine:279 - Generated code: C:\Users\tanda\Desktop\Sensor\Code_RF_Matlab_V1\MXTmpFiles\license.tmp
2023-06-15 15:46:11,211 [INFO] CodeEngine:255 - oldGeneratedFile, C:\Users\tanda\Desktop\Sensor\Code_RF_Matlab_V1\Core\Src\stm32f4xx_it.c_save
2023-06-15 15:46:11,369 [INFO] CodeEngine:279 - Generated code: C:\Users\tanda\Desktop\Sensor\Code_RF_Matlab_V1\Core\Src\stm32f4xx_it.c
2023-06-15 15:46:11,377 [INFO] CodeEngine:255 - oldGeneratedFile, C:\Users\tanda\Desktop\Sensor\Code_RF_Matlab_V1\Core\Inc\stm32f4xx_it.h_save
2023-06-15 15:46:11,464 [INFO] CodeEngine:279 - Generated code: C:\Users\tanda\Desktop\Sensor\Code_RF_Matlab_V1\Core\Inc\stm32f4xx_it.h
2023-06-15 15:46:11,549 [INFO] CodeEngine:255 - oldGeneratedFile, C:\Users\tanda\Desktop\Sensor\Code_RF_Matlab_V1\Core\Src\stm32f4xx_hal_msp.c_save
2023-06-15 15:46:11,651 [INFO] CodeEngine:279 - Generated code: C:\Users\tanda\Desktop\Sensor\Code_RF_Matlab_V1\Core\Src\stm32f4xx_hal_msp.c
2023-06-15 15:46:11,660 [INFO] CodeEngine:255 - oldGeneratedFile, C:\Users\tanda\Desktop\Sensor\Code_RF_Matlab_V1\MXTmpFiles\system.tmp_save
2023-06-15 15:46:11,745 [INFO] CodeEngine:279 - Generated code: C:\Users\tanda\Desktop\Sensor\Code_RF_Matlab_V1\MXTmpFiles\system.tmp
2023-06-15 15:46:11,757 [INFO] CodeEngine:311 - oldGeneratedFile, C:\Users\tanda\Desktop\Sensor\Code_RF_Matlab_V1\Core\Inc\stm32f4xx_hal_conf.h_save
2023-06-15 15:46:11,885 [INFO] CodeEngine:335 - Generated code: C:\Users\tanda\Desktop\Sensor\Code_RF_Matlab_V1\Core\Inc\stm32f4xx_hal_conf.h
2023-06-15 15:46:11,947 [INFO] CodeEngine:255 - oldGeneratedFile, C:\Users\tanda\Desktop\Sensor\Code_RF_Matlab_V1\Core\Inc\main.h_save
2023-06-15 15:46:12,028 [INFO] CodeEngine:279 - Generated code: C:\Users\tanda\Desktop\Sensor\Code_RF_Matlab_V1\Core\Inc\main.h
2023-06-15 15:46:12,036 [INFO] CodeEngine:255 - oldGeneratedFile, C:\Users\tanda\Desktop\Sensor\Code_RF_Matlab_V1\Core\Src\main.c_save
2023-06-15 15:46:12,139 [INFO] CodeEngine:279 - Generated code: C:\Users\tanda\Desktop\Sensor\Code_RF_Matlab_V1\Core\Src\main.c
2023-06-15 15:46:12,612 [INFO] ProjectBuilder:2996 - Time for Copy HAL[1] : 83mS.
2023-06-15 15:46:12,618 [INFO] ProjectBuilder:4304 - Project Generator version: 3.19.2
2023-06-15 15:46:12,861 [INFO] ConfigFileManager:1483 - The Die is : DIE413
2023-06-15 15:46:12,904 [INFO] ApiDbMcu:507 - Load IP Config File for FATFS
2023-06-15 15:46:12,916 [INFO] ApiDbMcu:507 - Load IP Config File for FREERTOS
2023-06-15 15:46:12,924 [INFO] ApiDbMcu:507 - Load IP Config File for LIBJPEG
2023-06-15 15:46:12,935 [INFO] ApiDbMcu:507 - Load IP Config File for LWIP
2023-06-15 15:46:12,947 [INFO] ApiDbMcu:507 - Load IP Config File for MBEDTLS
2023-06-15 15:46:12,963 [INFO] ApiDbMcu:507 - Load IP Config File for USB_DEVICE
2023-06-15 15:46:12,972 [INFO] ApiDbMcu:507 - Load IP Config File for USB_HOST
2023-06-15 15:46:13,679 [INFO] LogOutputStream:77 - [STDOUT_REDIRECT] 
2023-06-15 15:46:15,279 [INFO] ProjectBuilder:4505 - Time for Generating toolchain IDE Files: 2660mS.
2023-06-15 15:46:15,280 [INFO] ProjectBuilder:2867 - Time for Copy CMSIS : 1mS.
2023-06-15 15:46:15,283 [INFO] ProjectBuilder:2867 - Time for Copy CMSIS : 0mS.
2023-06-15 15:46:16,215 [INFO] McuFinderGlobals:66 - Set McuFinderConnectedMode to true
2023-06-15 15:46:16,216 [INFO] ApiDb:448 - Save user favorites file C:\Users\tanda/.stm32cubeide/favorites.mcus.txt: 0 item(s)
2023-06-15 15:46:16,216 [INFO] ApiDb:452 - User favorites MCUs=[]
2023-06-15 15:47:23,129 [INFO] NvicIntPanel:101 - NVIC parent = com.st.microxplorer.plugins.ip.nvic.MultiNvicIntPanel[,0,0,0x0,invalid,layout=javax.swing.BoxLayout,alignmentX=0.0,alignmentY=0.0,border=,flags=9,maximumSize=,minimumSize=,preferredSize=]
2023-06-15 15:47:23,179 [INFO] NvicIntPanel:101 - NVIC parent = com.st.microxplorer.plugins.ip.nvic.MultiNvicIntPanel[,0,0,0x0,invalid,layout=javax.swing.BoxLayout,alignmentX=0.0,alignmentY=0.0,border=,flags=9,maximumSize=,minimumSize=,preferredSize=]
2023-06-15 15:48:10,458 [INFO] UtilMem:75 - End SaveConfig() Used Memory: 746297896 Bytes (890241024)
2023-06-15 15:48:10,573 [INFO] UtilMem:75 - End SaveConfig() Used Memory: 773560872 Bytes (890241024)
2023-06-15 15:48:10,711 [INFO] BlockDiagram:2759 - set Specific Code input for plugin: SPI
2023-06-15 15:48:10,711 [INFO] BlockDiagram:2759 - set Specific Code input for plugin: SYS
2023-06-15 15:48:10,711 [INFO] BlockDiagram:2759 - set Specific Code input for plugin: RCC
2023-06-15 15:48:10,711 [INFO] BlockDiagram:2759 - set Specific Code input for plugin: NVIC
2023-06-15 15:48:10,711 [INFO] BlockDiagram:2759 - set Specific Code input for plugin: USART
2023-06-15 15:48:10,712 [INFO] BlockDiagram:2759 - set Specific Code input for plugin: GPIO
2023-06-15 15:48:10,712 [INFO] CodeGenerator:793 - code generatio: config db path: C:\ST\STM32CubeIDE_1.12.1\STM32CubeIDE\plugins\com.st.stm32cube.common.mx_6.8.1.202304191431\\db\
2023-06-15 15:48:10,783 [INFO] CodeEngine:255 - oldGeneratedFile, C:\Users\tanda\Desktop\Sensor\Code_RF_Matlab_V1\MXTmpFiles\license.tmp_save
2023-06-15 15:48:10,841 [INFO] CodeEngine:279 - Generated code: C:\Users\tanda\Desktop\Sensor\Code_RF_Matlab_V1\MXTmpFiles\license.tmp
2023-06-15 15:48:10,880 [INFO] CodeEngine:255 - oldGeneratedFile, C:\Users\tanda\Desktop\Sensor\Code_RF_Matlab_V1\MXTmpFiles\gpio.tmp_save
2023-06-15 15:48:10,935 [INFO] CodeEngine:279 - Generated code: C:\Users\tanda\Desktop\Sensor\Code_RF_Matlab_V1\MXTmpFiles\gpio.tmp
2023-06-15 15:48:11,009 [INFO] CodeEngine:255 - oldGeneratedFile, C:\Users\tanda\Desktop\Sensor\Code_RF_Matlab_V1\Core\Src\stm32f4xx_it.c_save
2023-06-15 15:48:11,068 [INFO] CodeEngine:279 - Generated code: C:\Users\tanda\Desktop\Sensor\Code_RF_Matlab_V1\Core\Src\stm32f4xx_it.c
2023-06-15 15:48:11,076 [INFO] CodeEngine:255 - oldGeneratedFile, C:\Users\tanda\Desktop\Sensor\Code_RF_Matlab_V1\Core\Inc\stm32f4xx_it.h_save
2023-06-15 15:48:11,119 [INFO] CodeEngine:279 - Generated code: C:\Users\tanda\Desktop\Sensor\Code_RF_Matlab_V1\Core\Inc\stm32f4xx_it.h
2023-06-15 15:48:11,129 [INFO] CodeEngine:255 - oldGeneratedFile, C:\Users\tanda\Desktop\Sensor\Code_RF_Matlab_V1\Core\Src\stm32f4xx_hal_msp.c_save
2023-06-15 15:48:11,196 [INFO] CodeEngine:279 - Generated code: C:\Users\tanda\Desktop\Sensor\Code_RF_Matlab_V1\Core\Src\stm32f4xx_hal_msp.c
2023-06-15 15:48:11,199 [INFO] CodeEngine:255 - oldGeneratedFile, C:\Users\tanda\Desktop\Sensor\Code_RF_Matlab_V1\MXTmpFiles\system.tmp_save
2023-06-15 15:48:11,237 [INFO] CodeEngine:279 - Generated code: C:\Users\tanda\Desktop\Sensor\Code_RF_Matlab_V1\MXTmpFiles\system.tmp
2023-06-15 15:48:11,245 [INFO] CodeEngine:311 - oldGeneratedFile, C:\Users\tanda\Desktop\Sensor\Code_RF_Matlab_V1\Core\Inc\stm32f4xx_hal_conf.h_save
2023-06-15 15:48:11,298 [INFO] CodeEngine:335 - Generated code: C:\Users\tanda\Desktop\Sensor\Code_RF_Matlab_V1\Core\Inc\stm32f4xx_hal_conf.h
2023-06-15 15:48:11,325 [INFO] CodeEngine:255 - oldGeneratedFile, C:\Users\tanda\Desktop\Sensor\Code_RF_Matlab_V1\Core\Inc\main.h_save
2023-06-15 15:48:11,376 [INFO] CodeEngine:279 - Generated code: C:\Users\tanda\Desktop\Sensor\Code_RF_Matlab_V1\Core\Inc\main.h
2023-06-15 15:48:11,383 [INFO] CodeEngine:255 - oldGeneratedFile, C:\Users\tanda\Desktop\Sensor\Code_RF_Matlab_V1\Core\Src\main.c_save
2023-06-15 15:48:11,466 [INFO] CodeEngine:279 - Generated code: C:\Users\tanda\Desktop\Sensor\Code_RF_Matlab_V1\Core\Src\main.c
2023-06-15 15:48:11,724 [INFO] ProjectBuilder:2996 - Time for Copy HAL[1] : 74mS.
2023-06-15 15:48:11,751 [INFO] ProjectBuilder:4304 - Project Generator version: 3.19.2
2023-06-15 15:48:11,974 [INFO] ConfigFileManager:1483 - The Die is : DIE413
2023-06-15 15:48:13,006 [INFO] ProjectBuilder:4505 - Time for Generating toolchain IDE Files: 1254mS.
2023-06-15 15:48:13,006 [INFO] ProjectBuilder:2867 - Time for Copy CMSIS : 0mS.
2023-06-15 15:48:13,008 [INFO] ProjectBuilder:2867 - Time for Copy CMSIS : 0mS.
2023-06-15 15:48:24,386 [INFO] UtilMem:75 - End SaveConfig() Used Memory: 576963152 Bytes (893386752)
2023-06-15 15:48:24,486 [INFO] UtilMem:75 - End SaveConfig() Used Memory: 602787320 Bytes (893386752)
2023-06-15 15:48:24,638 [INFO] BlockDiagram:2759 - set Specific Code input for plugin: SPI
2023-06-15 15:48:24,638 [INFO] BlockDiagram:2759 - set Specific Code input for plugin: SYS
2023-06-15 15:48:24,638 [INFO] BlockDiagram:2759 - set Specific Code input for plugin: RCC
2023-06-15 15:48:24,638 [INFO] BlockDiagram:2759 - set Specific Code input for plugin: NVIC
2023-06-15 15:48:24,638 [INFO] BlockDiagram:2759 - set Specific Code input for plugin: USART
2023-06-15 15:48:24,639 [INFO] BlockDiagram:2759 - set Specific Code input for plugin: GPIO
2023-06-15 15:48:24,639 [INFO] CodeGenerator:793 - code generatio: config db path: C:\ST\STM32CubeIDE_1.12.1\STM32CubeIDE\plugins\com.st.stm32cube.common.mx_6.8.1.202304191431\\db\
2023-06-15 15:48:24,748 [INFO] CodeEngine:255 - oldGeneratedFile, C:\Users\tanda\Desktop\Sensor\Code_RF_Matlab_V1\MXTmpFiles\license.tmp_save
2023-06-15 15:48:24,808 [INFO] CodeEngine:279 - Generated code: C:\Users\tanda\Desktop\Sensor\Code_RF_Matlab_V1\MXTmpFiles\license.tmp
2023-06-15 15:48:24,823 [INFO] CodeEngine:255 - oldGeneratedFile, C:\Users\tanda\Desktop\Sensor\Code_RF_Matlab_V1\Core\Src\gpio.c_save
2023-06-15 15:48:24,874 [INFO] CodeEngine:279 - Generated code: C:\Users\tanda\Desktop\Sensor\Code_RF_Matlab_V1\Core\Src\gpio.c
2023-06-15 15:48:24,881 [INFO] CodeEngine:255 - oldGeneratedFile, C:\Users\tanda\Desktop\Sensor\Code_RF_Matlab_V1\Core\Inc\gpio.h_save
2023-06-15 15:48:24,921 [INFO] CodeEngine:279 - Generated code: C:\Users\tanda\Desktop\Sensor\Code_RF_Matlab_V1\Core\Inc\gpio.h
2023-06-15 15:48:24,962 [INFO] CodeEngine:255 - oldGeneratedFile, C:\Users\tanda\Desktop\Sensor\Code_RF_Matlab_V1\Core\Src\spi.c_save
2023-06-15 15:48:25,042 [INFO] CodeEngine:279 - Generated code: C:\Users\tanda\Desktop\Sensor\Code_RF_Matlab_V1\Core\Src\spi.c
2023-06-15 15:48:25,050 [INFO] CodeEngine:255 - oldGeneratedFile, C:\Users\tanda\Desktop\Sensor\Code_RF_Matlab_V1\Core\Inc\spi.h_save
2023-06-15 15:48:25,093 [INFO] CodeEngine:279 - Generated code: C:\Users\tanda\Desktop\Sensor\Code_RF_Matlab_V1\Core\Inc\spi.h
2023-06-15 15:48:25,097 [INFO] CodeEngine:255 - oldGeneratedFile, C:\Users\tanda\Desktop\Sensor\Code_RF_Matlab_V1\Core\Src\usart.c_save
2023-06-15 15:48:25,164 [INFO] CodeEngine:279 - Generated code: C:\Users\tanda\Desktop\Sensor\Code_RF_Matlab_V1\Core\Src\usart.c
2023-06-15 15:48:25,166 [INFO] CodeEngine:255 - oldGeneratedFile, C:\Users\tanda\Desktop\Sensor\Code_RF_Matlab_V1\Core\Inc\usart.h_save
2023-06-15 15:48:25,204 [INFO] CodeEngine:279 - Generated code: C:\Users\tanda\Desktop\Sensor\Code_RF_Matlab_V1\Core\Inc\usart.h
2023-06-15 15:48:25,213 [INFO] CodeEngine:255 - oldGeneratedFile, C:\Users\tanda\Desktop\Sensor\Code_RF_Matlab_V1\Core\Src\stm32f4xx_it.c_save
2023-06-15 15:48:25,250 [INFO] CodeEngine:279 - Generated code: C:\Users\tanda\Desktop\Sensor\Code_RF_Matlab_V1\Core\Src\stm32f4xx_it.c
2023-06-15 15:48:25,256 [INFO] CodeEngine:255 - oldGeneratedFile, C:\Users\tanda\Desktop\Sensor\Code_RF_Matlab_V1\Core\Inc\stm32f4xx_it.h_save
2023-06-15 15:48:25,288 [INFO] CodeEngine:279 - Generated code: C:\Users\tanda\Desktop\Sensor\Code_RF_Matlab_V1\Core\Inc\stm32f4xx_it.h
2023-06-15 15:48:25,296 [INFO] CodeEngine:255 - oldGeneratedFile, C:\Users\tanda\Desktop\Sensor\Code_RF_Matlab_V1\Core\Src\stm32f4xx_hal_msp.c_save
2023-06-15 15:48:25,339 [INFO] CodeEngine:279 - Generated code: C:\Users\tanda\Desktop\Sensor\Code_RF_Matlab_V1\Core\Src\stm32f4xx_hal_msp.c
2023-06-15 15:48:25,341 [INFO] CodeEngine:255 - oldGeneratedFile, C:\Users\tanda\Desktop\Sensor\Code_RF_Matlab_V1\MXTmpFiles\system.tmp_save
2023-06-15 15:48:25,373 [INFO] CodeEngine:279 - Generated code: C:\Users\tanda\Desktop\Sensor\Code_RF_Matlab_V1\MXTmpFiles\system.tmp
2023-06-15 15:48:25,382 [INFO] CodeEngine:311 - oldGeneratedFile, C:\Users\tanda\Desktop\Sensor\Code_RF_Matlab_V1\Core\Inc\stm32f4xx_hal_conf.h_save
2023-06-15 15:48:25,431 [INFO] CodeEngine:335 - Generated code: C:\Users\tanda\Desktop\Sensor\Code_RF_Matlab_V1\Core\Inc\stm32f4xx_hal_conf.h
2023-06-15 15:48:25,453 [INFO] CodeEngine:255 - oldGeneratedFile, C:\Users\tanda\Desktop\Sensor\Code_RF_Matlab_V1\Core\Inc\main.h_save
2023-06-15 15:48:25,500 [INFO] CodeEngine:279 - Generated code: C:\Users\tanda\Desktop\Sensor\Code_RF_Matlab_V1\Core\Inc\main.h
2023-06-15 15:48:25,509 [INFO] CodeEngine:255 - oldGeneratedFile, C:\Users\tanda\Desktop\Sensor\Code_RF_Matlab_V1\Core\Src\main.c_save
2023-06-15 15:48:25,563 [INFO] CodeEngine:279 - Generated code: C:\Users\tanda\Desktop\Sensor\Code_RF_Matlab_V1\Core\Src\main.c
2023-06-15 15:48:25,915 [INFO] ProjectBuilder:2996 - Time for Copy HAL[1] : 78mS.
2023-06-15 15:48:25,916 [INFO] ProjectBuilder:4304 - Project Generator version: 3.19.2
2023-06-15 15:48:26,045 [INFO] ConfigFileManager:1483 - The Die is : DIE413
2023-06-15 15:48:26,813 [INFO] ProjectBuilder:4505 - Time for Generating toolchain IDE Files: 897mS.
2023-06-15 15:48:26,813 [INFO] ProjectBuilder:2867 - Time for Copy CMSIS : 0mS.
2023-06-15 15:48:26,814 [INFO] ProjectBuilder:2867 - Time for Copy CMSIS : 0mS.
